DEB [20170605-17:57:53.502] thr=3   paramiko.transport: starting thread (client mode): 0x77bc45c0
DEB [20170605-17:57:53.502] thr=3   paramiko.transport: Local version/idstring: SSH-2.0-paramiko_2.1.2
DEB [20170605-17:57:53.514] thr=3   paramiko.transport: Remote version/idstring: SSH-2.0-OpenSSH_5.3
INF [20170605-17:57:53.514] thr=3   paramiko.transport: Connected (version 2.0, client OpenSSH_5.3)
DEB [20170605-17:57:53.523] thr=3   paramiko.transport: kex algos:['diffie-hellman-group-exchange-sha256', 'diffie-hellman-group-exchange-sha1', 'diffie-hellman-group14-sha1', 'diffie-hellman-group1-sha1'] server key:['ssh-rsa', 'ssh-dss'] client encrypt:['aes128-ctr', 'aes192-ctr', 'aes256-ctr', 'arcfour256', 'arcfour128', 'aes128-cbc', '3des-cbc', 'blowfish-cbc', 'cast128-cbc', 'aes192-cbc', 'aes256-cbc', 'arcfour', 'rijndael-cbc@lysator.liu.se'] server encrypt:['aes128-ctr', 'aes192-ctr', 'aes256-ctr', 'arcfour256', 'arcfour128', 'aes128-cbc', '3des-cbc', 'blowfish-cbc', 'cast128-cbc', 'aes192-cbc', 'aes256-cbc', 'arcfour', 'rijndael-cbc@lysator.liu.se'] client mac:['hmac-md5', 'hmac-sha1', 'umac-64@openssh.com', 'hmac-sha2-256', 'hmac-sha2-512', 'hmac-ripemd160', 'hmac-ripemd160@openssh.com', 'hmac-sha1-96', 'hmac-md5-96'] server mac:['hmac-md5', 'hmac-sha1', 'umac-64@openssh.com', 'hmac-sha2-256', 'hmac-sha2-512', 'hmac-ripemd160', 'hmac-ripemd160@openssh.com', 'hmac-sha1-96', 'hmac-md5-96'] client compress:['none', 'zlib@openssh.com'] server compress:['none', 'zlib@openssh.com'] client lang:[''] server lang:[''] kex follows?False
DEB [20170605-17:57:53.524] thr=3   paramiko.transport: Kex agreed: diffie-hellman-group1-sha1
DEB [20170605-17:57:53.524] thr=3   paramiko.transport: Cipher agreed: aes128-ctr
DEB [20170605-17:57:53.524] thr=3   paramiko.transport: MAC agreed: hmac-sha2-256
DEB [20170605-17:57:53.524] thr=3   paramiko.transport: Compression agreed: none
DEB [20170605-17:57:53.545] thr=3   paramiko.transport: kex engine KexGroup1 specified hash_algo <built-in function openssl_sha1>
DEB [20170605-17:57:53.545] thr=3   paramiko.transport: Switch to new keys ...
DEB [20170605-17:57:53.546] thr=2   paramiko.transport: Adding ssh-rsa host key for 120.76.168.28: b'368f1d0922e7f78f9e4f3d54ea61d6e1'
DEB [20170605-17:57:53.600] thr=3   paramiko.transport: userauth is OK
INF [20170605-17:57:53.636] thr=3   paramiko.transport: Authentication (password) successful!
DEB [20170605-17:57:53.637] thr=2   paramiko.transport: [chan 0] Max packet in: 32768 bytes
DEB [20170605-17:57:53.645] thr=3   paramiko.transport: [chan 0] Max packet out: 32768 bytes
DEB [20170605-17:57:53.645] thr=3   paramiko.transport: Secsh channel 0 opened.
DEB [20170605-17:57:53.653] thr=3   paramiko.transport: [chan 0] Sesch channel 0 request ok
DEB [20170605-17:57:53.690] thr=3   paramiko.transport: [chan 0] EOF received (0)
DEB [20170605-17:57:53.700] thr=4   paramiko.transport: starting thread (client mode): 0x77bc4ac8
DEB [20170605-17:57:53.701] thr=4   paramiko.transport: Local version/idstring: SSH-2.0-paramiko_2.1.2
DEB [20170605-17:57:53.714] thr=4   paramiko.transport: Remote version/idstring: SSH-2.0-OpenSSH_5.3
INF [20170605-17:57:53.715] thr=4   paramiko.transport: Connected (version 2.0, client OpenSSH_5.3)
DEB [20170605-17:57:53.726] thr=4   paramiko.transport: kex algos:['diffie-hellman-group-exchange-sha256', 'diffie-hellman-group-exchange-sha1', 'diffie-hellman-group14-sha1', 'diffie-hellman-group1-sha1'] server key:['ssh-rsa', 'ssh-dss'] client encrypt:['aes128-ctr', 'aes192-ctr', 'aes256-ctr', 'arcfour256', 'arcfour128', 'aes128-cbc', '3des-cbc', 'blowfish-cbc', 'cast128-cbc', 'aes192-cbc', 'aes256-cbc', 'arcfour', 'rijndael-cbc@lysator.liu.se'] server encrypt:['aes128-ctr', 'aes192-ctr', 'aes256-ctr', 'arcfour256', 'arcfour128', 'aes128-cbc', '3des-cbc', 'blowfish-cbc', 'cast128-cbc', 'aes192-cbc', 'aes256-cbc', 'arcfour', 'rijndael-cbc@lysator.liu.se'] client mac:['hmac-md5', 'hmac-sha1', 'umac-64@openssh.com', 'hmac-sha2-256', 'hmac-sha2-512', 'hmac-ripemd160', 'hmac-ripemd160@openssh.com', 'hmac-sha1-96', 'hmac-md5-96'] server mac:['hmac-md5', 'hmac-sha1', 'umac-64@openssh.com', 'hmac-sha2-256', 'hmac-sha2-512', 'hmac-ripemd160', 'hmac-ripemd160@openssh.com', 'hmac-sha1-96', 'hmac-md5-96'] client compress:['none', 'zlib@openssh.com'] server compress:['none', 'zlib@openssh.com'] client lang:[''] server lang:[''] kex follows?False
DEB [20170605-17:57:53.727] thr=4   paramiko.transport: Kex agreed: diffie-hellman-group1-sha1
DEB [20170605-17:57:53.727] thr=4   paramiko.transport: Cipher agreed: aes128-ctr
DEB [20170605-17:57:53.727] thr=4   paramiko.transport: MAC agreed: hmac-sha2-256
DEB [20170605-17:57:53.727] thr=4   paramiko.transport: Compression agreed: none
DEB [20170605-17:57:53.752] thr=4   paramiko.transport: kex engine KexGroup1 specified hash_algo <built-in function openssl_sha1>
DEB [20170605-17:57:53.753] thr=4   paramiko.transport: Switch to new keys ...
DEB [20170605-17:57:53.753] thr=2   paramiko.transport: Adding ssh-rsa host key for 120.76.168.28: b'368f1d0922e7f78f9e4f3d54ea61d6e1'
DEB [20170605-17:57:53.810] thr=4   paramiko.transport: userauth is OK
INF [20170605-17:57:53.849] thr=4   paramiko.transport: Authentication (password) successful!
DEB [20170605-17:57:53.850] thr=2   paramiko.transport: [chan 0] Max packet in: 32768 bytes
DEB [20170605-17:57:53.860] thr=4   paramiko.transport: [chan 0] Max packet out: 32768 bytes
DEB [20170605-17:57:53.860] thr=4   paramiko.transport: Secsh channel 0 opened.
DEB [20170605-17:57:53.873] thr=4   paramiko.transport: [chan 0] Sesch channel 0 request ok
DEB [20170605-17:57:53.880] thr=4   paramiko.transport: [chan 0] EOF received (0)
DEB [20170605-17:57:53.881] thr=2   paramiko.transport: [chan 1] Max packet in: 32768 bytes
DEB [20170605-17:57:53.882] thr=4   paramiko.transport: [chan 0] EOF sent (0)
DEB [20170605-17:57:53.893] thr=4   paramiko.transport: [chan 1] Max packet out: 32768 bytes
DEB [20170605-17:57:53.893] thr=4   paramiko.transport: Secsh channel 1 opened.
DEB [20170605-17:57:53.953] thr=4   paramiko.transport: [chan 1] Sesch channel 1 request ok
DEB [20170605-17:57:53.966] thr=4   paramiko.transport: [chan 1] EOF received (1)
DEB [20170605-17:57:53.967] thr=2   paramiko.transport: [chan 2] Max packet in: 32768 bytes
DEB [20170605-17:57:53.967] thr=4   paramiko.transport: [chan 1] EOF sent (1)
DEB [20170605-17:57:53.981] thr=4   paramiko.transport: [chan 2] Max packet out: 32768 bytes
DEB [20170605-17:57:53.981] thr=4   paramiko.transport: Secsh channel 2 opened.
DEB [20170605-17:57:54.042] thr=4   paramiko.transport: [chan 2] Sesch channel 2 request ok
DEB [20170605-17:57:54.052] thr=4   paramiko.transport: [chan 2] EOF received (2)
DEB [20170605-17:57:54.063] thr=5   paramiko.transport: starting thread (client mode): 0x7445c7f0
DEB [20170605-17:57:54.064] thr=5   paramiko.transport: Local version/idstring: SSH-2.0-paramiko_2.1.2
DEB [20170605-17:57:54.076] thr=5   paramiko.transport: Remote version/idstring: SSH-2.0-OpenSSH_5.3
INF [20170605-17:57:54.076] thr=5   paramiko.transport: Connected (version 2.0, client OpenSSH_5.3)
DEB [20170605-17:57:54.086] thr=5   paramiko.transport: kex algos:['diffie-hellman-group-exchange-sha256', 'diffie-hellman-group-exchange-sha1', 'diffie-hellman-group14-sha1', 'diffie-hellman-group1-sha1'] server key:['ssh-rsa', 'ssh-dss'] client encrypt:['aes128-ctr', 'aes192-ctr', 'aes256-ctr', 'arcfour256', 'arcfour128', 'aes128-cbc', '3des-cbc', 'blowfish-cbc', 'cast128-cbc', 'aes192-cbc', 'aes256-cbc', 'arcfour', 'rijndael-cbc@lysator.liu.se'] server encrypt:['aes128-ctr', 'aes192-ctr', 'aes256-ctr', 'arcfour256', 'arcfour128', 'aes128-cbc', '3des-cbc', 'blowfish-cbc', 'cast128-cbc', 'aes192-cbc', 'aes256-cbc', 'arcfour', 'rijndael-cbc@lysator.liu.se'] client mac:['hmac-md5', 'hmac-sha1', 'umac-64@openssh.com', 'hmac-sha2-256', 'hmac-sha2-512', 'hmac-ripemd160', 'hmac-ripemd160@openssh.com', 'hmac-sha1-96', 'hmac-md5-96'] server mac:['hmac-md5', 'hmac-sha1', 'umac-64@openssh.com', 'hmac-sha2-256', 'hmac-sha2-512', 'hmac-ripemd160', 'hmac-ripemd160@openssh.com', 'hmac-sha1-96', 'hmac-md5-96'] client compress:['none', 'zlib@openssh.com'] server compress:['none', 'zlib@openssh.com'] client lang:[''] server lang:[''] kex follows?False
DEB [20170605-17:57:54.086] thr=5   paramiko.transport: Kex agreed: diffie-hellman-group1-sha1
DEB [20170605-17:57:54.087] thr=5   paramiko.transport: Cipher agreed: aes128-ctr
DEB [20170605-17:57:54.087] thr=5   paramiko.transport: MAC agreed: hmac-sha2-256
DEB [20170605-17:57:54.087] thr=5   paramiko.transport: Compression agreed: none
DEB [20170605-17:57:54.117] thr=5   paramiko.transport: kex engine KexGroup1 specified hash_algo <built-in function openssl_sha1>
DEB [20170605-17:57:54.118] thr=5   paramiko.transport: Switch to new keys ...
DEB [20170605-17:57:54.118] thr=2   paramiko.transport: Attempting password auth...
DEB [20170605-17:57:54.183] thr=5   paramiko.transport: userauth is OK
INF [20170605-17:57:54.229] thr=5   paramiko.transport: Authentication (password) successful!
DEB [20170605-17:57:54.230] thr=2   paramiko.transport: [chan 0] Max packet in: 32768 bytes
DEB [20170605-17:57:54.244] thr=5   paramiko.transport: [chan 0] Max packet out: 32768 bytes
DEB [20170605-17:57:54.245] thr=5   paramiko.transport: Secsh channel 0 opened.
DEB [20170605-17:57:54.254] thr=5   paramiko.transport: [chan 0] Sesch channel 0 request ok
INF [20170605-17:57:54.265] thr=2   paramiko.transport.sftp: [chan 0] Opened sftp connection (server version 3)
DEB [20170605-17:58:03.808] thr=2   paramiko.transport.sftp: [chan 0] open(b'/home/tomcat-invoicing/webapps/qc-invoicing.war', 'wb')
DEB [20170605-17:58:03.859] thr=2   paramiko.transport.sftp: [chan 0] open(b'/home/tomcat-invoicing/webapps/qc-invoicing.war', 'wb') -> b'00000000'
ERR [20170605-17:58:22.771] thr=5   paramiko.transport: Socket exception: 远程主机强迫关闭了一个现有的连接。 (10054)
DEB [20170605-17:58:22.772] thr=2   paramiko.transport.sftp: [chan 0] close(b'00000000')
