DEB [20170605-14:32:16.882] thr=3   paramiko.transport: starting thread (client mode): 0x9f5ea748
DEB [20170605-14:32:16.883] thr=3   paramiko.transport: Local version/idstring: SSH-2.0-paramiko_2.1.2
DEB [20170605-14:32:16.884] thr=3   paramiko.transport: Remote version/idstring: SSH-2.0-OpenSSH_5.3
INF [20170605-14:32:16.885] thr=3   paramiko.transport: Connected (version 2.0, client OpenSSH_5.3)
DEB [20170605-14:32:16.898] thr=3   paramiko.transport: kex algos:['diffie-hellman-group-exchange-sha256', 'diffie-hellman-group-exchange-sha1', 'diffie-hellman-group14-sha1', 'diffie-hellman-group1-sha1'] server key:['ssh-rsa', 'ssh-dss'] client encrypt:['aes128-ctr', 'aes192-ctr', 'aes256-ctr', 'arcfour256', 'arcfour128', 'aes128-cbc', '3des-cbc', 'blowfish-cbc', 'cast128-cbc', 'aes192-cbc', 'aes256-cbc', 'arcfour', 'rijndael-cbc@lysator.liu.se'] server encrypt:['aes128-ctr', 'aes192-ctr', 'aes256-ctr', 'arcfour256', 'arcfour128', 'aes128-cbc', '3des-cbc', 'blowfish-cbc', 'cast128-cbc', 'aes192-cbc', 'aes256-cbc', 'arcfour', 'rijndael-cbc@lysator.liu.se'] client mac:['hmac-md5', 'hmac-sha1', 'umac-64@openssh.com', 'hmac-sha2-256', 'hmac-sha2-512', 'hmac-ripemd160', 'hmac-ripemd160@openssh.com', 'hmac-sha1-96', 'hmac-md5-96'] server mac:['hmac-md5', 'hmac-sha1', 'umac-64@openssh.com', 'hmac-sha2-256', 'hmac-sha2-512', 'hmac-ripemd160', 'hmac-ripemd160@openssh.com', 'hmac-sha1-96', 'hmac-md5-96'] client compress:['none', 'zlib@openssh.com'] server compress:['none', 'zlib@openssh.com'] client lang:[''] server lang:[''] kex follows?False
DEB [20170605-14:32:16.899] thr=3   paramiko.transport: Kex agreed: diffie-hellman-group1-sha1
DEB [20170605-14:32:16.900] thr=3   paramiko.transport: Cipher agreed: aes128-ctr
DEB [20170605-14:32:16.900] thr=3   paramiko.transport: MAC agreed: hmac-sha2-256
DEB [20170605-14:32:16.900] thr=3   paramiko.transport: Compression agreed: none
DEB [20170605-14:32:16.922] thr=3   paramiko.transport: kex engine KexGroup1 specified hash_algo <built-in function openssl_sha1>
DEB [20170605-14:32:16.922] thr=3   paramiko.transport: Switch to new keys ...
DEB [20170605-14:32:16.923] thr=2   paramiko.transport: Adding ssh-rsa host key for 120.76.168.28: b'368f1d0922e7f78f9e4f3d54ea61d6e1'
DEB [20170605-14:32:16.976] thr=3   paramiko.transport: userauth is OK
INF [20170605-14:32:17.014] thr=3   paramiko.transport: Authentication (password) successful!
DEB [20170605-14:32:17.015] thr=2   paramiko.transport: [chan 0] Max packet in: 32768 bytes
DEB [20170605-14:32:17.024] thr=3   paramiko.transport: [chan 0] Max packet out: 32768 bytes
DEB [20170605-14:32:17.024] thr=3   paramiko.transport: Secsh channel 0 opened.
DEB [20170605-14:32:17.034] thr=3   paramiko.transport: [chan 0] Sesch channel 0 request ok
DEB [20170605-14:32:17.071] thr=3   paramiko.transport: [chan 0] EOF received (0)
DEB [20170605-14:32:17.078] thr=4   paramiko.transport: starting thread (client mode): 0xa0577a20
DEB [20170605-14:32:17.079] thr=4   paramiko.transport: Local version/idstring: SSH-2.0-paramiko_2.1.2
DEB [20170605-14:32:17.086] thr=4   paramiko.transport: Remote version/idstring: SSH-2.0-OpenSSH_5.3
INF [20170605-14:32:17.087] thr=4   paramiko.transport: Connected (version 2.0, client OpenSSH_5.3)
DEB [20170605-14:32:17.093] thr=4   paramiko.transport: kex algos:['diffie-hellman-group-exchange-sha256', 'diffie-hellman-group-exchange-sha1', 'diffie-hellman-group14-sha1', 'diffie-hellman-group1-sha1'] server key:['ssh-rsa', 'ssh-dss'] client encrypt:['aes128-ctr', 'aes192-ctr', 'aes256-ctr', 'arcfour256', 'arcfour128', 'aes128-cbc', '3des-cbc', 'blowfish-cbc', 'cast128-cbc', 'aes192-cbc', 'aes256-cbc', 'arcfour', 'rijndael-cbc@lysator.liu.se'] server encrypt:['aes128-ctr', 'aes192-ctr', 'aes256-ctr', 'arcfour256', 'arcfour128', 'aes128-cbc', '3des-cbc', 'blowfish-cbc', 'cast128-cbc', 'aes192-cbc', 'aes256-cbc', 'arcfour', 'rijndael-cbc@lysator.liu.se'] client mac:['hmac-md5', 'hmac-sha1', 'umac-64@openssh.com', 'hmac-sha2-256', 'hmac-sha2-512', 'hmac-ripemd160', 'hmac-ripemd160@openssh.com', 'hmac-sha1-96', 'hmac-md5-96'] server mac:['hmac-md5', 'hmac-sha1', 'umac-64@openssh.com', 'hmac-sha2-256', 'hmac-sha2-512', 'hmac-ripemd160', 'hmac-ripemd160@openssh.com', 'hmac-sha1-96', 'hmac-md5-96'] client compress:['none', 'zlib@openssh.com'] server compress:['none', 'zlib@openssh.com'] client lang:[''] server lang:[''] kex follows?False
DEB [20170605-14:32:17.093] thr=4   paramiko.transport: Kex agreed: diffie-hellman-group1-sha1
DEB [20170605-14:32:17.093] thr=4   paramiko.transport: Cipher agreed: aes128-ctr
DEB [20170605-14:32:17.094] thr=4   paramiko.transport: MAC agreed: hmac-sha2-256
DEB [20170605-14:32:17.094] thr=4   paramiko.transport: Compression agreed: none
DEB [20170605-14:32:17.112] thr=4   paramiko.transport: kex engine KexGroup1 specified hash_algo <built-in function openssl_sha1>
DEB [20170605-14:32:17.114] thr=4   paramiko.transport: Switch to new keys ...
DEB [20170605-14:32:17.116] thr=2   paramiko.transport: Adding ssh-rsa host key for 120.76.168.28: b'368f1d0922e7f78f9e4f3d54ea61d6e1'
DEB [20170605-14:32:17.159] thr=4   paramiko.transport: userauth is OK
INF [20170605-14:32:17.191] thr=4   paramiko.transport: Authentication (password) successful!
DEB [20170605-14:32:17.192] thr=2   paramiko.transport: [chan 0] Max packet in: 32768 bytes
DEB [20170605-14:32:17.206] thr=4   paramiko.transport: [chan 0] Max packet out: 32768 bytes
DEB [20170605-14:32:17.206] thr=4   paramiko.transport: Secsh channel 0 opened.
DEB [20170605-14:32:17.213] thr=4   paramiko.transport: [chan 0] Sesch channel 0 request ok
DEB [20170605-14:32:17.220] thr=4   paramiko.transport: [chan 0] EOF received (0)
DEB [20170605-14:32:17.221] thr=2   paramiko.transport: [chan 1] Max packet in: 32768 bytes
DEB [20170605-14:32:17.222] thr=4   paramiko.transport: [chan 0] EOF sent (0)
DEB [20170605-14:32:17.225] thr=4   paramiko.transport: [chan 1] Max packet out: 32768 bytes
DEB [20170605-14:32:17.226] thr=4   paramiko.transport: Secsh channel 1 opened.
DEB [20170605-14:32:17.277] thr=4   paramiko.transport: [chan 1] Sesch channel 1 request ok
DEB [20170605-14:32:17.285] thr=4   paramiko.transport: [chan 1] EOF received (1)
DEB [20170605-14:32:17.287] thr=4   paramiko.transport: [chan 1] EOF sent (1)
DEB [20170605-14:32:17.287] thr=2   paramiko.transport: [chan 2] Max packet in: 32768 bytes
DEB [20170605-14:32:17.337] thr=4   paramiko.transport: [chan 2] Max packet out: 32768 bytes
DEB [20170605-14:32:17.338] thr=4   paramiko.transport: Secsh channel 2 opened.
DEB [20170605-14:32:17.343] thr=4   paramiko.transport: [chan 2] Sesch channel 2 request ok
DEB [20170605-14:32:17.350] thr=4   paramiko.transport: [chan 2] EOF received (2)
DEB [20170605-14:32:17.358] thr=4   paramiko.transport: starting thread (client mode): 0xa0577a20
DEB [20170605-14:32:17.358] thr=4   paramiko.transport: Local version/idstring: SSH-2.0-paramiko_2.1.2
DEB [20170605-14:32:17.369] thr=4   paramiko.transport: Remote version/idstring: SSH-2.0-OpenSSH_5.3
INF [20170605-14:32:17.369] thr=4   paramiko.transport: Connected (version 2.0, client OpenSSH_5.3)
DEB [20170605-14:32:17.378] thr=4   paramiko.transport: kex algos:['diffie-hellman-group-exchange-sha256', 'diffie-hellman-group-exchange-sha1', 'diffie-hellman-group14-sha1', 'diffie-hellman-group1-sha1'] server key:['ssh-rsa', 'ssh-dss'] client encrypt:['aes128-ctr', 'aes192-ctr', 'aes256-ctr', 'arcfour256', 'arcfour128', 'aes128-cbc', '3des-cbc', 'blowfish-cbc', 'cast128-cbc', 'aes192-cbc', 'aes256-cbc', 'arcfour', 'rijndael-cbc@lysator.liu.se'] server encrypt:['aes128-ctr', 'aes192-ctr', 'aes256-ctr', 'arcfour256', 'arcfour128', 'aes128-cbc', '3des-cbc', 'blowfish-cbc', 'cast128-cbc', 'aes192-cbc', 'aes256-cbc', 'arcfour', 'rijndael-cbc@lysator.liu.se'] client mac:['hmac-md5', 'hmac-sha1', 'umac-64@openssh.com', 'hmac-sha2-256', 'hmac-sha2-512', 'hmac-ripemd160', 'hmac-ripemd160@openssh.com', 'hmac-sha1-96', 'hmac-md5-96'] server mac:['hmac-md5', 'hmac-sha1', 'umac-64@openssh.com', 'hmac-sha2-256', 'hmac-sha2-512', 'hmac-ripemd160', 'hmac-ripemd160@openssh.com', 'hmac-sha1-96', 'hmac-md5-96'] client compress:['none', 'zlib@openssh.com'] server compress:['none', 'zlib@openssh.com'] client lang:[''] server lang:[''] kex follows?False
DEB [20170605-14:32:17.378] thr=4   paramiko.transport: Kex agreed: diffie-hellman-group1-sha1
DEB [20170605-14:32:17.379] thr=4   paramiko.transport: Cipher agreed: aes128-ctr
DEB [20170605-14:32:17.379] thr=4   paramiko.transport: MAC agreed: hmac-sha2-256
DEB [20170605-14:32:17.379] thr=4   paramiko.transport: Compression agreed: none
DEB [20170605-14:32:17.403] thr=4   paramiko.transport: kex engine KexGroup1 specified hash_algo <built-in function openssl_sha1>
DEB [20170605-14:32:17.404] thr=4   paramiko.transport: Switch to new keys ...
DEB [20170605-14:32:17.405] thr=2   paramiko.transport: Attempting password auth...
DEB [20170605-14:32:17.459] thr=4   paramiko.transport: userauth is OK
INF [20170605-14:32:17.497] thr=4   paramiko.transport: Authentication (password) successful!
DEB [20170605-14:32:17.499] thr=2   paramiko.transport: [chan 0] Max packet in: 32768 bytes
DEB [20170605-14:32:17.508] thr=4   paramiko.transport: [chan 0] Max packet out: 32768 bytes
DEB [20170605-14:32:17.508] thr=4   paramiko.transport: Secsh channel 0 opened.
DEB [20170605-14:32:17.517] thr=4   paramiko.transport: [chan 0] Sesch channel 0 request ok
INF [20170605-14:32:17.526] thr=2   paramiko.transport.sftp: [chan 0] Opened sftp connection (server version 3)
DEB [20170605-14:33:44.954] thr=2   paramiko.transport.sftp: [chan 0] open(b'/home/tomcat-invoicing/webapps', 'wb')
DEB [20170605-14:34:03.872] thr=4   paramiko.transport: EOF in transport thread
