DEB [20170605-18:00:45.060] thr=3   paramiko.transport: starting thread (client mode): 0x439e45c0
DEB [20170605-18:00:45.061] thr=3   paramiko.transport: Local version/idstring: SSH-2.0-paramiko_2.1.2
DEB [20170605-18:00:45.074] thr=3   paramiko.transport: Remote version/idstring: SSH-2.0-OpenSSH_5.3
INF [20170605-18:00:45.075] thr=3   paramiko.transport: Connected (version 2.0, client OpenSSH_5.3)
DEB [20170605-18:00:45.086] thr=3   paramiko.transport: kex algos:['diffie-hellman-group-exchange-sha256', 'diffie-hellman-group-exchange-sha1', 'diffie-hellman-group14-sha1', 'diffie-hellman-group1-sha1'] server key:['ssh-rsa', 'ssh-dss'] client encrypt:['aes128-ctr', 'aes192-ctr', 'aes256-ctr', 'arcfour256', 'arcfour128', 'aes128-cbc', '3des-cbc', 'blowfish-cbc', 'cast128-cbc', 'aes192-cbc', 'aes256-cbc', 'arcfour', 'rijndael-cbc@lysator.liu.se'] server encrypt:['aes128-ctr', 'aes192-ctr', 'aes256-ctr', 'arcfour256', 'arcfour128', 'aes128-cbc', '3des-cbc', 'blowfish-cbc', 'cast128-cbc', 'aes192-cbc', 'aes256-cbc', 'arcfour', 'rijndael-cbc@lysator.liu.se'] client mac:['hmac-md5', 'hmac-sha1', 'umac-64@openssh.com', 'hmac-sha2-256', 'hmac-sha2-512', 'hmac-ripemd160', 'hmac-ripemd160@openssh.com', 'hmac-sha1-96', 'hmac-md5-96'] server mac:['hmac-md5', 'hmac-sha1', 'umac-64@openssh.com', 'hmac-sha2-256', 'hmac-sha2-512', 'hmac-ripemd160', 'hmac-ripemd160@openssh.com', 'hmac-sha1-96', 'hmac-md5-96'] client compress:['none', 'zlib@openssh.com'] server compress:['none', 'zlib@openssh.com'] client lang:[''] server lang:[''] kex follows?False
DEB [20170605-18:00:45.087] thr=3   paramiko.transport: Kex agreed: diffie-hellman-group1-sha1
DEB [20170605-18:00:45.087] thr=3   paramiko.transport: Cipher agreed: aes128-ctr
DEB [20170605-18:00:45.087] thr=3   paramiko.transport: MAC agreed: hmac-sha2-256
DEB [20170605-18:00:45.087] thr=3   paramiko.transport: Compression agreed: none
DEB [20170605-18:00:45.111] thr=3   paramiko.transport: kex engine KexGroup1 specified hash_algo <built-in function openssl_sha1>
DEB [20170605-18:00:45.111] thr=3   paramiko.transport: Switch to new keys ...
DEB [20170605-18:00:45.112] thr=2   paramiko.transport: Adding ssh-rsa host key for 120.76.168.28: b'368f1d0922e7f78f9e4f3d54ea61d6e1'
DEB [20170605-18:00:45.169] thr=3   paramiko.transport: userauth is OK
INF [20170605-18:00:45.206] thr=3   paramiko.transport: Authentication (password) successful!
DEB [20170605-18:00:45.207] thr=2   paramiko.transport: [chan 0] Max packet in: 32768 bytes
DEB [20170605-18:00:45.217] thr=3   paramiko.transport: [chan 0] Max packet out: 32768 bytes
DEB [20170605-18:00:45.218] thr=3   paramiko.transport: Secsh channel 0 opened.
DEB [20170605-18:00:45.229] thr=3   paramiko.transport: [chan 0] Sesch channel 0 request ok
DEB [20170605-18:00:45.262] thr=3   paramiko.transport: [chan 0] EOF received (0)
DEB [20170605-18:00:45.272] thr=4   paramiko.transport: starting thread (client mode): 0x439e4ac8
DEB [20170605-18:00:45.273] thr=4   paramiko.transport: Local version/idstring: SSH-2.0-paramiko_2.1.2
DEB [20170605-18:00:45.283] thr=4   paramiko.transport: Remote version/idstring: SSH-2.0-OpenSSH_5.3
INF [20170605-18:00:45.283] thr=4   paramiko.transport: Connected (version 2.0, client OpenSSH_5.3)
DEB [20170605-18:00:45.293] thr=4   paramiko.transport: kex algos:['diffie-hellman-group-exchange-sha256', 'diffie-hellman-group-exchange-sha1', 'diffie-hellman-group14-sha1', 'diffie-hellman-group1-sha1'] server key:['ssh-rsa', 'ssh-dss'] client encrypt:['aes128-ctr', 'aes192-ctr', 'aes256-ctr', 'arcfour256', 'arcfour128', 'aes128-cbc', '3des-cbc', 'blowfish-cbc', 'cast128-cbc', 'aes192-cbc', 'aes256-cbc', 'arcfour', 'rijndael-cbc@lysator.liu.se'] server encrypt:['aes128-ctr', 'aes192-ctr', 'aes256-ctr', 'arcfour256', 'arcfour128', 'aes128-cbc', '3des-cbc', 'blowfish-cbc', 'cast128-cbc', 'aes192-cbc', 'aes256-cbc', 'arcfour', 'rijndael-cbc@lysator.liu.se'] client mac:['hmac-md5', 'hmac-sha1', 'umac-64@openssh.com', 'hmac-sha2-256', 'hmac-sha2-512', 'hmac-ripemd160', 'hmac-ripemd160@openssh.com', 'hmac-sha1-96', 'hmac-md5-96'] server mac:['hmac-md5', 'hmac-sha1', 'umac-64@openssh.com', 'hmac-sha2-256', 'hmac-sha2-512', 'hmac-ripemd160', 'hmac-ripemd160@openssh.com', 'hmac-sha1-96', 'hmac-md5-96'] client compress:['none', 'zlib@openssh.com'] server compress:['none', 'zlib@openssh.com'] client lang:[''] server lang:[''] kex follows?False
DEB [20170605-18:00:45.293] thr=4   paramiko.transport: Kex agreed: diffie-hellman-group1-sha1
DEB [20170605-18:00:45.293] thr=4   paramiko.transport: Cipher agreed: aes128-ctr
DEB [20170605-18:00:45.294] thr=4   paramiko.transport: MAC agreed: hmac-sha2-256
DEB [20170605-18:00:45.294] thr=4   paramiko.transport: Compression agreed: none
DEB [20170605-18:00:45.314] thr=4   paramiko.transport: kex engine KexGroup1 specified hash_algo <built-in function openssl_sha1>
DEB [20170605-18:00:45.314] thr=4   paramiko.transport: Switch to new keys ...
DEB [20170605-18:00:45.315] thr=2   paramiko.transport: Adding ssh-rsa host key for 120.76.168.28: b'368f1d0922e7f78f9e4f3d54ea61d6e1'
DEB [20170605-18:00:45.367] thr=4   paramiko.transport: userauth is OK
INF [20170605-18:00:45.401] thr=4   paramiko.transport: Authentication (password) successful!
DEB [20170605-18:00:45.402] thr=2   paramiko.transport: [chan 0] Max packet in: 32768 bytes
DEB [20170605-18:00:45.409] thr=4   paramiko.transport: [chan 0] Max packet out: 32768 bytes
DEB [20170605-18:00:45.409] thr=4   paramiko.transport: Secsh channel 0 opened.
DEB [20170605-18:00:45.417] thr=4   paramiko.transport: [chan 0] Sesch channel 0 request ok
DEB [20170605-18:00:45.425] thr=4   paramiko.transport: [chan 0] EOF received (0)
DEB [20170605-18:00:45.427] thr=2   paramiko.transport: [chan 1] Max packet in: 32768 bytes
DEB [20170605-18:00:45.428] thr=4   paramiko.transport: [chan 0] EOF sent (0)
DEB [20170605-18:00:45.435] thr=4   paramiko.transport: [chan 1] Max packet out: 32768 bytes
DEB [20170605-18:00:45.435] thr=4   paramiko.transport: Secsh channel 1 opened.
DEB [20170605-18:00:45.490] thr=4   paramiko.transport: [chan 1] Sesch channel 1 request ok
DEB [20170605-18:00:45.506] thr=4   paramiko.transport: [chan 1] EOF received (1)
DEB [20170605-18:00:45.508] thr=4   paramiko.transport: [chan 1] EOF sent (1)
DEB [20170605-18:00:45.507] thr=2   paramiko.transport: [chan 2] Max packet in: 32768 bytes
DEB [20170605-18:00:45.563] thr=4   paramiko.transport: [chan 2] Max packet out: 32768 bytes
DEB [20170605-18:00:45.563] thr=4   paramiko.transport: Secsh channel 2 opened.
DEB [20170605-18:00:45.571] thr=4   paramiko.transport: [chan 2] Sesch channel 2 request ok
DEB [20170605-18:00:45.579] thr=4   paramiko.transport: [chan 2] EOF received (2)
DEB [20170605-18:00:45.590] thr=5   paramiko.transport: starting thread (client mode): 0x4023c7f0
DEB [20170605-18:00:45.590] thr=5   paramiko.transport: Local version/idstring: SSH-2.0-paramiko_2.1.2
DEB [20170605-18:00:45.601] thr=5   paramiko.transport: Remote version/idstring: SSH-2.0-OpenSSH_5.3
INF [20170605-18:00:45.602] thr=5   paramiko.transport: Connected (version 2.0, client OpenSSH_5.3)
DEB [20170605-18:00:45.611] thr=5   paramiko.transport: kex algos:['diffie-hellman-group-exchange-sha256', 'diffie-hellman-group-exchange-sha1', 'diffie-hellman-group14-sha1', 'diffie-hellman-group1-sha1'] server key:['ssh-rsa', 'ssh-dss'] client encrypt:['aes128-ctr', 'aes192-ctr', 'aes256-ctr', 'arcfour256', 'arcfour128', 'aes128-cbc', '3des-cbc', 'blowfish-cbc', 'cast128-cbc', 'aes192-cbc', 'aes256-cbc', 'arcfour', 'rijndael-cbc@lysator.liu.se'] server encrypt:['aes128-ctr', 'aes192-ctr', 'aes256-ctr', 'arcfour256', 'arcfour128', 'aes128-cbc', '3des-cbc', 'blowfish-cbc', 'cast128-cbc', 'aes192-cbc', 'aes256-cbc', 'arcfour', 'rijndael-cbc@lysator.liu.se'] client mac:['hmac-md5', 'hmac-sha1', 'umac-64@openssh.com', 'hmac-sha2-256', 'hmac-sha2-512', 'hmac-ripemd160', 'hmac-ripemd160@openssh.com', 'hmac-sha1-96', 'hmac-md5-96'] server mac:['hmac-md5', 'hmac-sha1', 'umac-64@openssh.com', 'hmac-sha2-256', 'hmac-sha2-512', 'hmac-ripemd160', 'hmac-ripemd160@openssh.com', 'hmac-sha1-96', 'hmac-md5-96'] client compress:['none', 'zlib@openssh.com'] server compress:['none', 'zlib@openssh.com'] client lang:[''] server lang:[''] kex follows?False
DEB [20170605-18:00:45.612] thr=5   paramiko.transport: Kex agreed: diffie-hellman-group1-sha1
DEB [20170605-18:00:45.612] thr=5   paramiko.transport: Cipher agreed: aes128-ctr
DEB [20170605-18:00:45.612] thr=5   paramiko.transport: MAC agreed: hmac-sha2-256
DEB [20170605-18:00:45.613] thr=5   paramiko.transport: Compression agreed: none
DEB [20170605-18:00:45.635] thr=5   paramiko.transport: kex engine KexGroup1 specified hash_algo <built-in function openssl_sha1>
DEB [20170605-18:00:45.636] thr=5   paramiko.transport: Switch to new keys ...
DEB [20170605-18:00:45.637] thr=2   paramiko.transport: Attempting password auth...
DEB [20170605-18:00:45.695] thr=5   paramiko.transport: userauth is OK
INF [20170605-18:00:45.732] thr=5   paramiko.transport: Authentication (password) successful!
DEB [20170605-18:00:45.733] thr=2   paramiko.transport: [chan 0] Max packet in: 32768 bytes
DEB [20170605-18:00:45.741] thr=5   paramiko.transport: [chan 0] Max packet out: 32768 bytes
DEB [20170605-18:00:45.742] thr=5   paramiko.transport: Secsh channel 0 opened.
DEB [20170605-18:00:45.751] thr=5   paramiko.transport: [chan 0] Sesch channel 0 request ok
INF [20170605-18:00:45.760] thr=2   paramiko.transport.sftp: [chan 0] Opened sftp connection (server version 3)
DEB [20170605-18:00:55.363] thr=2   paramiko.transport.sftp: [chan 0] open(b'/home/tomcat-invoicing/webapps/qc-invoicing.war', 'wb')
DEB [20170605-18:00:55.382] thr=2   paramiko.transport.sftp: [chan 0] open(b'/home/tomcat-invoicing/webapps/qc-invoicing.war', 'wb') -> b'00000000'
DEB [20170605-18:01:44.519] thr=2   paramiko.transport.sftp: [chan 0] close(b'00000000')
DEB [20170605-18:01:44.577] thr=2   paramiko.transport.sftp: [chan 0] stat(b'/home/tomcat-invoicing/webapps/qc-invoicing.war')
DEB [20170605-18:01:58.599] thr=5   paramiko.transport: EOF in transport thread
DEB [20170605-18:01:59.862] thr=6   paramiko.transport: starting thread (client mode): 0x41522198
DEB [20170605-18:01:59.863] thr=6   paramiko.transport: Local version/idstring: SSH-2.0-paramiko_2.1.2
DEB [20170605-18:01:59.863] thr=6   paramiko.transport: Remote version/idstring: SSH-2.0-OpenSSH_5.3
INF [20170605-18:01:59.864] thr=6   paramiko.transport: Connected (version 2.0, client OpenSSH_5.3)
DEB [20170605-18:01:59.875] thr=6   paramiko.transport: kex algos:['diffie-hellman-group-exchange-sha256', 'diffie-hellman-group-exchange-sha1', 'diffie-hellman-group14-sha1', 'diffie-hellman-group1-sha1'] server key:['ssh-rsa', 'ssh-dss'] client encrypt:['aes128-ctr', 'aes192-ctr', 'aes256-ctr', 'arcfour256', 'arcfour128', 'aes128-cbc', '3des-cbc', 'blowfish-cbc', 'cast128-cbc', 'aes192-cbc', 'aes256-cbc', 'arcfour', 'rijndael-cbc@lysator.liu.se'] server encrypt:['aes128-ctr', 'aes192-ctr', 'aes256-ctr', 'arcfour256', 'arcfour128', 'aes128-cbc', '3des-cbc', 'blowfish-cbc', 'cast128-cbc', 'aes192-cbc', 'aes256-cbc', 'arcfour', 'rijndael-cbc@lysator.liu.se'] client mac:['hmac-md5', 'hmac-sha1', 'umac-64@openssh.com', 'hmac-sha2-256', 'hmac-sha2-512', 'hmac-ripemd160', 'hmac-ripemd160@openssh.com', 'hmac-sha1-96', 'hmac-md5-96'] server mac:['hmac-md5', 'hmac-sha1', 'umac-64@openssh.com', 'hmac-sha2-256', 'hmac-sha2-512', 'hmac-ripemd160', 'hmac-ripemd160@openssh.com', 'hmac-sha1-96', 'hmac-md5-96'] client compress:['none', 'zlib@openssh.com'] server compress:['none', 'zlib@openssh.com'] client lang:[''] server lang:[''] kex follows?False
DEB [20170605-18:01:59.875] thr=6   paramiko.transport: Kex agreed: diffie-hellman-group1-sha1
DEB [20170605-18:01:59.875] thr=6   paramiko.transport: Cipher agreed: aes128-ctr
DEB [20170605-18:01:59.875] thr=6   paramiko.transport: MAC agreed: hmac-sha2-256
DEB [20170605-18:01:59.876] thr=6   paramiko.transport: Compression agreed: none
DEB [20170605-18:01:59.898] thr=6   paramiko.transport: kex engine KexGroup1 specified hash_algo <built-in function openssl_sha1>
DEB [20170605-18:01:59.899] thr=6   paramiko.transport: Switch to new keys ...
DEB [20170605-18:01:59.901] thr=2   paramiko.transport: Adding ssh-rsa host key for 120.76.168.28: b'368f1d0922e7f78f9e4f3d54ea61d6e1'
DEB [20170605-18:01:59.952] thr=6   paramiko.transport: userauth is OK
INF [20170605-18:02:00.002] thr=6   paramiko.transport: Authentication (password) successful!
DEB [20170605-18:02:00.003] thr=2   paramiko.transport: [chan 0] Max packet in: 32768 bytes
DEB [20170605-18:02:00.016] thr=6   paramiko.transport: [chan 0] Max packet out: 32768 bytes
DEB [20170605-18:02:00.017] thr=6   paramiko.transport: Secsh channel 0 opened.
DEB [20170605-18:02:00.026] thr=6   paramiko.transport: [chan 0] Sesch channel 0 request ok
DEB [20170605-18:02:00.035] thr=6   paramiko.transport: [chan 0] EOF received (0)
DEB [20170605-18:02:00.037] thr=2   paramiko.transport: [chan 1] Max packet in: 32768 bytes
DEB [20170605-18:02:00.037] thr=6   paramiko.transport: [chan 0] EOF sent (0)
DEB [20170605-18:02:00.046] thr=6   paramiko.transport: [chan 1] Max packet out: 32768 bytes
DEB [20170605-18:02:00.046] thr=6   paramiko.transport: Secsh channel 1 opened.
DEB [20170605-18:02:00.101] thr=6   paramiko.transport: [chan 1] Sesch channel 1 request ok
DEB [20170605-18:02:00.166] thr=6   paramiko.transport: [chan 1] EOF received (1)
DEB [20170605-18:02:00.176] thr=7   paramiko.transport: starting thread (client mode): 0x439fb6d8
DEB [20170605-18:02:00.176] thr=7   paramiko.transport: Local version/idstring: SSH-2.0-paramiko_2.1.2
DEB [20170605-18:02:00.198] thr=7   paramiko.transport: Remote version/idstring: SSH-2.0-OpenSSH_5.3
INF [20170605-18:02:00.198] thr=7   paramiko.transport: Connected (version 2.0, client OpenSSH_5.3)
DEB [20170605-18:02:00.210] thr=7   paramiko.transport: kex algos:['diffie-hellman-group-exchange-sha256', 'diffie-hellman-group-exchange-sha1', 'diffie-hellman-group14-sha1', 'diffie-hellman-group1-sha1'] server key:['ssh-rsa', 'ssh-dss'] client encrypt:['aes128-ctr', 'aes192-ctr', 'aes256-ctr', 'arcfour256', 'arcfour128', 'aes128-cbc', '3des-cbc', 'blowfish-cbc', 'cast128-cbc', 'aes192-cbc', 'aes256-cbc', 'arcfour', 'rijndael-cbc@lysator.liu.se'] server encrypt:['aes128-ctr', 'aes192-ctr', 'aes256-ctr', 'arcfour256', 'arcfour128', 'aes128-cbc', '3des-cbc', 'blowfish-cbc', 'cast128-cbc', 'aes192-cbc', 'aes256-cbc', 'arcfour', 'rijndael-cbc@lysator.liu.se'] client mac:['hmac-md5', 'hmac-sha1', 'umac-64@openssh.com', 'hmac-sha2-256', 'hmac-sha2-512', 'hmac-ripemd160', 'hmac-ripemd160@openssh.com', 'hmac-sha1-96', 'hmac-md5-96'] server mac:['hmac-md5', 'hmac-sha1', 'umac-64@openssh.com', 'hmac-sha2-256', 'hmac-sha2-512', 'hmac-ripemd160', 'hmac-ripemd160@openssh.com', 'hmac-sha1-96', 'hmac-md5-96'] client compress:['none', 'zlib@openssh.com'] server compress:['none', 'zlib@openssh.com'] client lang:[''] server lang:[''] kex follows?False
DEB [20170605-18:02:00.210] thr=7   paramiko.transport: Kex agreed: diffie-hellman-group1-sha1
DEB [20170605-18:02:00.211] thr=7   paramiko.transport: Cipher agreed: aes128-ctr
DEB [20170605-18:02:00.211] thr=7   paramiko.transport: MAC agreed: hmac-sha2-256
DEB [20170605-18:02:00.211] thr=7   paramiko.transport: Compression agreed: none
DEB [20170605-18:02:00.236] thr=7   paramiko.transport: kex engine KexGroup1 specified hash_algo <built-in function openssl_sha1>
DEB [20170605-18:02:00.237] thr=7   paramiko.transport: Switch to new keys ...
DEB [20170605-18:02:00.239] thr=2   paramiko.transport: Adding ssh-rsa host key for 120.76.168.28: b'368f1d0922e7f78f9e4f3d54ea61d6e1'
DEB [20170605-18:02:00.295] thr=7   paramiko.transport: userauth is OK
INF [20170605-18:02:00.333] thr=7   paramiko.transport: Authentication (password) successful!
DEB [20170605-18:02:00.334] thr=2   paramiko.transport: [chan 0] Max packet in: 32768 bytes
DEB [20170605-18:02:00.345] thr=7   paramiko.transport: [chan 0] Max packet out: 32768 bytes
DEB [20170605-18:02:00.345] thr=7   paramiko.transport: Secsh channel 0 opened.
DEB [20170605-18:02:00.357] thr=7   paramiko.transport: [chan 0] Sesch channel 0 request ok
DEB [20170605-18:02:00.650] thr=7   paramiko.transport: [chan 0] EOF received (0)
