DEB [20170605-18:15:27.496] thr=3   paramiko.transport: starting thread (client mode): 0xfb9514e0
DEB [20170605-18:15:27.496] thr=3   paramiko.transport: Local version/idstring: SSH-2.0-paramiko_2.1.2
DEB [20170605-18:15:27.501] thr=3   paramiko.transport: Remote version/idstring: SSH-2.0-OpenSSH_5.3
INF [20170605-18:15:27.502] thr=3   paramiko.transport: Connected (version 2.0, client OpenSSH_5.3)
DEB [20170605-18:15:27.521] thr=3   paramiko.transport: kex algos:['diffie-hellman-group-exchange-sha256', 'diffie-hellman-group-exchange-sha1', 'diffie-hellman-group14-sha1', 'diffie-hellman-group1-sha1'] server key:['ssh-rsa', 'ssh-dss'] client encrypt:['aes128-ctr', 'aes192-ctr', 'aes256-ctr', 'arcfour256', 'arcfour128', 'aes128-cbc', '3des-cbc', 'blowfish-cbc', 'cast128-cbc', 'aes192-cbc', 'aes256-cbc', 'arcfour', 'rijndael-cbc@lysator.liu.se'] server encrypt:['aes128-ctr', 'aes192-ctr', 'aes256-ctr', 'arcfour256', 'arcfour128', 'aes128-cbc', '3des-cbc', 'blowfish-cbc', 'cast128-cbc', 'aes192-cbc', 'aes256-cbc', 'arcfour', 'rijndael-cbc@lysator.liu.se'] client mac:['hmac-md5', 'hmac-sha1', 'umac-64@openssh.com', 'hmac-sha2-256', 'hmac-sha2-512', 'hmac-ripemd160', 'hmac-ripemd160@openssh.com', 'hmac-sha1-96', 'hmac-md5-96'] server mac:['hmac-md5', 'hmac-sha1', 'umac-64@openssh.com', 'hmac-sha2-256', 'hmac-sha2-512', 'hmac-ripemd160', 'hmac-ripemd160@openssh.com', 'hmac-sha1-96', 'hmac-md5-96'] client compress:['none', 'zlib@openssh.com'] server compress:['none', 'zlib@openssh.com'] client lang:[''] server lang:[''] kex follows?False
DEB [20170605-18:15:27.522] thr=3   paramiko.transport: Kex agreed: diffie-hellman-group1-sha1
DEB [20170605-18:15:27.523] thr=3   paramiko.transport: Cipher agreed: aes128-ctr
DEB [20170605-18:15:27.523] thr=3   paramiko.transport: MAC agreed: hmac-sha2-256
DEB [20170605-18:15:27.523] thr=3   paramiko.transport: Compression agreed: none
DEB [20170605-18:15:27.548] thr=3   paramiko.transport: kex engine KexGroup1 specified hash_algo <built-in function openssl_sha1>
DEB [20170605-18:15:27.548] thr=3   paramiko.transport: Switch to new keys ...
DEB [20170605-18:15:27.549] thr=2   paramiko.transport: Adding ssh-rsa host key for 120.76.168.28: b'368f1d0922e7f78f9e4f3d54ea61d6e1'
DEB [20170605-18:15:27.611] thr=3   paramiko.transport: userauth is OK
INF [20170605-18:15:27.650] thr=3   paramiko.transport: Authentication (password) successful!
DEB [20170605-18:15:27.652] thr=2   paramiko.transport: [chan 0] Max packet in: 32768 bytes
DEB [20170605-18:15:27.663] thr=3   paramiko.transport: [chan 0] Max packet out: 32768 bytes
DEB [20170605-18:15:27.664] thr=3   paramiko.transport: Secsh channel 0 opened.
DEB [20170605-18:15:27.681] thr=3   paramiko.transport: [chan 0] Sesch channel 0 request ok
DEB [20170605-18:15:27.947] thr=3   paramiko.transport: [chan 0] EOF received (0)
DEB [20170605-18:15:27.949] thr=3   paramiko.transport: [chan 0] EOF sent (0)
DEB [20170605-18:15:27.950] thr=3   paramiko.transport: Dropping user packet because connection is dead.
DEB [20170605-18:15:27.960] thr=4   paramiko.transport: starting thread (client mode): 0xfb9513c8
DEB [20170605-18:15:27.961] thr=4   paramiko.transport: Local version/idstring: SSH-2.0-paramiko_2.1.2
DEB [20170605-18:15:27.969] thr=4   paramiko.transport: Remote version/idstring: SSH-2.0-OpenSSH_5.3
INF [20170605-18:15:27.970] thr=4   paramiko.transport: Connected (version 2.0, client OpenSSH_5.3)
DEB [20170605-18:15:27.977] thr=4   paramiko.transport: kex algos:['diffie-hellman-group-exchange-sha256', 'diffie-hellman-group-exchange-sha1', 'diffie-hellman-group14-sha1', 'diffie-hellman-group1-sha1'] server key:['ssh-rsa', 'ssh-dss'] client encrypt:['aes128-ctr', 'aes192-ctr', 'aes256-ctr', 'arcfour256', 'arcfour128', 'aes128-cbc', '3des-cbc', 'blowfish-cbc', 'cast128-cbc', 'aes192-cbc', 'aes256-cbc', 'arcfour', 'rijndael-cbc@lysator.liu.se'] server encrypt:['aes128-ctr', 'aes192-ctr', 'aes256-ctr', 'arcfour256', 'arcfour128', 'aes128-cbc', '3des-cbc', 'blowfish-cbc', 'cast128-cbc', 'aes192-cbc', 'aes256-cbc', 'arcfour', 'rijndael-cbc@lysator.liu.se'] client mac:['hmac-md5', 'hmac-sha1', 'umac-64@openssh.com', 'hmac-sha2-256', 'hmac-sha2-512', 'hmac-ripemd160', 'hmac-ripemd160@openssh.com', 'hmac-sha1-96', 'hmac-md5-96'] server mac:['hmac-md5', 'hmac-sha1', 'umac-64@openssh.com', 'hmac-sha2-256', 'hmac-sha2-512', 'hmac-ripemd160', 'hmac-ripemd160@openssh.com', 'hmac-sha1-96', 'hmac-md5-96'] client compress:['none', 'zlib@openssh.com'] server compress:['none', 'zlib@openssh.com'] client lang:[''] server lang:[''] kex follows?False
DEB [20170605-18:15:27.978] thr=4   paramiko.transport: Kex agreed: diffie-hellman-group1-sha1
DEB [20170605-18:15:27.978] thr=4   paramiko.transport: Cipher agreed: aes128-ctr
DEB [20170605-18:15:27.978] thr=4   paramiko.transport: MAC agreed: hmac-sha2-256
DEB [20170605-18:15:27.979] thr=4   paramiko.transport: Compression agreed: none
DEB [20170605-18:15:27.998] thr=4   paramiko.transport: kex engine KexGroup1 specified hash_algo <built-in function openssl_sha1>
DEB [20170605-18:15:27.999] thr=4   paramiko.transport: Switch to new keys ...
DEB [20170605-18:15:28.000] thr=2   paramiko.transport: Adding ssh-rsa host key for 120.76.168.28: b'368f1d0922e7f78f9e4f3d54ea61d6e1'
DEB [20170605-18:15:28.049] thr=4   paramiko.transport: userauth is OK
INF [20170605-18:15:28.085] thr=4   paramiko.transport: Authentication (password) successful!
DEB [20170605-18:15:28.086] thr=2   paramiko.transport: [chan 0] Max packet in: 32768 bytes
DEB [20170605-18:15:28.095] thr=4   paramiko.transport: [chan 0] Max packet out: 32768 bytes
DEB [20170605-18:15:28.095] thr=4   paramiko.transport: Secsh channel 0 opened.
DEB [20170605-18:15:28.102] thr=4   paramiko.transport: [chan 0] Sesch channel 0 request ok
DEB [20170605-18:15:28.110] thr=4   paramiko.transport: [chan 0] EOF received (0)
DEB [20170605-18:15:28.110] thr=2   paramiko.transport: [chan 1] Max packet in: 32768 bytes
DEB [20170605-18:15:28.111] thr=4   paramiko.transport: [chan 0] EOF sent (0)
DEB [20170605-18:15:28.118] thr=4   paramiko.transport: [chan 1] Max packet out: 32768 bytes
DEB [20170605-18:15:28.118] thr=4   paramiko.transport: Secsh channel 1 opened.
DEB [20170605-18:15:28.177] thr=4   paramiko.transport: [chan 1] Sesch channel 1 request ok
DEB [20170605-18:15:28.186] thr=4   paramiko.transport: [chan 1] EOF received (1)
DEB [20170605-18:15:28.187] thr=2   paramiko.transport: [chan 2] Max packet in: 32768 bytes
DEB [20170605-18:15:28.189] thr=4   paramiko.transport: [chan 1] EOF sent (1)
DEB [20170605-18:15:28.193] thr=4   paramiko.transport: [chan 2] Max packet out: 32768 bytes
DEB [20170605-18:15:28.194] thr=4   paramiko.transport: Secsh channel 2 opened.
DEB [20170605-18:15:28.246] thr=4   paramiko.transport: [chan 2] Sesch channel 2 request ok
DEB [20170605-18:15:28.264] thr=4   paramiko.transport: [chan 2] EOF received (2)
DEB [20170605-18:15:28.274] thr=5   paramiko.transport: starting thread (client mode): 0xfb9476a0
DEB [20170605-18:15:28.274] thr=5   paramiko.transport: Local version/idstring: SSH-2.0-paramiko_2.1.2
DEB [20170605-18:15:28.284] thr=5   paramiko.transport: Remote version/idstring: SSH-2.0-OpenSSH_5.3
INF [20170605-18:15:28.284] thr=5   paramiko.transport: Connected (version 2.0, client OpenSSH_5.3)
DEB [20170605-18:15:28.292] thr=5   paramiko.transport: kex algos:['diffie-hellman-group-exchange-sha256', 'diffie-hellman-group-exchange-sha1', 'diffie-hellman-group14-sha1', 'diffie-hellman-group1-sha1'] server key:['ssh-rsa', 'ssh-dss'] client encrypt:['aes128-ctr', 'aes192-ctr', 'aes256-ctr', 'arcfour256', 'arcfour128', 'aes128-cbc', '3des-cbc', 'blowfish-cbc', 'cast128-cbc', 'aes192-cbc', 'aes256-cbc', 'arcfour', 'rijndael-cbc@lysator.liu.se'] server encrypt:['aes128-ctr', 'aes192-ctr', 'aes256-ctr', 'arcfour256', 'arcfour128', 'aes128-cbc', '3des-cbc', 'blowfish-cbc', 'cast128-cbc', 'aes192-cbc', 'aes256-cbc', 'arcfour', 'rijndael-cbc@lysator.liu.se'] client mac:['hmac-md5', 'hmac-sha1', 'umac-64@openssh.com', 'hmac-sha2-256', 'hmac-sha2-512', 'hmac-ripemd160', 'hmac-ripemd160@openssh.com', 'hmac-sha1-96', 'hmac-md5-96'] server mac:['hmac-md5', 'hmac-sha1', 'umac-64@openssh.com', 'hmac-sha2-256', 'hmac-sha2-512', 'hmac-ripemd160', 'hmac-ripemd160@openssh.com', 'hmac-sha1-96', 'hmac-md5-96'] client compress:['none', 'zlib@openssh.com'] server compress:['none', 'zlib@openssh.com'] client lang:[''] server lang:[''] kex follows?False
DEB [20170605-18:15:28.293] thr=5   paramiko.transport: Kex agreed: diffie-hellman-group1-sha1
DEB [20170605-18:15:28.293] thr=5   paramiko.transport: Cipher agreed: aes128-ctr
DEB [20170605-18:15:28.293] thr=5   paramiko.transport: MAC agreed: hmac-sha2-256
DEB [20170605-18:15:28.294] thr=5   paramiko.transport: Compression agreed: none
DEB [20170605-18:15:28.325] thr=5   paramiko.transport: kex engine KexGroup1 specified hash_algo <built-in function openssl_sha1>
DEB [20170605-18:15:28.326] thr=5   paramiko.transport: Switch to new keys ...
DEB [20170605-18:15:28.326] thr=2   paramiko.transport: Attempting password auth...
DEB [20170605-18:15:28.377] thr=5   paramiko.transport: userauth is OK
INF [20170605-18:15:28.411] thr=5   paramiko.transport: Authentication (password) successful!
DEB [20170605-18:15:28.412] thr=2   paramiko.transport: [chan 0] Max packet in: 32768 bytes
DEB [20170605-18:15:28.419] thr=5   paramiko.transport: [chan 0] Max packet out: 32768 bytes
DEB [20170605-18:15:28.420] thr=5   paramiko.transport: Secsh channel 0 opened.
DEB [20170605-18:15:28.429] thr=5   paramiko.transport: [chan 0] Sesch channel 0 request ok
INF [20170605-18:15:28.438] thr=2   paramiko.transport.sftp: [chan 0] Opened sftp connection (server version 3)
DEB [20170605-18:15:28.440] thr=2   paramiko.transport.sftp: [chan 0] open(b'/home/tomcat-invoicing/webapps/qc-invoicing.war', 'wb')
DEB [20170605-18:15:28.447] thr=2   paramiko.transport.sftp: [chan 0] open(b'/home/tomcat-invoicing/webapps/qc-invoicing.war', 'wb') -> b'00000000'
DEB [20170605-18:16:20.247] thr=2   paramiko.transport.sftp: [chan 0] close(b'00000000')
DEB [20170605-18:16:20.273] thr=2   paramiko.transport.sftp: [chan 0] stat(b'/home/tomcat-invoicing/webapps/qc-invoicing.war')
DEB [20170605-18:16:20.280] thr=5   paramiko.transport: EOF in transport thread
