DEB [20170605-14:31:54.193] thr=3   paramiko.transport: starting thread (client mode): 0x5ba20438
DEB [20170605-14:31:54.194] thr=3   paramiko.transport: Local version/idstring: SSH-2.0-paramiko_2.1.2
DEB [20170605-14:31:54.203] thr=3   paramiko.transport: Remote version/idstring: SSH-2.0-OpenSSH_5.3
INF [20170605-14:31:54.203] thr=3   paramiko.transport: Connected (version 2.0, client OpenSSH_5.3)
DEB [20170605-14:31:54.208] thr=3   paramiko.transport: kex algos:['diffie-hellman-group-exchange-sha256', 'diffie-hellman-group-exchange-sha1', 'diffie-hellman-group14-sha1', 'diffie-hellman-group1-sha1'] server key:['ssh-rsa', 'ssh-dss'] client encrypt:['aes128-ctr', 'aes192-ctr', 'aes256-ctr', 'arcfour256', 'arcfour128', 'aes128-cbc', '3des-cbc', 'blowfish-cbc', 'cast128-cbc', 'aes192-cbc', 'aes256-cbc', 'arcfour', 'rijndael-cbc@lysator.liu.se'] server encrypt:['aes128-ctr', 'aes192-ctr', 'aes256-ctr', 'arcfour256', 'arcfour128', 'aes128-cbc', '3des-cbc', 'blowfish-cbc', 'cast128-cbc', 'aes192-cbc', 'aes256-cbc', 'arcfour', 'rijndael-cbc@lysator.liu.se'] client mac:['hmac-md5', 'hmac-sha1', 'umac-64@openssh.com', 'hmac-sha2-256', 'hmac-sha2-512', 'hmac-ripemd160', 'hmac-ripemd160@openssh.com', 'hmac-sha1-96', 'hmac-md5-96'] server mac:['hmac-md5', 'hmac-sha1', 'umac-64@openssh.com', 'hmac-sha2-256', 'hmac-sha2-512', 'hmac-ripemd160', 'hmac-ripemd160@openssh.com', 'hmac-sha1-96', 'hmac-md5-96'] client compress:['none', 'zlib@openssh.com'] server compress:['none', 'zlib@openssh.com'] client lang:[''] server lang:[''] kex follows?False
DEB [20170605-14:31:54.209] thr=3   paramiko.transport: Kex agreed: diffie-hellman-group1-sha1
DEB [20170605-14:31:54.209] thr=3   paramiko.transport: Cipher agreed: aes128-ctr
DEB [20170605-14:31:54.210] thr=3   paramiko.transport: MAC agreed: hmac-sha2-256
DEB [20170605-14:31:54.210] thr=3   paramiko.transport: Compression agreed: none
DEB [20170605-14:31:54.228] thr=3   paramiko.transport: kex engine KexGroup1 specified hash_algo <built-in function openssl_sha1>
DEB [20170605-14:31:54.228] thr=3   paramiko.transport: Switch to new keys ...
DEB [20170605-14:31:54.229] thr=2   paramiko.transport: Adding ssh-rsa host key for 120.76.168.28: b'368f1d0922e7f78f9e4f3d54ea61d6e1'
DEB [20170605-14:31:54.277] thr=3   paramiko.transport: userauth is OK
INF [20170605-14:31:54.314] thr=3   paramiko.transport: Authentication (password) successful!
DEB [20170605-14:31:54.314] thr=2   paramiko.transport: [chan 0] Max packet in: 32768 bytes
DEB [20170605-14:31:54.319] thr=3   paramiko.transport: [chan 0] Max packet out: 32768 bytes
DEB [20170605-14:31:54.320] thr=3   paramiko.transport: Secsh channel 0 opened.
DEB [20170605-14:31:54.325] thr=3   paramiko.transport: [chan 0] Sesch channel 0 request ok
DEB [20170605-14:31:54.359] thr=3   paramiko.transport: [chan 0] EOF received (0)
DEB [20170605-14:31:54.367] thr=3   paramiko.transport: starting thread (client mode): 0x5ba20438
DEB [20170605-14:31:54.367] thr=3   paramiko.transport: Local version/idstring: SSH-2.0-paramiko_2.1.2
DEB [20170605-14:31:54.377] thr=3   paramiko.transport: Remote version/idstring: SSH-2.0-OpenSSH_5.3
INF [20170605-14:31:54.377] thr=3   paramiko.transport: Connected (version 2.0, client OpenSSH_5.3)
DEB [20170605-14:31:54.383] thr=3   paramiko.transport: kex algos:['diffie-hellman-group-exchange-sha256', 'diffie-hellman-group-exchange-sha1', 'diffie-hellman-group14-sha1', 'diffie-hellman-group1-sha1'] server key:['ssh-rsa', 'ssh-dss'] client encrypt:['aes128-ctr', 'aes192-ctr', 'aes256-ctr', 'arcfour256', 'arcfour128', 'aes128-cbc', '3des-cbc', 'blowfish-cbc', 'cast128-cbc', 'aes192-cbc', 'aes256-cbc', 'arcfour', 'rijndael-cbc@lysator.liu.se'] server encrypt:['aes128-ctr', 'aes192-ctr', 'aes256-ctr', 'arcfour256', 'arcfour128', 'aes128-cbc', '3des-cbc', 'blowfish-cbc', 'cast128-cbc', 'aes192-cbc', 'aes256-cbc', 'arcfour', 'rijndael-cbc@lysator.liu.se'] client mac:['hmac-md5', 'hmac-sha1', 'umac-64@openssh.com', 'hmac-sha2-256', 'hmac-sha2-512', 'hmac-ripemd160', 'hmac-ripemd160@openssh.com', 'hmac-sha1-96', 'hmac-md5-96'] server mac:['hmac-md5', 'hmac-sha1', 'umac-64@openssh.com', 'hmac-sha2-256', 'hmac-sha2-512', 'hmac-ripemd160', 'hmac-ripemd160@openssh.com', 'hmac-sha1-96', 'hmac-md5-96'] client compress:['none', 'zlib@openssh.com'] server compress:['none', 'zlib@openssh.com'] client lang:[''] server lang:[''] kex follows?False
DEB [20170605-14:31:54.384] thr=3   paramiko.transport: Kex agreed: diffie-hellman-group1-sha1
DEB [20170605-14:31:54.384] thr=3   paramiko.transport: Cipher agreed: aes128-ctr
DEB [20170605-14:31:54.384] thr=3   paramiko.transport: MAC agreed: hmac-sha2-256
DEB [20170605-14:31:54.384] thr=3   paramiko.transport: Compression agreed: none
DEB [20170605-14:31:54.403] thr=3   paramiko.transport: kex engine KexGroup1 specified hash_algo <built-in function openssl_sha1>
DEB [20170605-14:31:54.403] thr=3   paramiko.transport: Switch to new keys ...
DEB [20170605-14:31:54.404] thr=2   paramiko.transport: Adding ssh-rsa host key for 120.76.168.28: b'368f1d0922e7f78f9e4f3d54ea61d6e1'
DEB [20170605-14:31:54.453] thr=3   paramiko.transport: userauth is OK
INF [20170605-14:31:54.494] thr=3   paramiko.transport: Authentication (password) successful!
DEB [20170605-14:31:54.494] thr=2   paramiko.transport: [chan 0] Max packet in: 32768 bytes
DEB [20170605-14:31:54.500] thr=3   paramiko.transport: [chan 0] Max packet out: 32768 bytes
DEB [20170605-14:31:54.501] thr=3   paramiko.transport: Secsh channel 0 opened.
DEB [20170605-14:31:54.507] thr=3   paramiko.transport: [chan 0] Sesch channel 0 request ok
DEB [20170605-14:31:54.516] thr=3   paramiko.transport: [chan 0] EOF received (0)
DEB [20170605-14:31:54.517] thr=2   paramiko.transport: [chan 1] Max packet in: 32768 bytes
DEB [20170605-14:31:54.517] thr=3   paramiko.transport: [chan 0] EOF sent (0)
DEB [20170605-14:31:54.522] thr=3   paramiko.transport: [chan 1] Max packet out: 32768 bytes
DEB [20170605-14:31:54.523] thr=3   paramiko.transport: Secsh channel 1 opened.
DEB [20170605-14:31:54.574] thr=3   paramiko.transport: [chan 1] Sesch channel 1 request ok
DEB [20170605-14:31:54.584] thr=3   paramiko.transport: [chan 1] EOF received (1)
DEB [20170605-14:31:54.584] thr=2   paramiko.transport: [chan 2] Max packet in: 32768 bytes
DEB [20170605-14:31:54.585] thr=3   paramiko.transport: [chan 1] EOF sent (1)
DEB [20170605-14:31:54.592] thr=3   paramiko.transport: [chan 2] Max packet out: 32768 bytes
DEB [20170605-14:31:54.592] thr=3   paramiko.transport: Secsh channel 2 opened.
DEB [20170605-14:31:54.644] thr=3   paramiko.transport: [chan 2] Sesch channel 2 request ok
DEB [20170605-14:31:54.655] thr=3   paramiko.transport: [chan 2] EOF received (2)
DEB [20170605-14:31:54.663] thr=4   paramiko.transport: starting thread (client mode): 0x5a472080
DEB [20170605-14:31:54.663] thr=4   paramiko.transport: Local version/idstring: SSH-2.0-paramiko_2.1.2
DEB [20170605-14:31:54.676] thr=4   paramiko.transport: Remote version/idstring: SSH-2.0-OpenSSH_5.3
INF [20170605-14:31:54.676] thr=4   paramiko.transport: Connected (version 2.0, client OpenSSH_5.3)
DEB [20170605-14:31:54.683] thr=4   paramiko.transport: kex algos:['diffie-hellman-group-exchange-sha256', 'diffie-hellman-group-exchange-sha1', 'diffie-hellman-group14-sha1', 'diffie-hellman-group1-sha1'] server key:['ssh-rsa', 'ssh-dss'] client encrypt:['aes128-ctr', 'aes192-ctr', 'aes256-ctr', 'arcfour256', 'arcfour128', 'aes128-cbc', '3des-cbc', 'blowfish-cbc', 'cast128-cbc', 'aes192-cbc', 'aes256-cbc', 'arcfour', 'rijndael-cbc@lysator.liu.se'] server encrypt:['aes128-ctr', 'aes192-ctr', 'aes256-ctr', 'arcfour256', 'arcfour128', 'aes128-cbc', '3des-cbc', 'blowfish-cbc', 'cast128-cbc', 'aes192-cbc', 'aes256-cbc', 'arcfour', 'rijndael-cbc@lysator.liu.se'] client mac:['hmac-md5', 'hmac-sha1', 'umac-64@openssh.com', 'hmac-sha2-256', 'hmac-sha2-512', 'hmac-ripemd160', 'hmac-ripemd160@openssh.com', 'hmac-sha1-96', 'hmac-md5-96'] server mac:['hmac-md5', 'hmac-sha1', 'umac-64@openssh.com', 'hmac-sha2-256', 'hmac-sha2-512', 'hmac-ripemd160', 'hmac-ripemd160@openssh.com', 'hmac-sha1-96', 'hmac-md5-96'] client compress:['none', 'zlib@openssh.com'] server compress:['none', 'zlib@openssh.com'] client lang:[''] server lang:[''] kex follows?False
DEB [20170605-14:31:54.683] thr=4   paramiko.transport: Kex agreed: diffie-hellman-group1-sha1
DEB [20170605-14:31:54.683] thr=4   paramiko.transport: Cipher agreed: aes128-ctr
DEB [20170605-14:31:54.684] thr=4   paramiko.transport: MAC agreed: hmac-sha2-256
DEB [20170605-14:31:54.684] thr=4   paramiko.transport: Compression agreed: none
DEB [20170605-14:31:54.704] thr=4   paramiko.transport: kex engine KexGroup1 specified hash_algo <built-in function openssl_sha1>
DEB [20170605-14:31:54.704] thr=4   paramiko.transport: Switch to new keys ...
DEB [20170605-14:31:54.705] thr=2   paramiko.transport: Attempting password auth...
DEB [20170605-14:31:54.756] thr=4   paramiko.transport: userauth is OK
INF [20170605-14:31:54.795] thr=4   paramiko.transport: Authentication (password) successful!
DEB [20170605-14:31:54.796] thr=2   paramiko.transport: [chan 0] Max packet in: 32768 bytes
DEB [20170605-14:31:54.803] thr=4   paramiko.transport: [chan 0] Max packet out: 32768 bytes
DEB [20170605-14:31:54.803] thr=4   paramiko.transport: Secsh channel 0 opened.
DEB [20170605-14:31:54.811] thr=4   paramiko.transport: [chan 0] Sesch channel 0 request ok
INF [20170605-14:31:54.820] thr=2   paramiko.transport.sftp: [chan 0] Opened sftp connection (server version 3)
DEB [20170605-14:31:54.821] thr=2   paramiko.transport.sftp: [chan 0] open(b'/home/tomcat-invoicing/webapps', 'wb')
DEB [20170605-14:31:55.207] thr=4   paramiko.transport: EOF in transport thread
