DEB [20170605-17:43:41.137] thr=3   paramiko.transport: starting thread (client mode): 0xa0773630
DEB [20170605-17:43:41.138] thr=3   paramiko.transport: Local version/idstring: SSH-2.0-paramiko_2.1.2
DEB [20170605-17:43:41.152] thr=3   paramiko.transport: Remote version/idstring: SSH-2.0-OpenSSH_5.3
INF [20170605-17:43:41.152] thr=3   paramiko.transport: Connected (version 2.0, client OpenSSH_5.3)
DEB [20170605-17:43:41.163] thr=3   paramiko.transport: kex algos:['diffie-hellman-group-exchange-sha256', 'diffie-hellman-group-exchange-sha1', 'diffie-hellman-group14-sha1', 'diffie-hellman-group1-sha1'] server key:['ssh-rsa', 'ssh-dss'] client encrypt:['aes128-ctr', 'aes192-ctr', 'aes256-ctr', 'arcfour256', 'arcfour128', 'aes128-cbc', '3des-cbc', 'blowfish-cbc', 'cast128-cbc', 'aes192-cbc', 'aes256-cbc', 'arcfour', 'rijndael-cbc@lysator.liu.se'] server encrypt:['aes128-ctr', 'aes192-ctr', 'aes256-ctr', 'arcfour256', 'arcfour128', 'aes128-cbc', '3des-cbc', 'blowfish-cbc', 'cast128-cbc', 'aes192-cbc', 'aes256-cbc', 'arcfour', 'rijndael-cbc@lysator.liu.se'] client mac:['hmac-md5', 'hmac-sha1', 'umac-64@openssh.com', 'hmac-sha2-256', 'hmac-sha2-512', 'hmac-ripemd160', 'hmac-ripemd160@openssh.com', 'hmac-sha1-96', 'hmac-md5-96'] server mac:['hmac-md5', 'hmac-sha1', 'umac-64@openssh.com', 'hmac-sha2-256', 'hmac-sha2-512', 'hmac-ripemd160', 'hmac-ripemd160@openssh.com', 'hmac-sha1-96', 'hmac-md5-96'] client compress:['none', 'zlib@openssh.com'] server compress:['none', 'zlib@openssh.com'] client lang:[''] server lang:[''] kex follows?False
DEB [20170605-17:43:41.164] thr=3   paramiko.transport: Kex agreed: diffie-hellman-group1-sha1
DEB [20170605-17:43:41.164] thr=3   paramiko.transport: Cipher agreed: aes128-ctr
DEB [20170605-17:43:41.164] thr=3   paramiko.transport: MAC agreed: hmac-sha2-256
DEB [20170605-17:43:41.165] thr=3   paramiko.transport: Compression agreed: none
DEB [20170605-17:43:41.188] thr=3   paramiko.transport: kex engine KexGroup1 specified hash_algo <built-in function openssl_sha1>
DEB [20170605-17:43:41.188] thr=3   paramiko.transport: Switch to new keys ...
DEB [20170605-17:43:41.189] thr=2   paramiko.transport: Adding ssh-rsa host key for 120.76.168.28: b'368f1d0922e7f78f9e4f3d54ea61d6e1'
DEB [20170605-17:43:41.246] thr=3   paramiko.transport: userauth is OK
INF [20170605-17:43:41.284] thr=3   paramiko.transport: Authentication (password) successful!
DEB [20170605-17:43:41.285] thr=2   paramiko.transport: [chan 0] Max packet in: 32768 bytes
DEB [20170605-17:43:41.295] thr=3   paramiko.transport: [chan 0] Max packet out: 32768 bytes
DEB [20170605-17:43:41.295] thr=3   paramiko.transport: Secsh channel 0 opened.
DEB [20170605-17:43:41.307] thr=3   paramiko.transport: [chan 0] Sesch channel 0 request ok
DEB [20170605-17:43:41.345] thr=3   paramiko.transport: [chan 0] EOF received (0)
DEB [20170605-17:43:41.357] thr=4   paramiko.transport: starting thread (client mode): 0xa0773b38
DEB [20170605-17:43:41.358] thr=4   paramiko.transport: Local version/idstring: SSH-2.0-paramiko_2.1.2
DEB [20170605-17:43:41.372] thr=4   paramiko.transport: Remote version/idstring: SSH-2.0-OpenSSH_5.3
INF [20170605-17:43:41.372] thr=4   paramiko.transport: Connected (version 2.0, client OpenSSH_5.3)
DEB [20170605-17:43:41.383] thr=4   paramiko.transport: kex algos:['diffie-hellman-group-exchange-sha256', 'diffie-hellman-group-exchange-sha1', 'diffie-hellman-group14-sha1', 'diffie-hellman-group1-sha1'] server key:['ssh-rsa', 'ssh-dss'] client encrypt:['aes128-ctr', 'aes192-ctr', 'aes256-ctr', 'arcfour256', 'arcfour128', 'aes128-cbc', '3des-cbc', 'blowfish-cbc', 'cast128-cbc', 'aes192-cbc', 'aes256-cbc', 'arcfour', 'rijndael-cbc@lysator.liu.se'] server encrypt:['aes128-ctr', 'aes192-ctr', 'aes256-ctr', 'arcfour256', 'arcfour128', 'aes128-cbc', '3des-cbc', 'blowfish-cbc', 'cast128-cbc', 'aes192-cbc', 'aes256-cbc', 'arcfour', 'rijndael-cbc@lysator.liu.se'] client mac:['hmac-md5', 'hmac-sha1', 'umac-64@openssh.com', 'hmac-sha2-256', 'hmac-sha2-512', 'hmac-ripemd160', 'hmac-ripemd160@openssh.com', 'hmac-sha1-96', 'hmac-md5-96'] server mac:['hmac-md5', 'hmac-sha1', 'umac-64@openssh.com', 'hmac-sha2-256', 'hmac-sha2-512', 'hmac-ripemd160', 'hmac-ripemd160@openssh.com', 'hmac-sha1-96', 'hmac-md5-96'] client compress:['none', 'zlib@openssh.com'] server compress:['none', 'zlib@openssh.com'] client lang:[''] server lang:[''] kex follows?False
DEB [20170605-17:43:41.383] thr=4   paramiko.transport: Kex agreed: diffie-hellman-group1-sha1
DEB [20170605-17:43:41.384] thr=4   paramiko.transport: Cipher agreed: aes128-ctr
DEB [20170605-17:43:41.384] thr=4   paramiko.transport: MAC agreed: hmac-sha2-256
DEB [20170605-17:43:41.384] thr=4   paramiko.transport: Compression agreed: none
DEB [20170605-17:43:41.406] thr=4   paramiko.transport: kex engine KexGroup1 specified hash_algo <built-in function openssl_sha1>
DEB [20170605-17:43:41.407] thr=4   paramiko.transport: Switch to new keys ...
DEB [20170605-17:43:41.409] thr=2   paramiko.transport: Adding ssh-rsa host key for 120.76.168.28: b'368f1d0922e7f78f9e4f3d54ea61d6e1'
DEB [20170605-17:43:41.464] thr=4   paramiko.transport: userauth is OK
INF [20170605-17:43:41.503] thr=4   paramiko.transport: Authentication (password) successful!
DEB [20170605-17:43:41.504] thr=2   paramiko.transport: [chan 0] Max packet in: 32768 bytes
DEB [20170605-17:43:41.514] thr=4   paramiko.transport: [chan 0] Max packet out: 32768 bytes
DEB [20170605-17:43:41.514] thr=4   paramiko.transport: Secsh channel 0 opened.
DEB [20170605-17:43:41.525] thr=4   paramiko.transport: [chan 0] Sesch channel 0 request ok
DEB [20170605-17:43:41.533] thr=4   paramiko.transport: [chan 0] EOF received (0)
DEB [20170605-17:43:41.534] thr=2   paramiko.transport: [chan 1] Max packet in: 32768 bytes
DEB [20170605-17:43:41.534] thr=4   paramiko.transport: [chan 0] EOF sent (0)
DEB [20170605-17:43:41.544] thr=4   paramiko.transport: [chan 1] Max packet out: 32768 bytes
DEB [20170605-17:43:41.544] thr=4   paramiko.transport: Secsh channel 1 opened.
DEB [20170605-17:43:41.603] thr=4   paramiko.transport: [chan 1] Sesch channel 1 request ok
DEB [20170605-17:43:41.612] thr=4   paramiko.transport: [chan 1] EOF received (1)
DEB [20170605-17:43:41.613] thr=4   paramiko.transport: [chan 1] EOF sent (1)
DEB [20170605-17:43:41.614] thr=2   paramiko.transport: [chan 2] Max packet in: 32768 bytes
DEB [20170605-17:43:41.677] thr=4   paramiko.transport: [chan 2] Max packet out: 32768 bytes
DEB [20170605-17:43:41.677] thr=4   paramiko.transport: Secsh channel 2 opened.
DEB [20170605-17:43:41.688] thr=4   paramiko.transport: [chan 2] Sesch channel 2 request ok
DEB [20170605-17:43:41.695] thr=4   paramiko.transport: [chan 2] EOF received (2)
DEB [20170605-17:43:41.706] thr=5   paramiko.transport: starting thread (client mode): 0x9cfdc7f0
DEB [20170605-17:43:41.707] thr=5   paramiko.transport: Local version/idstring: SSH-2.0-paramiko_2.1.2
DEB [20170605-17:43:41.717] thr=5   paramiko.transport: Remote version/idstring: SSH-2.0-OpenSSH_5.3
INF [20170605-17:43:41.717] thr=5   paramiko.transport: Connected (version 2.0, client OpenSSH_5.3)
DEB [20170605-17:43:41.728] thr=5   paramiko.transport: kex algos:['diffie-hellman-group-exchange-sha256', 'diffie-hellman-group-exchange-sha1', 'diffie-hellman-group14-sha1', 'diffie-hellman-group1-sha1'] server key:['ssh-rsa', 'ssh-dss'] client encrypt:['aes128-ctr', 'aes192-ctr', 'aes256-ctr', 'arcfour256', 'arcfour128', 'aes128-cbc', '3des-cbc', 'blowfish-cbc', 'cast128-cbc', 'aes192-cbc', 'aes256-cbc', 'arcfour', 'rijndael-cbc@lysator.liu.se'] server encrypt:['aes128-ctr', 'aes192-ctr', 'aes256-ctr', 'arcfour256', 'arcfour128', 'aes128-cbc', '3des-cbc', 'blowfish-cbc', 'cast128-cbc', 'aes192-cbc', 'aes256-cbc', 'arcfour', 'rijndael-cbc@lysator.liu.se'] client mac:['hmac-md5', 'hmac-sha1', 'umac-64@openssh.com', 'hmac-sha2-256', 'hmac-sha2-512', 'hmac-ripemd160', 'hmac-ripemd160@openssh.com', 'hmac-sha1-96', 'hmac-md5-96'] server mac:['hmac-md5', 'hmac-sha1', 'umac-64@openssh.com', 'hmac-sha2-256', 'hmac-sha2-512', 'hmac-ripemd160', 'hmac-ripemd160@openssh.com', 'hmac-sha1-96', 'hmac-md5-96'] client compress:['none', 'zlib@openssh.com'] server compress:['none', 'zlib@openssh.com'] client lang:[''] server lang:[''] kex follows?False
DEB [20170605-17:43:41.729] thr=5   paramiko.transport: Kex agreed: diffie-hellman-group1-sha1
DEB [20170605-17:43:41.729] thr=5   paramiko.transport: Cipher agreed: aes128-ctr
DEB [20170605-17:43:41.729] thr=5   paramiko.transport: MAC agreed: hmac-sha2-256
DEB [20170605-17:43:41.729] thr=5   paramiko.transport: Compression agreed: none
DEB [20170605-17:43:41.750] thr=5   paramiko.transport: kex engine KexGroup1 specified hash_algo <built-in function openssl_sha1>
DEB [20170605-17:43:41.750] thr=5   paramiko.transport: Switch to new keys ...
DEB [20170605-17:43:41.751] thr=2   paramiko.transport: Attempting password auth...
DEB [20170605-17:43:41.806] thr=5   paramiko.transport: userauth is OK
INF [20170605-17:43:41.844] thr=5   paramiko.transport: Authentication (password) successful!
DEB [20170605-17:43:41.845] thr=2   paramiko.transport: [chan 0] Max packet in: 32768 bytes
DEB [20170605-17:43:41.853] thr=5   paramiko.transport: [chan 0] Max packet out: 32768 bytes
DEB [20170605-17:43:41.854] thr=5   paramiko.transport: Secsh channel 0 opened.
DEB [20170605-17:43:41.862] thr=5   paramiko.transport: [chan 0] Sesch channel 0 request ok
INF [20170605-17:43:41.872] thr=2   paramiko.transport.sftp: [chan 0] Opened sftp connection (server version 3)
DEB [20170605-17:43:51.158] thr=2   paramiko.transport.sftp: [chan 0] open(b'/home/tomcat-invoicing/webapps\\qc-invoicing', 'wb')
DEB [20170605-17:43:51.203] thr=2   paramiko.transport.sftp: [chan 0] open(b'/home/tomcat-invoicing/webapps\\qc-invoicing', 'wb') -> b'00000000'
DEB [20170605-17:45:05.808] thr=2   paramiko.transport.sftp: [chan 0] close(b'00000000')
DEB [20170605-17:45:05.908] thr=2   paramiko.transport.sftp: [chan 0] stat(b'/home/tomcat-invoicing/webapps\\qc-invoicing')
DEB [20170605-17:45:05.918] thr=5   paramiko.transport: EOF in transport thread
DEB [20170605-17:45:05.930] thr=6   paramiko.transport: starting thread (client mode): 0xa079d908
DEB [20170605-17:45:05.931] thr=6   paramiko.transport: Local version/idstring: SSH-2.0-paramiko_2.1.2
DEB [20170605-17:45:05.941] thr=6   paramiko.transport: Remote version/idstring: SSH-2.0-OpenSSH_5.3
INF [20170605-17:45:05.941] thr=6   paramiko.transport: Connected (version 2.0, client OpenSSH_5.3)
DEB [20170605-17:45:05.950] thr=6   paramiko.transport: kex algos:['diffie-hellman-group-exchange-sha256', 'diffie-hellman-group-exchange-sha1', 'diffie-hellman-group14-sha1', 'diffie-hellman-group1-sha1'] server key:['ssh-rsa', 'ssh-dss'] client encrypt:['aes128-ctr', 'aes192-ctr', 'aes256-ctr', 'arcfour256', 'arcfour128', 'aes128-cbc', '3des-cbc', 'blowfish-cbc', 'cast128-cbc', 'aes192-cbc', 'aes256-cbc', 'arcfour', 'rijndael-cbc@lysator.liu.se'] server encrypt:['aes128-ctr', 'aes192-ctr', 'aes256-ctr', 'arcfour256', 'arcfour128', 'aes128-cbc', '3des-cbc', 'blowfish-cbc', 'cast128-cbc', 'aes192-cbc', 'aes256-cbc', 'arcfour', 'rijndael-cbc@lysator.liu.se'] client mac:['hmac-md5', 'hmac-sha1', 'umac-64@openssh.com', 'hmac-sha2-256', 'hmac-sha2-512', 'hmac-ripemd160', 'hmac-ripemd160@openssh.com', 'hmac-sha1-96', 'hmac-md5-96'] server mac:['hmac-md5', 'hmac-sha1', 'umac-64@openssh.com', 'hmac-sha2-256', 'hmac-sha2-512', 'hmac-ripemd160', 'hmac-ripemd160@openssh.com', 'hmac-sha1-96', 'hmac-md5-96'] client compress:['none', 'zlib@openssh.com'] server compress:['none', 'zlib@openssh.com'] client lang:[''] server lang:[''] kex follows?False
DEB [20170605-17:45:05.950] thr=6   paramiko.transport: Kex agreed: diffie-hellman-group1-sha1
DEB [20170605-17:45:05.950] thr=6   paramiko.transport: Cipher agreed: aes128-ctr
DEB [20170605-17:45:05.950] thr=6   paramiko.transport: MAC agreed: hmac-sha2-256
DEB [20170605-17:45:05.951] thr=6   paramiko.transport: Compression agreed: none
DEB [20170605-17:45:05.971] thr=6   paramiko.transport: kex engine KexGroup1 specified hash_algo <built-in function openssl_sha1>
DEB [20170605-17:45:05.972] thr=6   paramiko.transport: Switch to new keys ...
DEB [20170605-17:45:05.973] thr=2   paramiko.transport: Adding ssh-rsa host key for 120.76.168.28: b'368f1d0922e7f78f9e4f3d54ea61d6e1'
DEB [20170605-17:45:06.046] thr=6   paramiko.transport: userauth is OK
INF [20170605-17:45:06.096] thr=6   paramiko.transport: Authentication (password) successful!
DEB [20170605-17:45:06.097] thr=2   paramiko.transport: [chan 0] Max packet in: 32768 bytes
DEB [20170605-17:45:06.107] thr=6   paramiko.transport: [chan 0] Max packet out: 32768 bytes
DEB [20170605-17:45:06.108] thr=6   paramiko.transport: Secsh channel 0 opened.
DEB [20170605-17:45:06.115] thr=6   paramiko.transport: [chan 0] Sesch channel 0 request ok
DEB [20170605-17:45:06.130] thr=6   paramiko.transport: [chan 0] EOF received (0)
DEB [20170605-17:45:06.131] thr=2   paramiko.transport: [chan 1] Max packet in: 32768 bytes
DEB [20170605-17:45:06.132] thr=6   paramiko.transport: [chan 0] EOF sent (0)
DEB [20170605-17:45:06.156] thr=6   paramiko.transport: [chan 1] Max packet out: 32768 bytes
DEB [20170605-17:45:06.157] thr=6   paramiko.transport: Secsh channel 1 opened.
DEB [20170605-17:45:06.208] thr=6   paramiko.transport: [chan 1] Sesch channel 1 request ok
DEB [20170605-17:45:06.222] thr=6   paramiko.transport: [chan 1] EOF received (1)
DEB [20170605-17:45:06.233] thr=7   paramiko.transport: starting thread (client mode): 0xa0b07e48
DEB [20170605-17:45:06.234] thr=7   paramiko.transport: Local version/idstring: SSH-2.0-paramiko_2.1.2
DEB [20170605-17:45:06.248] thr=7   paramiko.transport: Remote version/idstring: SSH-2.0-OpenSSH_5.3
INF [20170605-17:45:06.248] thr=7   paramiko.transport: Connected (version 2.0, client OpenSSH_5.3)
DEB [20170605-17:45:06.260] thr=7   paramiko.transport: kex algos:['diffie-hellman-group-exchange-sha256', 'diffie-hellman-group-exchange-sha1', 'diffie-hellman-group14-sha1', 'diffie-hellman-group1-sha1'] server key:['ssh-rsa', 'ssh-dss'] client encrypt:['aes128-ctr', 'aes192-ctr', 'aes256-ctr', 'arcfour256', 'arcfour128', 'aes128-cbc', '3des-cbc', 'blowfish-cbc', 'cast128-cbc', 'aes192-cbc', 'aes256-cbc', 'arcfour', 'rijndael-cbc@lysator.liu.se'] server encrypt:['aes128-ctr', 'aes192-ctr', 'aes256-ctr', 'arcfour256', 'arcfour128', 'aes128-cbc', '3des-cbc', 'blowfish-cbc', 'cast128-cbc', 'aes192-cbc', 'aes256-cbc', 'arcfour', 'rijndael-cbc@lysator.liu.se'] client mac:['hmac-md5', 'hmac-sha1', 'umac-64@openssh.com', 'hmac-sha2-256', 'hmac-sha2-512', 'hmac-ripemd160', 'hmac-ripemd160@openssh.com', 'hmac-sha1-96', 'hmac-md5-96'] server mac:['hmac-md5', 'hmac-sha1', 'umac-64@openssh.com', 'hmac-sha2-256', 'hmac-sha2-512', 'hmac-ripemd160', 'hmac-ripemd160@openssh.com', 'hmac-sha1-96', 'hmac-md5-96'] client compress:['none', 'zlib@openssh.com'] server compress:['none', 'zlib@openssh.com'] client lang:[''] server lang:[''] kex follows?False
DEB [20170605-17:45:06.261] thr=7   paramiko.transport: Kex agreed: diffie-hellman-group1-sha1
DEB [20170605-17:45:06.261] thr=7   paramiko.transport: Cipher agreed: aes128-ctr
DEB [20170605-17:45:06.262] thr=7   paramiko.transport: MAC agreed: hmac-sha2-256
DEB [20170605-17:45:06.262] thr=7   paramiko.transport: Compression agreed: none
DEB [20170605-17:45:06.287] thr=7   paramiko.transport: kex engine KexGroup1 specified hash_algo <built-in function openssl_sha1>
DEB [20170605-17:45:06.288] thr=7   paramiko.transport: Switch to new keys ...
DEB [20170605-17:45:06.290] thr=2   paramiko.transport: Adding ssh-rsa host key for 120.76.168.28: b'368f1d0922e7f78f9e4f3d54ea61d6e1'
DEB [20170605-17:45:06.349] thr=7   paramiko.transport: userauth is OK
INF [20170605-17:45:06.388] thr=7   paramiko.transport: Authentication (password) successful!
DEB [20170605-17:45:06.388] thr=2   paramiko.transport: [chan 0] Max packet in: 32768 bytes
DEB [20170605-17:45:06.399] thr=7   paramiko.transport: [chan 0] Max packet out: 32768 bytes
DEB [20170605-17:45:06.399] thr=7   paramiko.transport: Secsh channel 0 opened.
DEB [20170605-17:45:06.410] thr=7   paramiko.transport: [chan 0] Sesch channel 0 request ok
DEB [20170605-17:45:06.704] thr=7   paramiko.transport: [chan 0] EOF received (0)
