DEB [20170605-14:16:49.444] thr=3   paramiko.transport: starting thread (client mode): 0xc0fd5c0
DEB [20170605-14:16:49.444] thr=3   paramiko.transport: Local version/idstring: SSH-2.0-paramiko_2.1.2
DEB [20170605-14:16:49.444] thr=3   paramiko.transport: Remote version/idstring: SSH-2.0-OpenSSH_5.3
INF [20170605-14:16:49.444] thr=3   paramiko.transport: Connected (version 2.0, client OpenSSH_5.3)
DEB [20170605-14:16:49.450] thr=3   paramiko.transport: kex algos:['diffie-hellman-group-exchange-sha256', 'diffie-hellman-group-exchange-sha1', 'diffie-hellman-group14-sha1', 'diffie-hellman-group1-sha1'] server key:['ssh-rsa', 'ssh-dss'] client encrypt:['aes128-ctr', 'aes192-ctr', 'aes256-ctr', 'arcfour256', 'arcfour128', 'aes128-cbc', '3des-cbc', 'blowfish-cbc', 'cast128-cbc', 'aes192-cbc', 'aes256-cbc', 'arcfour', 'rijndael-cbc@lysator.liu.se'] server encrypt:['aes128-ctr', 'aes192-ctr', 'aes256-ctr', 'arcfour256', 'arcfour128', 'aes128-cbc', '3des-cbc', 'blowfish-cbc', 'cast128-cbc', 'aes192-cbc', 'aes256-cbc', 'arcfour', 'rijndael-cbc@lysator.liu.se'] client mac:['hmac-md5', 'hmac-sha1', 'umac-64@openssh.com', 'hmac-sha2-256', 'hmac-sha2-512', 'hmac-ripemd160', 'hmac-ripemd160@openssh.com', 'hmac-sha1-96', 'hmac-md5-96'] server mac:['hmac-md5', 'hmac-sha1', 'umac-64@openssh.com', 'hmac-sha2-256', 'hmac-sha2-512', 'hmac-ripemd160', 'hmac-ripemd160@openssh.com', 'hmac-sha1-96', 'hmac-md5-96'] client compress:['none', 'zlib@openssh.com'] server compress:['none', 'zlib@openssh.com'] client lang:[''] server lang:[''] kex follows?False
DEB [20170605-14:16:49.451] thr=3   paramiko.transport: Kex agreed: diffie-hellman-group1-sha1
DEB [20170605-14:16:49.451] thr=3   paramiko.transport: Cipher agreed: aes128-ctr
DEB [20170605-14:16:49.451] thr=3   paramiko.transport: MAC agreed: hmac-sha2-256
DEB [20170605-14:16:49.451] thr=3   paramiko.transport: Compression agreed: none
DEB [20170605-14:16:49.506] thr=3   paramiko.transport: kex engine KexGroup1 specified hash_algo <built-in function openssl_sha1>
DEB [20170605-14:16:49.506] thr=3   paramiko.transport: Switch to new keys ...
DEB [20170605-14:16:49.508] thr=2   paramiko.transport: Adding ssh-rsa host key for 120.76.168.28: b'368f1d0922e7f78f9e4f3d54ea61d6e1'
DEB [20170605-14:16:49.555] thr=3   paramiko.transport: userauth is OK
INF [20170605-14:16:49.588] thr=3   paramiko.transport: Authentication (password) successful!
DEB [20170605-14:16:49.589] thr=2   paramiko.transport: [chan 0] Max packet in: 32768 bytes
DEB [20170605-14:16:49.594] thr=3   paramiko.transport: [chan 0] Max packet out: 32768 bytes
DEB [20170605-14:16:49.594] thr=3   paramiko.transport: Secsh channel 0 opened.
DEB [20170605-14:16:49.600] thr=3   paramiko.transport: [chan 0] Sesch channel 0 request ok
DEB [20170605-14:16:49.656] thr=3   paramiko.transport: [chan 0] EOF received (0)
DEB [20170605-14:16:49.674] thr=4   paramiko.transport: starting thread (client mode): 0xc5c9710
DEB [20170605-14:16:49.674] thr=4   paramiko.transport: Local version/idstring: SSH-2.0-paramiko_2.1.2
DEB [20170605-14:16:49.678] thr=4   paramiko.transport: Remote version/idstring: SSH-2.0-OpenSSH_5.3
INF [20170605-14:16:49.678] thr=4   paramiko.transport: Connected (version 2.0, client OpenSSH_5.3)
DEB [20170605-14:16:49.689] thr=4   paramiko.transport: kex algos:['diffie-hellman-group-exchange-sha256', 'diffie-hellman-group-exchange-sha1', 'diffie-hellman-group14-sha1', 'diffie-hellman-group1-sha1'] server key:['ssh-rsa', 'ssh-dss'] client encrypt:['aes128-ctr', 'aes192-ctr', 'aes256-ctr', 'arcfour256', 'arcfour128', 'aes128-cbc', '3des-cbc', 'blowfish-cbc', 'cast128-cbc', 'aes192-cbc', 'aes256-cbc', 'arcfour', 'rijndael-cbc@lysator.liu.se'] server encrypt:['aes128-ctr', 'aes192-ctr', 'aes256-ctr', 'arcfour256', 'arcfour128', 'aes128-cbc', '3des-cbc', 'blowfish-cbc', 'cast128-cbc', 'aes192-cbc', 'aes256-cbc', 'arcfour', 'rijndael-cbc@lysator.liu.se'] client mac:['hmac-md5', 'hmac-sha1', 'umac-64@openssh.com', 'hmac-sha2-256', 'hmac-sha2-512', 'hmac-ripemd160', 'hmac-ripemd160@openssh.com', 'hmac-sha1-96', 'hmac-md5-96'] server mac:['hmac-md5', 'hmac-sha1', 'umac-64@openssh.com', 'hmac-sha2-256', 'hmac-sha2-512', 'hmac-ripemd160', 'hmac-ripemd160@openssh.com', 'hmac-sha1-96', 'hmac-md5-96'] client compress:['none', 'zlib@openssh.com'] server compress:['none', 'zlib@openssh.com'] client lang:[''] server lang:[''] kex follows?False
DEB [20170605-14:16:49.690] thr=4   paramiko.transport: Kex agreed: diffie-hellman-group1-sha1
DEB [20170605-14:16:49.690] thr=4   paramiko.transport: Cipher agreed: aes128-ctr
DEB [20170605-14:16:49.690] thr=4   paramiko.transport: MAC agreed: hmac-sha2-256
DEB [20170605-14:16:49.690] thr=4   paramiko.transport: Compression agreed: none
DEB [20170605-14:16:49.714] thr=4   paramiko.transport: kex engine KexGroup1 specified hash_algo <built-in function openssl_sha1>
DEB [20170605-14:16:49.714] thr=4   paramiko.transport: Switch to new keys ...
DEB [20170605-14:16:49.715] thr=2   paramiko.transport: Adding ssh-rsa host key for 120.76.168.28: b'368f1d0922e7f78f9e4f3d54ea61d6e1'
DEB [20170605-14:16:49.769] thr=4   paramiko.transport: userauth is OK
INF [20170605-14:16:49.813] thr=4   paramiko.transport: Authentication (password) successful!
DEB [20170605-14:16:49.814] thr=2   paramiko.transport: [chan 0] Max packet in: 32768 bytes
DEB [20170605-14:16:49.822] thr=4   paramiko.transport: [chan 0] Max packet out: 32768 bytes
DEB [20170605-14:16:49.822] thr=4   paramiko.transport: Secsh channel 0 opened.
DEB [20170605-14:16:49.832] thr=4   paramiko.transport: [chan 0] Sesch channel 0 request ok
DEB [20170605-14:16:49.866] thr=4   paramiko.transport: [chan 0] EOF received (0)
DEB [20170605-14:16:49.867] thr=4   paramiko.transport: [chan 0] EOF sent (0)
DEB [20170605-14:16:49.868] thr=2   paramiko.transport: [chan 1] Max packet in: 32768 bytes
DEB [20170605-14:16:49.923] thr=4   paramiko.transport: [chan 1] Max packet out: 32768 bytes
DEB [20170605-14:16:49.923] thr=4   paramiko.transport: Secsh channel 1 opened.
DEB [20170605-14:16:49.933] thr=4   paramiko.transport: [chan 1] Sesch channel 1 request ok
DEB [20170605-14:16:50.049] thr=4   paramiko.transport: [chan 1] EOF received (1)
DEB [20170605-14:16:50.050] thr=2   paramiko.transport: [chan 2] Max packet in: 32768 bytes
DEB [20170605-14:16:50.050] thr=4   paramiko.transport: [chan 1] EOF sent (1)
DEB [20170605-14:16:50.059] thr=4   paramiko.transport: [chan 2] Max packet out: 32768 bytes
DEB [20170605-14:16:50.059] thr=4   paramiko.transport: Secsh channel 2 opened.
DEB [20170605-14:16:50.117] thr=4   paramiko.transport: [chan 2] Sesch channel 2 request ok
DEB [20170605-14:16:50.125] thr=4   paramiko.transport: [chan 2] EOF received (2)
DEB [20170605-14:16:50.135] thr=4   paramiko.transport: starting thread (client mode): 0xc5c9710
DEB [20170605-14:16:50.136] thr=4   paramiko.transport: Local version/idstring: SSH-2.0-paramiko_2.1.2
DEB [20170605-14:16:50.152] thr=4   paramiko.transport: Remote version/idstring: SSH-2.0-OpenSSH_5.3
INF [20170605-14:16:50.152] thr=4   paramiko.transport: Connected (version 2.0, client OpenSSH_5.3)
DEB [20170605-14:16:50.166] thr=4   paramiko.transport: kex algos:['diffie-hellman-group-exchange-sha256', 'diffie-hellman-group-exchange-sha1', 'diffie-hellman-group14-sha1', 'diffie-hellman-group1-sha1'] server key:['ssh-rsa', 'ssh-dss'] client encrypt:['aes128-ctr', 'aes192-ctr', 'aes256-ctr', 'arcfour256', 'arcfour128', 'aes128-cbc', '3des-cbc', 'blowfish-cbc', 'cast128-cbc', 'aes192-cbc', 'aes256-cbc', 'arcfour', 'rijndael-cbc@lysator.liu.se'] server encrypt:['aes128-ctr', 'aes192-ctr', 'aes256-ctr', 'arcfour256', 'arcfour128', 'aes128-cbc', '3des-cbc', 'blowfish-cbc', 'cast128-cbc', 'aes192-cbc', 'aes256-cbc', 'arcfour', 'rijndael-cbc@lysator.liu.se'] client mac:['hmac-md5', 'hmac-sha1', 'umac-64@openssh.com', 'hmac-sha2-256', 'hmac-sha2-512', 'hmac-ripemd160', 'hmac-ripemd160@openssh.com', 'hmac-sha1-96', 'hmac-md5-96'] server mac:['hmac-md5', 'hmac-sha1', 'umac-64@openssh.com', 'hmac-sha2-256', 'hmac-sha2-512', 'hmac-ripemd160', 'hmac-ripemd160@openssh.com', 'hmac-sha1-96', 'hmac-md5-96'] client compress:['none', 'zlib@openssh.com'] server compress:['none', 'zlib@openssh.com'] client lang:[''] server lang:[''] kex follows?False
DEB [20170605-14:16:50.166] thr=4   paramiko.transport: Kex agreed: diffie-hellman-group1-sha1
DEB [20170605-14:16:50.167] thr=4   paramiko.transport: Cipher agreed: aes128-ctr
DEB [20170605-14:16:50.167] thr=4   paramiko.transport: MAC agreed: hmac-sha2-256
DEB [20170605-14:16:50.167] thr=4   paramiko.transport: Compression agreed: none
DEB [20170605-14:16:50.193] thr=4   paramiko.transport: kex engine KexGroup1 specified hash_algo <built-in function openssl_sha1>
DEB [20170605-14:16:50.193] thr=4   paramiko.transport: Switch to new keys ...
DEB [20170605-14:16:50.195] thr=2   paramiko.transport: Attempting password auth...
DEB [20170605-14:16:50.255] thr=4   paramiko.transport: userauth is OK
INF [20170605-14:16:50.289] thr=4   paramiko.transport: Authentication (password) successful!
DEB [20170605-14:16:50.290] thr=2   paramiko.transport: [chan 0] Max packet in: 32768 bytes
DEB [20170605-14:16:50.296] thr=4   paramiko.transport: [chan 0] Max packet out: 32768 bytes
DEB [20170605-14:16:50.296] thr=4   paramiko.transport: Secsh channel 0 opened.
DEB [20170605-14:16:50.303] thr=4   paramiko.transport: [chan 0] Sesch channel 0 request ok
INF [20170605-14:16:50.313] thr=2   paramiko.transport.sftp: [chan 0] Opened sftp connection (server version 3)
DEB [20170605-14:16:50.314] thr=2   paramiko.transport.sftp: [chan 0] open(b'/home/tomcat-invoicing/webapps', 'wb')
DEB [20170605-14:16:50.324] thr=4   paramiko.transport: EOF in transport thread
