DEB [20170605-14:23:40.009] thr=3   paramiko.transport: starting thread (client mode): 0x25ff0400
DEB [20170605-14:23:40.010] thr=3   paramiko.transport: Local version/idstring: SSH-2.0-paramiko_2.1.2
DEB [20170605-14:23:40.019] thr=3   paramiko.transport: Remote version/idstring: SSH-2.0-OpenSSH_5.3
INF [20170605-14:23:40.019] thr=3   paramiko.transport: Connected (version 2.0, client OpenSSH_5.3)
DEB [20170605-14:23:40.026] thr=3   paramiko.transport: kex algos:['diffie-hellman-group-exchange-sha256', 'diffie-hellman-group-exchange-sha1', 'diffie-hellman-group14-sha1', 'diffie-hellman-group1-sha1'] server key:['ssh-rsa', 'ssh-dss'] client encrypt:['aes128-ctr', 'aes192-ctr', 'aes256-ctr', 'arcfour256', 'arcfour128', 'aes128-cbc', '3des-cbc', 'blowfish-cbc', 'cast128-cbc', 'aes192-cbc', 'aes256-cbc', 'arcfour', 'rijndael-cbc@lysator.liu.se'] server encrypt:['aes128-ctr', 'aes192-ctr', 'aes256-ctr', 'arcfour256', 'arcfour128', 'aes128-cbc', '3des-cbc', 'blowfish-cbc', 'cast128-cbc', 'aes192-cbc', 'aes256-cbc', 'arcfour', 'rijndael-cbc@lysator.liu.se'] client mac:['hmac-md5', 'hmac-sha1', 'umac-64@openssh.com', 'hmac-sha2-256', 'hmac-sha2-512', 'hmac-ripemd160', 'hmac-ripemd160@openssh.com', 'hmac-sha1-96', 'hmac-md5-96'] server mac:['hmac-md5', 'hmac-sha1', 'umac-64@openssh.com', 'hmac-sha2-256', 'hmac-sha2-512', 'hmac-ripemd160', 'hmac-ripemd160@openssh.com', 'hmac-sha1-96', 'hmac-md5-96'] client compress:['none', 'zlib@openssh.com'] server compress:['none', 'zlib@openssh.com'] client lang:[''] server lang:[''] kex follows?False
DEB [20170605-14:23:40.027] thr=3   paramiko.transport: Kex agreed: diffie-hellman-group1-sha1
DEB [20170605-14:23:40.027] thr=3   paramiko.transport: Cipher agreed: aes128-ctr
DEB [20170605-14:23:40.028] thr=3   paramiko.transport: MAC agreed: hmac-sha2-256
DEB [20170605-14:23:40.028] thr=3   paramiko.transport: Compression agreed: none
DEB [20170605-14:23:40.046] thr=3   paramiko.transport: kex engine KexGroup1 specified hash_algo <built-in function openssl_sha1>
DEB [20170605-14:23:40.047] thr=3   paramiko.transport: Switch to new keys ...
DEB [20170605-14:23:40.048] thr=2   paramiko.transport: Adding ssh-rsa host key for 120.76.168.28: b'368f1d0922e7f78f9e4f3d54ea61d6e1'
DEB [20170605-14:23:40.099] thr=3   paramiko.transport: userauth is OK
INF [20170605-14:23:40.134] thr=3   paramiko.transport: Authentication (password) successful!
DEB [20170605-14:23:40.135] thr=2   paramiko.transport: [chan 0] Max packet in: 32768 bytes
DEB [20170605-14:23:40.141] thr=3   paramiko.transport: [chan 0] Max packet out: 32768 bytes
DEB [20170605-14:23:40.142] thr=3   paramiko.transport: Secsh channel 0 opened.
DEB [20170605-14:23:40.149] thr=3   paramiko.transport: [chan 0] Sesch channel 0 request ok
DEB [20170605-14:23:40.182] thr=3   paramiko.transport: [chan 0] EOF received (0)
DEB [20170605-14:23:40.193] thr=3   paramiko.transport: starting thread (client mode): 0x25ff0400
DEB [20170605-14:23:40.193] thr=3   paramiko.transport: Local version/idstring: SSH-2.0-paramiko_2.1.2
DEB [20170605-14:23:40.204] thr=3   paramiko.transport: Remote version/idstring: SSH-2.0-OpenSSH_5.3
INF [20170605-14:23:40.204] thr=3   paramiko.transport: Connected (version 2.0, client OpenSSH_5.3)
DEB [20170605-14:23:40.214] thr=3   paramiko.transport: kex algos:['diffie-hellman-group-exchange-sha256', 'diffie-hellman-group-exchange-sha1', 'diffie-hellman-group14-sha1', 'diffie-hellman-group1-sha1'] server key:['ssh-rsa', 'ssh-dss'] client encrypt:['aes128-ctr', 'aes192-ctr', 'aes256-ctr', 'arcfour256', 'arcfour128', 'aes128-cbc', '3des-cbc', 'blowfish-cbc', 'cast128-cbc', 'aes192-cbc', 'aes256-cbc', 'arcfour', 'rijndael-cbc@lysator.liu.se'] server encrypt:['aes128-ctr', 'aes192-ctr', 'aes256-ctr', 'arcfour256', 'arcfour128', 'aes128-cbc', '3des-cbc', 'blowfish-cbc', 'cast128-cbc', 'aes192-cbc', 'aes256-cbc', 'arcfour', 'rijndael-cbc@lysator.liu.se'] client mac:['hmac-md5', 'hmac-sha1', 'umac-64@openssh.com', 'hmac-sha2-256', 'hmac-sha2-512', 'hmac-ripemd160', 'hmac-ripemd160@openssh.com', 'hmac-sha1-96', 'hmac-md5-96'] server mac:['hmac-md5', 'hmac-sha1', 'umac-64@openssh.com', 'hmac-sha2-256', 'hmac-sha2-512', 'hmac-ripemd160', 'hmac-ripemd160@openssh.com', 'hmac-sha1-96', 'hmac-md5-96'] client compress:['none', 'zlib@openssh.com'] server compress:['none', 'zlib@openssh.com'] client lang:[''] server lang:[''] kex follows?False
DEB [20170605-14:23:40.215] thr=3   paramiko.transport: Kex agreed: diffie-hellman-group1-sha1
DEB [20170605-14:23:40.215] thr=3   paramiko.transport: Cipher agreed: aes128-ctr
DEB [20170605-14:23:40.215] thr=3   paramiko.transport: MAC agreed: hmac-sha2-256
DEB [20170605-14:23:40.216] thr=3   paramiko.transport: Compression agreed: none
DEB [20170605-14:23:40.238] thr=3   paramiko.transport: kex engine KexGroup1 specified hash_algo <built-in function openssl_sha1>
DEB [20170605-14:23:40.239] thr=3   paramiko.transport: Switch to new keys ...
DEB [20170605-14:23:40.240] thr=2   paramiko.transport: Adding ssh-rsa host key for 120.76.168.28: b'368f1d0922e7f78f9e4f3d54ea61d6e1'
DEB [20170605-14:23:40.288] thr=3   paramiko.transport: userauth is OK
INF [20170605-14:23:40.329] thr=3   paramiko.transport: Authentication (password) successful!
DEB [20170605-14:23:40.329] thr=2   paramiko.transport: [chan 0] Max packet in: 32768 bytes
DEB [20170605-14:23:40.335] thr=3   paramiko.transport: [chan 0] Max packet out: 32768 bytes
DEB [20170605-14:23:40.335] thr=3   paramiko.transport: Secsh channel 0 opened.
DEB [20170605-14:23:40.342] thr=3   paramiko.transport: [chan 0] Sesch channel 0 request ok
DEB [20170605-14:23:40.352] thr=3   paramiko.transport: [chan 0] EOF received (0)
DEB [20170605-14:23:40.353] thr=3   paramiko.transport: [chan 0] EOF sent (0)
DEB [20170605-14:23:40.353] thr=2   paramiko.transport: [chan 1] Max packet in: 32768 bytes
DEB [20170605-14:23:40.404] thr=3   paramiko.transport: [chan 1] Max packet out: 32768 bytes
DEB [20170605-14:23:40.405] thr=3   paramiko.transport: Secsh channel 1 opened.
DEB [20170605-14:23:40.411] thr=3   paramiko.transport: [chan 1] Sesch channel 1 request ok
DEB [20170605-14:23:40.419] thr=3   paramiko.transport: [chan 1] EOF received (1)
DEB [20170605-14:23:40.420] thr=2   paramiko.transport: [chan 2] Max packet in: 32768 bytes
DEB [20170605-14:23:40.420] thr=3   paramiko.transport: [chan 1] EOF sent (1)
DEB [20170605-14:23:40.426] thr=3   paramiko.transport: [chan 2] Max packet out: 32768 bytes
DEB [20170605-14:23:40.427] thr=3   paramiko.transport: Secsh channel 2 opened.
DEB [20170605-14:23:40.477] thr=3   paramiko.transport: [chan 2] Sesch channel 2 request ok
DEB [20170605-14:23:40.517] thr=3   paramiko.transport: [chan 2] EOF received (2)
DEB [20170605-14:23:40.528] thr=4   paramiko.transport: starting thread (client mode): 0x24a72080
DEB [20170605-14:23:40.528] thr=4   paramiko.transport: Local version/idstring: SSH-2.0-paramiko_2.1.2
DEB [20170605-14:23:40.542] thr=4   paramiko.transport: Remote version/idstring: SSH-2.0-OpenSSH_5.3
INF [20170605-14:23:40.542] thr=4   paramiko.transport: Connected (version 2.0, client OpenSSH_5.3)
DEB [20170605-14:23:40.553] thr=4   paramiko.transport: kex algos:['diffie-hellman-group-exchange-sha256', 'diffie-hellman-group-exchange-sha1', 'diffie-hellman-group14-sha1', 'diffie-hellman-group1-sha1'] server key:['ssh-rsa', 'ssh-dss'] client encrypt:['aes128-ctr', 'aes192-ctr', 'aes256-ctr', 'arcfour256', 'arcfour128', 'aes128-cbc', '3des-cbc', 'blowfish-cbc', 'cast128-cbc', 'aes192-cbc', 'aes256-cbc', 'arcfour', 'rijndael-cbc@lysator.liu.se'] server encrypt:['aes128-ctr', 'aes192-ctr', 'aes256-ctr', 'arcfour256', 'arcfour128', 'aes128-cbc', '3des-cbc', 'blowfish-cbc', 'cast128-cbc', 'aes192-cbc', 'aes256-cbc', 'arcfour', 'rijndael-cbc@lysator.liu.se'] client mac:['hmac-md5', 'hmac-sha1', 'umac-64@openssh.com', 'hmac-sha2-256', 'hmac-sha2-512', 'hmac-ripemd160', 'hmac-ripemd160@openssh.com', 'hmac-sha1-96', 'hmac-md5-96'] server mac:['hmac-md5', 'hmac-sha1', 'umac-64@openssh.com', 'hmac-sha2-256', 'hmac-sha2-512', 'hmac-ripemd160', 'hmac-ripemd160@openssh.com', 'hmac-sha1-96', 'hmac-md5-96'] client compress:['none', 'zlib@openssh.com'] server compress:['none', 'zlib@openssh.com'] client lang:[''] server lang:[''] kex follows?False
DEB [20170605-14:23:40.554] thr=4   paramiko.transport: Kex agreed: diffie-hellman-group1-sha1
DEB [20170605-14:23:40.554] thr=4   paramiko.transport: Cipher agreed: aes128-ctr
DEB [20170605-14:23:40.554] thr=4   paramiko.transport: MAC agreed: hmac-sha2-256
DEB [20170605-14:23:40.555] thr=4   paramiko.transport: Compression agreed: none
DEB [20170605-14:23:40.576] thr=4   paramiko.transport: kex engine KexGroup1 specified hash_algo <built-in function openssl_sha1>
DEB [20170605-14:23:40.577] thr=4   paramiko.transport: Switch to new keys ...
DEB [20170605-14:23:40.577] thr=2   paramiko.transport: Attempting password auth...
DEB [20170605-14:23:40.637] thr=4   paramiko.transport: userauth is OK
INF [20170605-14:23:40.675] thr=4   paramiko.transport: Authentication (password) successful!
DEB [20170605-14:23:40.676] thr=2   paramiko.transport: [chan 0] Max packet in: 32768 bytes
DEB [20170605-14:23:40.685] thr=4   paramiko.transport: [chan 0] Max packet out: 32768 bytes
DEB [20170605-14:23:40.685] thr=4   paramiko.transport: Secsh channel 0 opened.
DEB [20170605-14:23:40.728] thr=4   paramiko.transport: [chan 0] Sesch channel 0 request ok
INF [20170605-14:23:40.737] thr=2   paramiko.transport.sftp: [chan 0] Opened sftp connection (server version 3)
DEB [20170605-14:23:40.738] thr=2   paramiko.transport.sftp: [chan 0] open(b'/home/tomcat-invoicing/webapps', 'wb')
DEB [20170605-14:23:40.749] thr=4   paramiko.transport: EOF in transport thread
