DEB [20170605-18:18:02.125] thr=3   paramiko.transport: starting thread (client mode): 0x55050470
DEB [20170605-18:18:02.126] thr=3   paramiko.transport: Local version/idstring: SSH-2.0-paramiko_2.1.2
DEB [20170605-18:18:02.138] thr=3   paramiko.transport: Remote version/idstring: SSH-2.0-OpenSSH_5.3
INF [20170605-18:18:02.139] thr=3   paramiko.transport: Connected (version 2.0, client OpenSSH_5.3)
DEB [20170605-18:18:02.147] thr=3   paramiko.transport: kex algos:['diffie-hellman-group-exchange-sha256', 'diffie-hellman-group-exchange-sha1', 'diffie-hellman-group14-sha1', 'diffie-hellman-group1-sha1'] server key:['ssh-rsa', 'ssh-dss'] client encrypt:['aes128-ctr', 'aes192-ctr', 'aes256-ctr', 'arcfour256', 'arcfour128', 'aes128-cbc', '3des-cbc', 'blowfish-cbc', 'cast128-cbc', 'aes192-cbc', 'aes256-cbc', 'arcfour', 'rijndael-cbc@lysator.liu.se'] server encrypt:['aes128-ctr', 'aes192-ctr', 'aes256-ctr', 'arcfour256', 'arcfour128', 'aes128-cbc', '3des-cbc', 'blowfish-cbc', 'cast128-cbc', 'aes192-cbc', 'aes256-cbc', 'arcfour', 'rijndael-cbc@lysator.liu.se'] client mac:['hmac-md5', 'hmac-sha1', 'umac-64@openssh.com', 'hmac-sha2-256', 'hmac-sha2-512', 'hmac-ripemd160', 'hmac-ripemd160@openssh.com', 'hmac-sha1-96', 'hmac-md5-96'] server mac:['hmac-md5', 'hmac-sha1', 'umac-64@openssh.com', 'hmac-sha2-256', 'hmac-sha2-512', 'hmac-ripemd160', 'hmac-ripemd160@openssh.com', 'hmac-sha1-96', 'hmac-md5-96'] client compress:['none', 'zlib@openssh.com'] server compress:['none', 'zlib@openssh.com'] client lang:[''] server lang:[''] kex follows?False
DEB [20170605-18:18:02.148] thr=3   paramiko.transport: Kex agreed: diffie-hellman-group1-sha1
DEB [20170605-18:18:02.148] thr=3   paramiko.transport: Cipher agreed: aes128-ctr
DEB [20170605-18:18:02.148] thr=3   paramiko.transport: MAC agreed: hmac-sha2-256
DEB [20170605-18:18:02.149] thr=3   paramiko.transport: Compression agreed: none
DEB [20170605-18:18:02.183] thr=3   paramiko.transport: kex engine KexGroup1 specified hash_algo <built-in function openssl_sha1>
DEB [20170605-18:18:02.184] thr=3   paramiko.transport: Switch to new keys ...
DEB [20170605-18:18:02.185] thr=2   paramiko.transport: Adding ssh-rsa host key for 120.76.168.28: b'368f1d0922e7f78f9e4f3d54ea61d6e1'
DEB [20170605-18:18:02.236] thr=3   paramiko.transport: userauth is OK
INF [20170605-18:18:02.271] thr=3   paramiko.transport: Authentication (password) successful!
DEB [20170605-18:18:02.272] thr=2   paramiko.transport: [chan 0] Max packet in: 32768 bytes
DEB [20170605-18:18:02.280] thr=3   paramiko.transport: [chan 0] Max packet out: 32768 bytes
DEB [20170605-18:18:02.280] thr=3   paramiko.transport: Secsh channel 0 opened.
DEB [20170605-18:18:02.288] thr=3   paramiko.transport: [chan 0] Sesch channel 0 request ok
DEB [20170605-18:18:02.556] thr=3   paramiko.transport: [chan 0] EOF received (0)
DEB [20170605-18:18:02.557] thr=3   paramiko.transport: [chan 0] EOF sent (0)
DEB [20170605-18:18:02.571] thr=3   paramiko.transport: starting thread (client mode): 0x55050470
DEB [20170605-18:18:02.572] thr=3   paramiko.transport: Local version/idstring: SSH-2.0-paramiko_2.1.2
DEB [20170605-18:18:02.583] thr=3   paramiko.transport: Remote version/idstring: SSH-2.0-OpenSSH_5.3
INF [20170605-18:18:02.583] thr=3   paramiko.transport: Connected (version 2.0, client OpenSSH_5.3)
DEB [20170605-18:18:02.593] thr=3   paramiko.transport: kex algos:['diffie-hellman-group-exchange-sha256', 'diffie-hellman-group-exchange-sha1', 'diffie-hellman-group14-sha1', 'diffie-hellman-group1-sha1'] server key:['ssh-rsa', 'ssh-dss'] client encrypt:['aes128-ctr', 'aes192-ctr', 'aes256-ctr', 'arcfour256', 'arcfour128', 'aes128-cbc', '3des-cbc', 'blowfish-cbc', 'cast128-cbc', 'aes192-cbc', 'aes256-cbc', 'arcfour', 'rijndael-cbc@lysator.liu.se'] server encrypt:['aes128-ctr', 'aes192-ctr', 'aes256-ctr', 'arcfour256', 'arcfour128', 'aes128-cbc', '3des-cbc', 'blowfish-cbc', 'cast128-cbc', 'aes192-cbc', 'aes256-cbc', 'arcfour', 'rijndael-cbc@lysator.liu.se'] client mac:['hmac-md5', 'hmac-sha1', 'umac-64@openssh.com', 'hmac-sha2-256', 'hmac-sha2-512', 'hmac-ripemd160', 'hmac-ripemd160@openssh.com', 'hmac-sha1-96', 'hmac-md5-96'] server mac:['hmac-md5', 'hmac-sha1', 'umac-64@openssh.com', 'hmac-sha2-256', 'hmac-sha2-512', 'hmac-ripemd160', 'hmac-ripemd160@openssh.com', 'hmac-sha1-96', 'hmac-md5-96'] client compress:['none', 'zlib@openssh.com'] server compress:['none', 'zlib@openssh.com'] client lang:[''] server lang:[''] kex follows?False
DEB [20170605-18:18:02.593] thr=3   paramiko.transport: Kex agreed: diffie-hellman-group1-sha1
DEB [20170605-18:18:02.594] thr=3   paramiko.transport: Cipher agreed: aes128-ctr
DEB [20170605-18:18:02.594] thr=3   paramiko.transport: MAC agreed: hmac-sha2-256
DEB [20170605-18:18:02.594] thr=3   paramiko.transport: Compression agreed: none
DEB [20170605-18:18:02.618] thr=3   paramiko.transport: kex engine KexGroup1 specified hash_algo <built-in function openssl_sha1>
DEB [20170605-18:18:02.619] thr=3   paramiko.transport: Switch to new keys ...
DEB [20170605-18:18:02.620] thr=2   paramiko.transport: Adding ssh-rsa host key for 120.76.168.28: b'368f1d0922e7f78f9e4f3d54ea61d6e1'
DEB [20170605-18:18:02.674] thr=3   paramiko.transport: userauth is OK
INF [20170605-18:18:02.711] thr=3   paramiko.transport: Authentication (password) successful!
DEB [20170605-18:18:02.712] thr=2   paramiko.transport: [chan 0] Max packet in: 32768 bytes
DEB [20170605-18:18:02.719] thr=3   paramiko.transport: [chan 0] Max packet out: 32768 bytes
DEB [20170605-18:18:02.719] thr=3   paramiko.transport: Secsh channel 0 opened.
DEB [20170605-18:18:02.730] thr=3   paramiko.transport: [chan 0] Sesch channel 0 request ok
DEB [20170605-18:18:02.739] thr=3   paramiko.transport: [chan 0] EOF received (0)
DEB [20170605-18:18:02.740] thr=2   paramiko.transport: [chan 1] Max packet in: 32768 bytes
DEB [20170605-18:18:02.741] thr=3   paramiko.transport: [chan 0] EOF sent (0)
DEB [20170605-18:18:02.748] thr=3   paramiko.transport: [chan 1] Max packet out: 32768 bytes
DEB [20170605-18:18:02.749] thr=3   paramiko.transport: Secsh channel 1 opened.
DEB [20170605-18:18:02.808] thr=3   paramiko.transport: [chan 1] Sesch channel 1 request ok
DEB [20170605-18:18:02.878] thr=3   paramiko.transport: [chan 1] EOF received (1)
DEB [20170605-18:18:02.879] thr=2   paramiko.transport: [chan 2] Max packet in: 32768 bytes
DEB [20170605-18:18:02.880] thr=3   paramiko.transport: [chan 1] EOF sent (1)
DEB [20170605-18:18:02.895] thr=3   paramiko.transport: [chan 2] Max packet out: 32768 bytes
DEB [20170605-18:18:02.895] thr=3   paramiko.transport: Secsh channel 2 opened.
DEB [20170605-18:18:02.948] thr=3   paramiko.transport: [chan 2] Sesch channel 2 request ok
DEB [20170605-18:18:02.969] thr=3   paramiko.transport: [chan 2] EOF received (2)
DEB [20170605-18:18:02.982] thr=4   paramiko.transport: starting thread (client mode): 0x52082080
DEB [20170605-18:18:02.983] thr=4   paramiko.transport: Local version/idstring: SSH-2.0-paramiko_2.1.2
DEB [20170605-18:18:02.994] thr=4   paramiko.transport: Remote version/idstring: SSH-2.0-OpenSSH_5.3
INF [20170605-18:18:02.994] thr=4   paramiko.transport: Connected (version 2.0, client OpenSSH_5.3)
DEB [20170605-18:18:03.005] thr=4   paramiko.transport: kex algos:['diffie-hellman-group-exchange-sha256', 'diffie-hellman-group-exchange-sha1', 'diffie-hellman-group14-sha1', 'diffie-hellman-group1-sha1'] server key:['ssh-rsa', 'ssh-dss'] client encrypt:['aes128-ctr', 'aes192-ctr', 'aes256-ctr', 'arcfour256', 'arcfour128', 'aes128-cbc', '3des-cbc', 'blowfish-cbc', 'cast128-cbc', 'aes192-cbc', 'aes256-cbc', 'arcfour', 'rijndael-cbc@lysator.liu.se'] server encrypt:['aes128-ctr', 'aes192-ctr', 'aes256-ctr', 'arcfour256', 'arcfour128', 'aes128-cbc', '3des-cbc', 'blowfish-cbc', 'cast128-cbc', 'aes192-cbc', 'aes256-cbc', 'arcfour', 'rijndael-cbc@lysator.liu.se'] client mac:['hmac-md5', 'hmac-sha1', 'umac-64@openssh.com', 'hmac-sha2-256', 'hmac-sha2-512', 'hmac-ripemd160', 'hmac-ripemd160@openssh.com', 'hmac-sha1-96', 'hmac-md5-96'] server mac:['hmac-md5', 'hmac-sha1', 'umac-64@openssh.com', 'hmac-sha2-256', 'hmac-sha2-512', 'hmac-ripemd160', 'hmac-ripemd160@openssh.com', 'hmac-sha1-96', 'hmac-md5-96'] client compress:['none', 'zlib@openssh.com'] server compress:['none', 'zlib@openssh.com'] client lang:[''] server lang:[''] kex follows?False
DEB [20170605-18:18:03.005] thr=4   paramiko.transport: Kex agreed: diffie-hellman-group1-sha1
DEB [20170605-18:18:03.006] thr=4   paramiko.transport: Cipher agreed: aes128-ctr
DEB [20170605-18:18:03.006] thr=4   paramiko.transport: MAC agreed: hmac-sha2-256
DEB [20170605-18:18:03.006] thr=4   paramiko.transport: Compression agreed: none
DEB [20170605-18:18:03.035] thr=4   paramiko.transport: kex engine KexGroup1 specified hash_algo <built-in function openssl_sha1>
DEB [20170605-18:18:03.036] thr=4   paramiko.transport: Switch to new keys ...
DEB [20170605-18:18:03.039] thr=2   paramiko.transport: Attempting password auth...
DEB [20170605-18:18:03.093] thr=4   paramiko.transport: userauth is OK
INF [20170605-18:18:03.129] thr=4   paramiko.transport: Authentication (password) successful!
DEB [20170605-18:18:03.133] thr=2   paramiko.transport: [chan 0] Max packet in: 32768 bytes
DEB [20170605-18:18:03.142] thr=4   paramiko.transport: [chan 0] Max packet out: 32768 bytes
DEB [20170605-18:18:03.142] thr=4   paramiko.transport: Secsh channel 0 opened.
DEB [20170605-18:18:03.156] thr=4   paramiko.transport: [chan 0] Sesch channel 0 request ok
INF [20170605-18:18:03.166] thr=2   paramiko.transport.sftp: [chan 0] Opened sftp connection (server version 3)
DEB [20170605-18:18:03.167] thr=2   paramiko.transport.sftp: [chan 0] open(b'/home/tomcat-invoicing/webapps/qc-invoicing.war', 'wb')
DEB [20170605-18:18:03.177] thr=2   paramiko.transport.sftp: [chan 0] open(b'/home/tomcat-invoicing/webapps/qc-invoicing.war', 'wb') -> b'00000000'
DEB [20170605-18:18:55.518] thr=2   paramiko.transport.sftp: [chan 0] close(b'00000000')
DEB [20170605-18:18:55.967] thr=2   paramiko.transport.sftp: [chan 0] stat(b'/home/tomcat-invoicing/webapps/qc-invoicing.war')
DEB [20170605-18:18:55.976] thr=4   paramiko.transport: EOF in transport thread
DEB [20170605-18:18:55.984] thr=5   paramiko.transport: starting thread (client mode): 0x5295b5f8
DEB [20170605-18:18:55.985] thr=5   paramiko.transport: Local version/idstring: SSH-2.0-paramiko_2.1.2
DEB [20170605-18:18:55.996] thr=5   paramiko.transport: Remote version/idstring: SSH-2.0-OpenSSH_5.3
INF [20170605-18:18:55.996] thr=5   paramiko.transport: Connected (version 2.0, client OpenSSH_5.3)
DEB [20170605-18:18:56.004] thr=5   paramiko.transport: kex algos:['diffie-hellman-group-exchange-sha256', 'diffie-hellman-group-exchange-sha1', 'diffie-hellman-group14-sha1', 'diffie-hellman-group1-sha1'] server key:['ssh-rsa', 'ssh-dss'] client encrypt:['aes128-ctr', 'aes192-ctr', 'aes256-ctr', 'arcfour256', 'arcfour128', 'aes128-cbc', '3des-cbc', 'blowfish-cbc', 'cast128-cbc', 'aes192-cbc', 'aes256-cbc', 'arcfour', 'rijndael-cbc@lysator.liu.se'] server encrypt:['aes128-ctr', 'aes192-ctr', 'aes256-ctr', 'arcfour256', 'arcfour128', 'aes128-cbc', '3des-cbc', 'blowfish-cbc', 'cast128-cbc', 'aes192-cbc', 'aes256-cbc', 'arcfour', 'rijndael-cbc@lysator.liu.se'] client mac:['hmac-md5', 'hmac-sha1', 'umac-64@openssh.com', 'hmac-sha2-256', 'hmac-sha2-512', 'hmac-ripemd160', 'hmac-ripemd160@openssh.com', 'hmac-sha1-96', 'hmac-md5-96'] server mac:['hmac-md5', 'hmac-sha1', 'umac-64@openssh.com', 'hmac-sha2-256', 'hmac-sha2-512', 'hmac-ripemd160', 'hmac-ripemd160@openssh.com', 'hmac-sha1-96', 'hmac-md5-96'] client compress:['none', 'zlib@openssh.com'] server compress:['none', 'zlib@openssh.com'] client lang:[''] server lang:[''] kex follows?False
DEB [20170605-18:18:56.004] thr=5   paramiko.transport: Kex agreed: diffie-hellman-group1-sha1
DEB [20170605-18:18:56.004] thr=5   paramiko.transport: Cipher agreed: aes128-ctr
DEB [20170605-18:18:56.004] thr=5   paramiko.transport: MAC agreed: hmac-sha2-256
DEB [20170605-18:18:56.004] thr=5   paramiko.transport: Compression agreed: none
DEB [20170605-18:18:56.025] thr=5   paramiko.transport: kex engine KexGroup1 specified hash_algo <built-in function openssl_sha1>
DEB [20170605-18:18:56.025] thr=5   paramiko.transport: Switch to new keys ...
DEB [20170605-18:18:56.027] thr=2   paramiko.transport: Adding ssh-rsa host key for 120.76.168.28: b'368f1d0922e7f78f9e4f3d54ea61d6e1'
DEB [20170605-18:18:56.078] thr=5   paramiko.transport: userauth is OK
INF [20170605-18:18:56.113] thr=5   paramiko.transport: Authentication (password) successful!
DEB [20170605-18:18:56.113] thr=2   paramiko.transport: [chan 0] Max packet in: 32768 bytes
DEB [20170605-18:18:56.120] thr=5   paramiko.transport: [chan 0] Max packet out: 32768 bytes
DEB [20170605-18:18:56.120] thr=5   paramiko.transport: Secsh channel 0 opened.
DEB [20170605-18:18:56.127] thr=5   paramiko.transport: [chan 0] Sesch channel 0 request ok
DEB [20170605-18:18:56.137] thr=5   paramiko.transport: [chan 0] EOF received (0)
DEB [20170605-18:18:56.138] thr=2   paramiko.transport: [chan 1] Max packet in: 32768 bytes
DEB [20170605-18:18:56.138] thr=5   paramiko.transport: [chan 0] EOF sent (0)
DEB [20170605-18:18:56.146] thr=5   paramiko.transport: [chan 1] Max packet out: 32768 bytes
DEB [20170605-18:18:56.146] thr=5   paramiko.transport: Secsh channel 1 opened.
DEB [20170605-18:18:56.202] thr=5   paramiko.transport: [chan 1] Sesch channel 1 request ok
DEB [20170605-18:18:56.273] thr=5   paramiko.transport: [chan 1] EOF received (1)
DEB [20170605-18:18:56.274] thr=5   paramiko.transport: EOF in transport thread
DEB [20170605-18:18:56.287] thr=6   paramiko.transport: starting thread (client mode): 0x5507dd68
DEB [20170605-18:18:56.288] thr=6   paramiko.transport: Local version/idstring: SSH-2.0-paramiko_2.1.2
DEB [20170605-18:18:56.302] thr=6   paramiko.transport: Remote version/idstring: SSH-2.0-OpenSSH_5.3
INF [20170605-18:18:56.302] thr=6   paramiko.transport: Connected (version 2.0, client OpenSSH_5.3)
DEB [20170605-18:18:56.314] thr=6   paramiko.transport: kex algos:['diffie-hellman-group-exchange-sha256', 'diffie-hellman-group-exchange-sha1', 'diffie-hellman-group14-sha1', 'diffie-hellman-group1-sha1'] server key:['ssh-rsa', 'ssh-dss'] client encrypt:['aes128-ctr', 'aes192-ctr', 'aes256-ctr', 'arcfour256', 'arcfour128', 'aes128-cbc', '3des-cbc', 'blowfish-cbc', 'cast128-cbc', 'aes192-cbc', 'aes256-cbc', 'arcfour', 'rijndael-cbc@lysator.liu.se'] server encrypt:['aes128-ctr', 'aes192-ctr', 'aes256-ctr', 'arcfour256', 'arcfour128', 'aes128-cbc', '3des-cbc', 'blowfish-cbc', 'cast128-cbc', 'aes192-cbc', 'aes256-cbc', 'arcfour', 'rijndael-cbc@lysator.liu.se'] client mac:['hmac-md5', 'hmac-sha1', 'umac-64@openssh.com', 'hmac-sha2-256', 'hmac-sha2-512', 'hmac-ripemd160', 'hmac-ripemd160@openssh.com', 'hmac-sha1-96', 'hmac-md5-96'] server mac:['hmac-md5', 'hmac-sha1', 'umac-64@openssh.com', 'hmac-sha2-256', 'hmac-sha2-512', 'hmac-ripemd160', 'hmac-ripemd160@openssh.com', 'hmac-sha1-96', 'hmac-md5-96'] client compress:['none', 'zlib@openssh.com'] server compress:['none', 'zlib@openssh.com'] client lang:[''] server lang:[''] kex follows?False
DEB [20170605-18:18:56.314] thr=6   paramiko.transport: Kex agreed: diffie-hellman-group1-sha1
DEB [20170605-18:18:56.315] thr=6   paramiko.transport: Cipher agreed: aes128-ctr
DEB [20170605-18:18:56.315] thr=6   paramiko.transport: MAC agreed: hmac-sha2-256
DEB [20170605-18:18:56.315] thr=6   paramiko.transport: Compression agreed: none
DEB [20170605-18:18:56.340] thr=6   paramiko.transport: kex engine KexGroup1 specified hash_algo <built-in function openssl_sha1>
DEB [20170605-18:18:56.341] thr=6   paramiko.transport: Switch to new keys ...
DEB [20170605-18:18:56.342] thr=2   paramiko.transport: Adding ssh-rsa host key for 120.76.168.28: b'368f1d0922e7f78f9e4f3d54ea61d6e1'
DEB [20170605-18:18:56.400] thr=6   paramiko.transport: userauth is OK
INF [20170605-18:18:56.441] thr=6   paramiko.transport: Authentication (password) successful!
DEB [20170605-18:18:56.441] thr=2   paramiko.transport: [chan 0] Max packet in: 32768 bytes
DEB [20170605-18:18:56.454] thr=6   paramiko.transport: [chan 0] Max packet out: 32768 bytes
DEB [20170605-18:18:56.454] thr=6   paramiko.transport: Secsh channel 0 opened.
DEB [20170605-18:18:56.466] thr=6   paramiko.transport: [chan 0] Sesch channel 0 request ok
DEB [20170605-18:18:56.500] thr=6   paramiko.transport: [chan 0] EOF received (0)
