DEB [20170605-14:27:47.225] thr=3   paramiko.transport: starting thread (client mode): 0xb3d3c080
DEB [20170605-14:27:47.226] thr=3   paramiko.transport: Local version/idstring: SSH-2.0-paramiko_2.1.2
DEB [20170605-14:27:47.237] thr=3   paramiko.transport: Remote version/idstring: SSH-2.0-OpenSSH_5.3
INF [20170605-14:27:47.238] thr=3   paramiko.transport: Connected (version 2.0, client OpenSSH_5.3)
DEB [20170605-14:27:47.249] thr=3   paramiko.transport: kex algos:['diffie-hellman-group-exchange-sha256', 'diffie-hellman-group-exchange-sha1', 'diffie-hellman-group14-sha1', 'diffie-hellman-group1-sha1'] server key:['ssh-rsa', 'ssh-dss'] client encrypt:['aes128-ctr', 'aes192-ctr', 'aes256-ctr', 'arcfour256', 'arcfour128', 'aes128-cbc', '3des-cbc', 'blowfish-cbc', 'cast128-cbc', 'aes192-cbc', 'aes256-cbc', 'arcfour', 'rijndael-cbc@lysator.liu.se'] server encrypt:['aes128-ctr', 'aes192-ctr', 'aes256-ctr', 'arcfour256', 'arcfour128', 'aes128-cbc', '3des-cbc', 'blowfish-cbc', 'cast128-cbc', 'aes192-cbc', 'aes256-cbc', 'arcfour', 'rijndael-cbc@lysator.liu.se'] client mac:['hmac-md5', 'hmac-sha1', 'umac-64@openssh.com', 'hmac-sha2-256', 'hmac-sha2-512', 'hmac-ripemd160', 'hmac-ripemd160@openssh.com', 'hmac-sha1-96', 'hmac-md5-96'] server mac:['hmac-md5', 'hmac-sha1', 'umac-64@openssh.com', 'hmac-sha2-256', 'hmac-sha2-512', 'hmac-ripemd160', 'hmac-ripemd160@openssh.com', 'hmac-sha1-96', 'hmac-md5-96'] client compress:['none', 'zlib@openssh.com'] server compress:['none', 'zlib@openssh.com'] client lang:[''] server lang:[''] kex follows?False
DEB [20170605-14:27:47.250] thr=3   paramiko.transport: Kex agreed: diffie-hellman-group1-sha1
DEB [20170605-14:27:47.250] thr=3   paramiko.transport: Cipher agreed: aes128-ctr
DEB [20170605-14:27:47.250] thr=3   paramiko.transport: MAC agreed: hmac-sha2-256
DEB [20170605-14:27:47.251] thr=3   paramiko.transport: Compression agreed: none
DEB [20170605-14:27:47.273] thr=3   paramiko.transport: kex engine KexGroup1 specified hash_algo <built-in function openssl_sha1>
DEB [20170605-14:27:47.274] thr=3   paramiko.transport: Switch to new keys ...
DEB [20170605-14:27:47.274] thr=2   paramiko.transport: Adding ssh-rsa host key for 120.76.168.28: b'368f1d0922e7f78f9e4f3d54ea61d6e1'
DEB [20170605-14:27:47.329] thr=3   paramiko.transport: userauth is OK
INF [20170605-14:27:47.365] thr=3   paramiko.transport: Authentication (password) successful!
DEB [20170605-14:27:47.367] thr=2   paramiko.transport: [chan 0] Max packet in: 32768 bytes
DEB [20170605-14:27:47.377] thr=3   paramiko.transport: [chan 0] Max packet out: 32768 bytes
DEB [20170605-14:27:47.377] thr=3   paramiko.transport: Secsh channel 0 opened.
DEB [20170605-14:27:47.387] thr=3   paramiko.transport: [chan 0] Sesch channel 0 request ok
DEB [20170605-14:27:47.420] thr=3   paramiko.transport: [chan 0] EOF received (0)
DEB [20170605-14:27:47.438] thr=4   paramiko.transport: starting thread (client mode): 0xb4cbba90
DEB [20170605-14:27:47.438] thr=4   paramiko.transport: Local version/idstring: SSH-2.0-paramiko_2.1.2
DEB [20170605-14:27:47.438] thr=4   paramiko.transport: Remote version/idstring: SSH-2.0-OpenSSH_5.3
INF [20170605-14:27:47.438] thr=4   paramiko.transport: Connected (version 2.0, client OpenSSH_5.3)
DEB [20170605-14:27:47.445] thr=4   paramiko.transport: kex algos:['diffie-hellman-group-exchange-sha256', 'diffie-hellman-group-exchange-sha1', 'diffie-hellman-group14-sha1', 'diffie-hellman-group1-sha1'] server key:['ssh-rsa', 'ssh-dss'] client encrypt:['aes128-ctr', 'aes192-ctr', 'aes256-ctr', 'arcfour256', 'arcfour128', 'aes128-cbc', '3des-cbc', 'blowfish-cbc', 'cast128-cbc', 'aes192-cbc', 'aes256-cbc', 'arcfour', 'rijndael-cbc@lysator.liu.se'] server encrypt:['aes128-ctr', 'aes192-ctr', 'aes256-ctr', 'arcfour256', 'arcfour128', 'aes128-cbc', '3des-cbc', 'blowfish-cbc', 'cast128-cbc', 'aes192-cbc', 'aes256-cbc', 'arcfour', 'rijndael-cbc@lysator.liu.se'] client mac:['hmac-md5', 'hmac-sha1', 'umac-64@openssh.com', 'hmac-sha2-256', 'hmac-sha2-512', 'hmac-ripemd160', 'hmac-ripemd160@openssh.com', 'hmac-sha1-96', 'hmac-md5-96'] server mac:['hmac-md5', 'hmac-sha1', 'umac-64@openssh.com', 'hmac-sha2-256', 'hmac-sha2-512', 'hmac-ripemd160', 'hmac-ripemd160@openssh.com', 'hmac-sha1-96', 'hmac-md5-96'] client compress:['none', 'zlib@openssh.com'] server compress:['none', 'zlib@openssh.com'] client lang:[''] server lang:[''] kex follows?False
DEB [20170605-14:27:47.445] thr=4   paramiko.transport: Kex agreed: diffie-hellman-group1-sha1
DEB [20170605-14:27:47.445] thr=4   paramiko.transport: Cipher agreed: aes128-ctr
DEB [20170605-14:27:47.446] thr=4   paramiko.transport: MAC agreed: hmac-sha2-256
DEB [20170605-14:27:47.446] thr=4   paramiko.transport: Compression agreed: none
DEB [20170605-14:27:47.503] thr=4   paramiko.transport: kex engine KexGroup1 specified hash_algo <built-in function openssl_sha1>
DEB [20170605-14:27:47.503] thr=4   paramiko.transport: Switch to new keys ...
DEB [20170605-14:27:47.504] thr=2   paramiko.transport: Adding ssh-rsa host key for 120.76.168.28: b'368f1d0922e7f78f9e4f3d54ea61d6e1'
DEB [20170605-14:27:47.553] thr=4   paramiko.transport: userauth is OK
INF [20170605-14:27:47.588] thr=4   paramiko.transport: Authentication (password) successful!
DEB [20170605-14:27:47.588] thr=2   paramiko.transport: [chan 0] Max packet in: 32768 bytes
DEB [20170605-14:27:47.594] thr=4   paramiko.transport: [chan 0] Max packet out: 32768 bytes
DEB [20170605-14:27:47.594] thr=4   paramiko.transport: Secsh channel 0 opened.
DEB [20170605-14:27:47.604] thr=4   paramiko.transport: [chan 0] Sesch channel 0 request ok
DEB [20170605-14:27:47.610] thr=4   paramiko.transport: [chan 0] EOF received (0)
DEB [20170605-14:27:47.611] thr=2   paramiko.transport: [chan 1] Max packet in: 32768 bytes
DEB [20170605-14:27:47.611] thr=4   paramiko.transport: [chan 0] EOF sent (0)
DEB [20170605-14:27:47.617] thr=4   paramiko.transport: [chan 1] Max packet out: 32768 bytes
DEB [20170605-14:27:47.618] thr=4   paramiko.transport: Secsh channel 1 opened.
DEB [20170605-14:27:47.668] thr=4   paramiko.transport: [chan 1] Sesch channel 1 request ok
DEB [20170605-14:27:47.678] thr=4   paramiko.transport: [chan 1] EOF received (1)
DEB [20170605-14:27:47.679] thr=2   paramiko.transport: [chan 2] Max packet in: 32768 bytes
DEB [20170605-14:27:47.679] thr=4   paramiko.transport: [chan 1] EOF sent (1)
DEB [20170605-14:27:47.685] thr=4   paramiko.transport: [chan 2] Max packet out: 32768 bytes
DEB [20170605-14:27:47.685] thr=4   paramiko.transport: Secsh channel 2 opened.
DEB [20170605-14:27:47.737] thr=4   paramiko.transport: [chan 2] Sesch channel 2 request ok
DEB [20170605-14:27:47.745] thr=4   paramiko.transport: [chan 2] EOF received (2)
DEB [20170605-14:27:59.604] thr=5   paramiko.transport: starting thread (client mode): 0xb4cd0ba8
DEB [20170605-14:27:59.605] thr=5   paramiko.transport: Local version/idstring: SSH-2.0-paramiko_2.1.2
DEB [20170605-14:27:59.605] thr=5   paramiko.transport: Remote version/idstring: SSH-2.0-OpenSSH_5.3
INF [20170605-14:27:59.605] thr=5   paramiko.transport: Connected (version 2.0, client OpenSSH_5.3)
DEB [20170605-14:27:59.612] thr=5   paramiko.transport: kex algos:['diffie-hellman-group-exchange-sha256', 'diffie-hellman-group-exchange-sha1', 'diffie-hellman-group14-sha1', 'diffie-hellman-group1-sha1'] server key:['ssh-rsa', 'ssh-dss'] client encrypt:['aes128-ctr', 'aes192-ctr', 'aes256-ctr', 'arcfour256', 'arcfour128', 'aes128-cbc', '3des-cbc', 'blowfish-cbc', 'cast128-cbc', 'aes192-cbc', 'aes256-cbc', 'arcfour', 'rijndael-cbc@lysator.liu.se'] server encrypt:['aes128-ctr', 'aes192-ctr', 'aes256-ctr', 'arcfour256', 'arcfour128', 'aes128-cbc', '3des-cbc', 'blowfish-cbc', 'cast128-cbc', 'aes192-cbc', 'aes256-cbc', 'arcfour', 'rijndael-cbc@lysator.liu.se'] client mac:['hmac-md5', 'hmac-sha1', 'umac-64@openssh.com', 'hmac-sha2-256', 'hmac-sha2-512', 'hmac-ripemd160', 'hmac-ripemd160@openssh.com', 'hmac-sha1-96', 'hmac-md5-96'] server mac:['hmac-md5', 'hmac-sha1', 'umac-64@openssh.com', 'hmac-sha2-256', 'hmac-sha2-512', 'hmac-ripemd160', 'hmac-ripemd160@openssh.com', 'hmac-sha1-96', 'hmac-md5-96'] client compress:['none', 'zlib@openssh.com'] server compress:['none', 'zlib@openssh.com'] client lang:[''] server lang:[''] kex follows?False
DEB [20170605-14:27:59.612] thr=5   paramiko.transport: Kex agreed: diffie-hellman-group1-sha1
DEB [20170605-14:27:59.612] thr=5   paramiko.transport: Cipher agreed: aes128-ctr
DEB [20170605-14:27:59.613] thr=5   paramiko.transport: MAC agreed: hmac-sha2-256
DEB [20170605-14:27:59.613] thr=5   paramiko.transport: Compression agreed: none
DEB [20170605-14:27:59.671] thr=5   paramiko.transport: kex engine KexGroup1 specified hash_algo <built-in function openssl_sha1>
DEB [20170605-14:27:59.672] thr=5   paramiko.transport: Switch to new keys ...
DEB [20170605-14:27:59.673] thr=2   paramiko.transport: Attempting password auth...
DEB [20170605-14:27:59.723] thr=5   paramiko.transport: userauth is OK
INF [20170605-14:27:59.758] thr=5   paramiko.transport: Authentication (password) successful!
DEB [20170605-14:28:02.956] thr=2   paramiko.transport: [chan 0] Max packet in: 32768 bytes
DEB [20170605-14:28:02.966] thr=5   paramiko.transport: [chan 0] Max packet out: 32768 bytes
DEB [20170605-14:28:02.966] thr=5   paramiko.transport: Secsh channel 0 opened.
DEB [20170605-14:28:02.975] thr=5   paramiko.transport: [chan 0] Sesch channel 0 request ok
INF [20170605-14:28:02.986] thr=2   paramiko.transport.sftp: [chan 0] Opened sftp connection (server version 3)
DEB [20170605-14:28:18.517] thr=2   paramiko.transport.sftp: [chan 0] open(b'/home/tomcat-invoicing/webapps', 'wb')
DEB [20170605-14:28:48.524] thr=5   paramiko.transport: EOF in transport thread
