DEB [20170605-17:32:40.585] thr=3   paramiko.transport: starting thread (client mode): 0x131e2550
DEB [20170605-17:32:40.585] thr=3   paramiko.transport: Local version/idstring: SSH-2.0-paramiko_2.1.2
DEB [20170605-17:32:40.598] thr=3   paramiko.transport: Remote version/idstring: SSH-2.0-OpenSSH_5.3
INF [20170605-17:32:40.598] thr=3   paramiko.transport: Connected (version 2.0, client OpenSSH_5.3)
DEB [20170605-17:32:40.608] thr=3   paramiko.transport: kex algos:['diffie-hellman-group-exchange-sha256', 'diffie-hellman-group-exchange-sha1', 'diffie-hellman-group14-sha1', 'diffie-hellman-group1-sha1'] server key:['ssh-rsa', 'ssh-dss'] client encrypt:['aes128-ctr', 'aes192-ctr', 'aes256-ctr', 'arcfour256', 'arcfour128', 'aes128-cbc', '3des-cbc', 'blowfish-cbc', 'cast128-cbc', 'aes192-cbc', 'aes256-cbc', 'arcfour', 'rijndael-cbc@lysator.liu.se'] server encrypt:['aes128-ctr', 'aes192-ctr', 'aes256-ctr', 'arcfour256', 'arcfour128', 'aes128-cbc', '3des-cbc', 'blowfish-cbc', 'cast128-cbc', 'aes192-cbc', 'aes256-cbc', 'arcfour', 'rijndael-cbc@lysator.liu.se'] client mac:['hmac-md5', 'hmac-sha1', 'umac-64@openssh.com', 'hmac-sha2-256', 'hmac-sha2-512', 'hmac-ripemd160', 'hmac-ripemd160@openssh.com', 'hmac-sha1-96', 'hmac-md5-96'] server mac:['hmac-md5', 'hmac-sha1', 'umac-64@openssh.com', 'hmac-sha2-256', 'hmac-sha2-512', 'hmac-ripemd160', 'hmac-ripemd160@openssh.com', 'hmac-sha1-96', 'hmac-md5-96'] client compress:['none', 'zlib@openssh.com'] server compress:['none', 'zlib@openssh.com'] client lang:[''] server lang:[''] kex follows?False
DEB [20170605-17:32:40.609] thr=3   paramiko.transport: Kex agreed: diffie-hellman-group1-sha1
DEB [20170605-17:32:40.609] thr=3   paramiko.transport: Cipher agreed: aes128-ctr
DEB [20170605-17:32:40.609] thr=3   paramiko.transport: MAC agreed: hmac-sha2-256
DEB [20170605-17:32:40.610] thr=3   paramiko.transport: Compression agreed: none
DEB [20170605-17:32:40.629] thr=3   paramiko.transport: kex engine KexGroup1 specified hash_algo <built-in function openssl_sha1>
DEB [20170605-17:32:40.630] thr=3   paramiko.transport: Switch to new keys ...
DEB [20170605-17:32:40.631] thr=2   paramiko.transport: Adding ssh-rsa host key for 120.76.168.28: b'368f1d0922e7f78f9e4f3d54ea61d6e1'
DEB [20170605-17:32:40.680] thr=3   paramiko.transport: userauth is OK
INF [20170605-17:32:40.717] thr=3   paramiko.transport: Authentication (password) successful!
DEB [20170605-17:32:40.718] thr=2   paramiko.transport: [chan 0] Max packet in: 32768 bytes
DEB [20170605-17:32:40.724] thr=3   paramiko.transport: [chan 0] Max packet out: 32768 bytes
DEB [20170605-17:32:40.725] thr=3   paramiko.transport: Secsh channel 0 opened.
DEB [20170605-17:32:40.733] thr=3   paramiko.transport: [chan 0] Sesch channel 0 request ok
DEB [20170605-17:32:40.766] thr=3   paramiko.transport: [chan 0] EOF received (0)
DEB [20170605-17:32:40.775] thr=3   paramiko.transport: starting thread (client mode): 0x131e2550
DEB [20170605-17:32:40.775] thr=3   paramiko.transport: Local version/idstring: SSH-2.0-paramiko_2.1.2
DEB [20170605-17:32:40.786] thr=3   paramiko.transport: Remote version/idstring: SSH-2.0-OpenSSH_5.3
INF [20170605-17:32:40.786] thr=3   paramiko.transport: Connected (version 2.0, client OpenSSH_5.3)
DEB [20170605-17:32:40.794] thr=3   paramiko.transport: kex algos:['diffie-hellman-group-exchange-sha256', 'diffie-hellman-group-exchange-sha1', 'diffie-hellman-group14-sha1', 'diffie-hellman-group1-sha1'] server key:['ssh-rsa', 'ssh-dss'] client encrypt:['aes128-ctr', 'aes192-ctr', 'aes256-ctr', 'arcfour256', 'arcfour128', 'aes128-cbc', '3des-cbc', 'blowfish-cbc', 'cast128-cbc', 'aes192-cbc', 'aes256-cbc', 'arcfour', 'rijndael-cbc@lysator.liu.se'] server encrypt:['aes128-ctr', 'aes192-ctr', 'aes256-ctr', 'arcfour256', 'arcfour128', 'aes128-cbc', '3des-cbc', 'blowfish-cbc', 'cast128-cbc', 'aes192-cbc', 'aes256-cbc', 'arcfour', 'rijndael-cbc@lysator.liu.se'] client mac:['hmac-md5', 'hmac-sha1', 'umac-64@openssh.com', 'hmac-sha2-256', 'hmac-sha2-512', 'hmac-ripemd160', 'hmac-ripemd160@openssh.com', 'hmac-sha1-96', 'hmac-md5-96'] server mac:['hmac-md5', 'hmac-sha1', 'umac-64@openssh.com', 'hmac-sha2-256', 'hmac-sha2-512', 'hmac-ripemd160', 'hmac-ripemd160@openssh.com', 'hmac-sha1-96', 'hmac-md5-96'] client compress:['none', 'zlib@openssh.com'] server compress:['none', 'zlib@openssh.com'] client lang:[''] server lang:[''] kex follows?False
DEB [20170605-17:32:40.795] thr=3   paramiko.transport: Kex agreed: diffie-hellman-group1-sha1
DEB [20170605-17:32:40.795] thr=3   paramiko.transport: Cipher agreed: aes128-ctr
DEB [20170605-17:32:40.795] thr=3   paramiko.transport: MAC agreed: hmac-sha2-256
DEB [20170605-17:32:40.795] thr=3   paramiko.transport: Compression agreed: none
DEB [20170605-17:32:40.815] thr=3   paramiko.transport: kex engine KexGroup1 specified hash_algo <built-in function openssl_sha1>
DEB [20170605-17:32:40.815] thr=3   paramiko.transport: Switch to new keys ...
DEB [20170605-17:32:40.816] thr=2   paramiko.transport: Adding ssh-rsa host key for 120.76.168.28: b'368f1d0922e7f78f9e4f3d54ea61d6e1'
DEB [20170605-17:32:40.867] thr=3   paramiko.transport: userauth is OK
INF [20170605-17:32:40.909] thr=3   paramiko.transport: Authentication (password) successful!
DEB [20170605-17:32:40.910] thr=2   paramiko.transport: [chan 0] Max packet in: 32768 bytes
DEB [20170605-17:32:40.917] thr=3   paramiko.transport: [chan 0] Max packet out: 32768 bytes
DEB [20170605-17:32:40.917] thr=3   paramiko.transport: Secsh channel 0 opened.
DEB [20170605-17:32:40.925] thr=3   paramiko.transport: [chan 0] Sesch channel 0 request ok
DEB [20170605-17:32:40.933] thr=3   paramiko.transport: [chan 0] EOF received (0)
DEB [20170605-17:32:40.933] thr=2   paramiko.transport: [chan 1] Max packet in: 32768 bytes
DEB [20170605-17:32:40.934] thr=3   paramiko.transport: [chan 0] EOF sent (0)
DEB [20170605-17:32:40.941] thr=3   paramiko.transport: [chan 1] Max packet out: 32768 bytes
DEB [20170605-17:32:40.942] thr=3   paramiko.transport: Secsh channel 1 opened.
DEB [20170605-17:32:40.995] thr=3   paramiko.transport: [chan 1] Sesch channel 1 request ok
DEB [20170605-17:32:41.008] thr=3   paramiko.transport: [chan 1] EOF received (1)
DEB [20170605-17:32:41.009] thr=2   paramiko.transport: [chan 2] Max packet in: 32768 bytes
DEB [20170605-17:32:41.010] thr=3   paramiko.transport: [chan 1] EOF sent (1)
DEB [20170605-17:32:41.017] thr=3   paramiko.transport: [chan 2] Max packet out: 32768 bytes
DEB [20170605-17:32:41.017] thr=3   paramiko.transport: Secsh channel 2 opened.
DEB [20170605-17:32:41.071] thr=3   paramiko.transport: [chan 2] Sesch channel 2 request ok
DEB [20170605-17:32:41.079] thr=3   paramiko.transport: [chan 2] EOF received (2)
DEB [20170605-17:32:41.093] thr=4   paramiko.transport: starting thread (client mode): 0xfa4c780
DEB [20170605-17:32:41.094] thr=4   paramiko.transport: Local version/idstring: SSH-2.0-paramiko_2.1.2
DEB [20170605-17:32:41.106] thr=4   paramiko.transport: Remote version/idstring: SSH-2.0-OpenSSH_5.3
INF [20170605-17:32:41.106] thr=4   paramiko.transport: Connected (version 2.0, client OpenSSH_5.3)
DEB [20170605-17:32:41.117] thr=4   paramiko.transport: kex algos:['diffie-hellman-group-exchange-sha256', 'diffie-hellman-group-exchange-sha1', 'diffie-hellman-group14-sha1', 'diffie-hellman-group1-sha1'] server key:['ssh-rsa', 'ssh-dss'] client encrypt:['aes128-ctr', 'aes192-ctr', 'aes256-ctr', 'arcfour256', 'arcfour128', 'aes128-cbc', '3des-cbc', 'blowfish-cbc', 'cast128-cbc', 'aes192-cbc', 'aes256-cbc', 'arcfour', 'rijndael-cbc@lysator.liu.se'] server encrypt:['aes128-ctr', 'aes192-ctr', 'aes256-ctr', 'arcfour256', 'arcfour128', 'aes128-cbc', '3des-cbc', 'blowfish-cbc', 'cast128-cbc', 'aes192-cbc', 'aes256-cbc', 'arcfour', 'rijndael-cbc@lysator.liu.se'] client mac:['hmac-md5', 'hmac-sha1', 'umac-64@openssh.com', 'hmac-sha2-256', 'hmac-sha2-512', 'hmac-ripemd160', 'hmac-ripemd160@openssh.com', 'hmac-sha1-96', 'hmac-md5-96'] server mac:['hmac-md5', 'hmac-sha1', 'umac-64@openssh.com', 'hmac-sha2-256', 'hmac-sha2-512', 'hmac-ripemd160', 'hmac-ripemd160@openssh.com', 'hmac-sha1-96', 'hmac-md5-96'] client compress:['none', 'zlib@openssh.com'] server compress:['none', 'zlib@openssh.com'] client lang:[''] server lang:[''] kex follows?False
DEB [20170605-17:32:41.117] thr=4   paramiko.transport: Kex agreed: diffie-hellman-group1-sha1
DEB [20170605-17:32:41.118] thr=4   paramiko.transport: Cipher agreed: aes128-ctr
DEB [20170605-17:32:41.118] thr=4   paramiko.transport: MAC agreed: hmac-sha2-256
DEB [20170605-17:32:41.118] thr=4   paramiko.transport: Compression agreed: none
DEB [20170605-17:32:41.141] thr=4   paramiko.transport: kex engine KexGroup1 specified hash_algo <built-in function openssl_sha1>
DEB [20170605-17:32:41.142] thr=4   paramiko.transport: Switch to new keys ...
DEB [20170605-17:32:41.143] thr=2   paramiko.transport: Attempting password auth...
DEB [20170605-17:32:41.198] thr=4   paramiko.transport: userauth is OK
INF [20170605-17:32:41.237] thr=4   paramiko.transport: Authentication (password) successful!
DEB [20170605-17:32:41.238] thr=2   paramiko.transport: [chan 0] Max packet in: 32768 bytes
DEB [20170605-17:32:41.246] thr=4   paramiko.transport: [chan 0] Max packet out: 32768 bytes
DEB [20170605-17:32:41.246] thr=4   paramiko.transport: Secsh channel 0 opened.
DEB [20170605-17:32:41.255] thr=4   paramiko.transport: [chan 0] Sesch channel 0 request ok
INF [20170605-17:32:41.265] thr=2   paramiko.transport.sftp: [chan 0] Opened sftp connection (server version 3)
DEB [20170605-17:32:55.228] thr=2   paramiko.transport.sftp: [chan 0] open(b'/home/tomcat-invoicing/webapps', 'wb')
DEB [20170605-17:32:55.509] thr=4   paramiko.transport: EOF in transport thread
