DEB [20170605-17:21:33.828] thr=3   paramiko.transport: starting thread (client mode): 0x363b5668
DEB [20170605-17:21:33.828] thr=3   paramiko.transport: Local version/idstring: SSH-2.0-paramiko_2.1.2
DEB [20170605-17:21:33.839] thr=3   paramiko.transport: Remote version/idstring: SSH-2.0-OpenSSH_5.3
INF [20170605-17:21:33.840] thr=3   paramiko.transport: Connected (version 2.0, client OpenSSH_5.3)
DEB [20170605-17:21:33.856] thr=3   paramiko.transport: kex algos:['diffie-hellman-group-exchange-sha256', 'diffie-hellman-group-exchange-sha1', 'diffie-hellman-group14-sha1', 'diffie-hellman-group1-sha1'] server key:['ssh-rsa', 'ssh-dss'] client encrypt:['aes128-ctr', 'aes192-ctr', 'aes256-ctr', 'arcfour256', 'arcfour128', 'aes128-cbc', '3des-cbc', 'blowfish-cbc', 'cast128-cbc', 'aes192-cbc', 'aes256-cbc', 'arcfour', 'rijndael-cbc@lysator.liu.se'] server encrypt:['aes128-ctr', 'aes192-ctr', 'aes256-ctr', 'arcfour256', 'arcfour128', 'aes128-cbc', '3des-cbc', 'blowfish-cbc', 'cast128-cbc', 'aes192-cbc', 'aes256-cbc', 'arcfour', 'rijndael-cbc@lysator.liu.se'] client mac:['hmac-md5', 'hmac-sha1', 'umac-64@openssh.com', 'hmac-sha2-256', 'hmac-sha2-512', 'hmac-ripemd160', 'hmac-ripemd160@openssh.com', 'hmac-sha1-96', 'hmac-md5-96'] server mac:['hmac-md5', 'hmac-sha1', 'umac-64@openssh.com', 'hmac-sha2-256', 'hmac-sha2-512', 'hmac-ripemd160', 'hmac-ripemd160@openssh.com', 'hmac-sha1-96', 'hmac-md5-96'] client compress:['none', 'zlib@openssh.com'] server compress:['none', 'zlib@openssh.com'] client lang:[''] server lang:[''] kex follows?False
DEB [20170605-17:21:33.857] thr=3   paramiko.transport: Kex agreed: diffie-hellman-group1-sha1
DEB [20170605-17:21:33.857] thr=3   paramiko.transport: Cipher agreed: aes128-ctr
DEB [20170605-17:21:33.858] thr=3   paramiko.transport: MAC agreed: hmac-sha2-256
DEB [20170605-17:21:33.858] thr=3   paramiko.transport: Compression agreed: none
DEB [20170605-17:21:33.886] thr=3   paramiko.transport: kex engine KexGroup1 specified hash_algo <built-in function openssl_sha1>
DEB [20170605-17:21:33.886] thr=3   paramiko.transport: Switch to new keys ...
DEB [20170605-17:21:33.887] thr=2   paramiko.transport: Adding ssh-rsa host key for 120.76.168.28: b'368f1d0922e7f78f9e4f3d54ea61d6e1'
DEB [20170605-17:21:33.984] thr=3   paramiko.transport: userauth is OK
INF [20170605-17:21:34.090] thr=3   paramiko.transport: Authentication (password) successful!
DEB [20170605-17:21:34.091] thr=2   paramiko.transport: [chan 0] Max packet in: 32768 bytes
DEB [20170605-17:21:34.108] thr=3   paramiko.transport: [chan 0] Max packet out: 32768 bytes
DEB [20170605-17:21:34.108] thr=3   paramiko.transport: Secsh channel 0 opened.
DEB [20170605-17:21:34.158] thr=3   paramiko.transport: [chan 0] Sesch channel 0 request ok
DEB [20170605-17:21:34.183] thr=3   paramiko.transport: [chan 0] EOF received (0)
DEB [20170605-17:21:34.204] thr=4   paramiko.transport: starting thread (client mode): 0x363b56d8
DEB [20170605-17:21:34.205] thr=4   paramiko.transport: Local version/idstring: SSH-2.0-paramiko_2.1.2
DEB [20170605-17:21:34.228] thr=4   paramiko.transport: Remote version/idstring: SSH-2.0-OpenSSH_5.3
INF [20170605-17:21:34.229] thr=4   paramiko.transport: Connected (version 2.0, client OpenSSH_5.3)
DEB [20170605-17:21:34.287] thr=4   paramiko.transport: kex algos:['diffie-hellman-group-exchange-sha256', 'diffie-hellman-group-exchange-sha1', 'diffie-hellman-group14-sha1', 'diffie-hellman-group1-sha1'] server key:['ssh-rsa', 'ssh-dss'] client encrypt:['aes128-ctr', 'aes192-ctr', 'aes256-ctr', 'arcfour256', 'arcfour128', 'aes128-cbc', '3des-cbc', 'blowfish-cbc', 'cast128-cbc', 'aes192-cbc', 'aes256-cbc', 'arcfour', 'rijndael-cbc@lysator.liu.se'] server encrypt:['aes128-ctr', 'aes192-ctr', 'aes256-ctr', 'arcfour256', 'arcfour128', 'aes128-cbc', '3des-cbc', 'blowfish-cbc', 'cast128-cbc', 'aes192-cbc', 'aes256-cbc', 'arcfour', 'rijndael-cbc@lysator.liu.se'] client mac:['hmac-md5', 'hmac-sha1', 'umac-64@openssh.com', 'hmac-sha2-256', 'hmac-sha2-512', 'hmac-ripemd160', 'hmac-ripemd160@openssh.com', 'hmac-sha1-96', 'hmac-md5-96'] server mac:['hmac-md5', 'hmac-sha1', 'umac-64@openssh.com', 'hmac-sha2-256', 'hmac-sha2-512', 'hmac-ripemd160', 'hmac-ripemd160@openssh.com', 'hmac-sha1-96', 'hmac-md5-96'] client compress:['none', 'zlib@openssh.com'] server compress:['none', 'zlib@openssh.com'] client lang:[''] server lang:[''] kex follows?False
DEB [20170605-17:21:34.287] thr=4   paramiko.transport: Kex agreed: diffie-hellman-group1-sha1
DEB [20170605-17:21:34.287] thr=4   paramiko.transport: Cipher agreed: aes128-ctr
DEB [20170605-17:21:34.288] thr=4   paramiko.transport: MAC agreed: hmac-sha2-256
DEB [20170605-17:21:34.288] thr=4   paramiko.transport: Compression agreed: none
DEB [20170605-17:21:34.318] thr=4   paramiko.transport: kex engine KexGroup1 specified hash_algo <built-in function openssl_sha1>
DEB [20170605-17:21:34.319] thr=4   paramiko.transport: Switch to new keys ...
DEB [20170605-17:21:34.320] thr=2   paramiko.transport: Adding ssh-rsa host key for 120.76.168.28: b'368f1d0922e7f78f9e4f3d54ea61d6e1'
DEB [20170605-17:21:34.406] thr=4   paramiko.transport: userauth is OK
INF [20170605-17:21:34.453] thr=4   paramiko.transport: Authentication (password) successful!
DEB [20170605-17:21:34.454] thr=2   paramiko.transport: [chan 0] Max packet in: 32768 bytes
DEB [20170605-17:21:34.472] thr=4   paramiko.transport: [chan 0] Max packet out: 32768 bytes
DEB [20170605-17:21:34.473] thr=4   paramiko.transport: Secsh channel 0 opened.
DEB [20170605-17:21:34.485] thr=4   paramiko.transport: [chan 0] Sesch channel 0 request ok
DEB [20170605-17:21:34.496] thr=4   paramiko.transport: [chan 0] EOF received (0)
DEB [20170605-17:21:34.497] thr=2   paramiko.transport: [chan 1] Max packet in: 32768 bytes
DEB [20170605-17:21:34.497] thr=4   paramiko.transport: [chan 0] EOF sent (0)
DEB [20170605-17:21:34.514] thr=4   paramiko.transport: [chan 1] Max packet out: 32768 bytes
DEB [20170605-17:21:34.514] thr=4   paramiko.transport: Secsh channel 1 opened.
DEB [20170605-17:21:34.577] thr=4   paramiko.transport: [chan 1] Sesch channel 1 request ok
DEB [20170605-17:21:34.597] thr=4   paramiko.transport: [chan 1] EOF received (1)
DEB [20170605-17:21:34.599] thr=2   paramiko.transport: [chan 2] Max packet in: 32768 bytes
DEB [20170605-17:21:34.600] thr=4   paramiko.transport: [chan 1] EOF sent (1)
DEB [20170605-17:21:34.614] thr=4   paramiko.transport: [chan 2] Max packet out: 32768 bytes
DEB [20170605-17:21:34.614] thr=4   paramiko.transport: Secsh channel 2 opened.
DEB [20170605-17:21:34.690] thr=4   paramiko.transport: [chan 2] Sesch channel 2 request ok
DEB [20170605-17:21:34.738] thr=4   paramiko.transport: [chan 2] EOF received (2)
DEB [20170605-17:21:34.768] thr=5   paramiko.transport: starting thread (client mode): 0x3639f898
DEB [20170605-17:21:34.768] thr=5   paramiko.transport: Local version/idstring: SSH-2.0-paramiko_2.1.2
DEB [20170605-17:21:34.785] thr=5   paramiko.transport: Remote version/idstring: SSH-2.0-OpenSSH_5.3
INF [20170605-17:21:34.785] thr=5   paramiko.transport: Connected (version 2.0, client OpenSSH_5.3)
DEB [20170605-17:21:34.799] thr=5   paramiko.transport: kex algos:['diffie-hellman-group-exchange-sha256', 'diffie-hellman-group-exchange-sha1', 'diffie-hellman-group14-sha1', 'diffie-hellman-group1-sha1'] server key:['ssh-rsa', 'ssh-dss'] client encrypt:['aes128-ctr', 'aes192-ctr', 'aes256-ctr', 'arcfour256', 'arcfour128', 'aes128-cbc', '3des-cbc', 'blowfish-cbc', 'cast128-cbc', 'aes192-cbc', 'aes256-cbc', 'arcfour', 'rijndael-cbc@lysator.liu.se'] server encrypt:['aes128-ctr', 'aes192-ctr', 'aes256-ctr', 'arcfour256', 'arcfour128', 'aes128-cbc', '3des-cbc', 'blowfish-cbc', 'cast128-cbc', 'aes192-cbc', 'aes256-cbc', 'arcfour', 'rijndael-cbc@lysator.liu.se'] client mac:['hmac-md5', 'hmac-sha1', 'umac-64@openssh.com', 'hmac-sha2-256', 'hmac-sha2-512', 'hmac-ripemd160', 'hmac-ripemd160@openssh.com', 'hmac-sha1-96', 'hmac-md5-96'] server mac:['hmac-md5', 'hmac-sha1', 'umac-64@openssh.com', 'hmac-sha2-256', 'hmac-sha2-512', 'hmac-ripemd160', 'hmac-ripemd160@openssh.com', 'hmac-sha1-96', 'hmac-md5-96'] client compress:['none', 'zlib@openssh.com'] server compress:['none', 'zlib@openssh.com'] client lang:[''] server lang:[''] kex follows?False
DEB [20170605-17:21:34.800] thr=5   paramiko.transport: Kex agreed: diffie-hellman-group1-sha1
DEB [20170605-17:21:34.800] thr=5   paramiko.transport: Cipher agreed: aes128-ctr
DEB [20170605-17:21:34.800] thr=5   paramiko.transport: MAC agreed: hmac-sha2-256
DEB [20170605-17:21:34.800] thr=5   paramiko.transport: Compression agreed: none
DEB [20170605-17:21:34.828] thr=5   paramiko.transport: kex engine KexGroup1 specified hash_algo <built-in function openssl_sha1>
DEB [20170605-17:21:34.829] thr=5   paramiko.transport: Switch to new keys ...
DEB [20170605-17:21:34.829] thr=2   paramiko.transport: Attempting password auth...
DEB [20170605-17:21:34.895] thr=5   paramiko.transport: userauth is OK
INF [20170605-17:21:34.941] thr=5   paramiko.transport: Authentication (password) successful!
DEB [20170605-17:21:34.942] thr=2   paramiko.transport: [chan 0] Max packet in: 32768 bytes
DEB [20170605-17:21:34.951] thr=5   paramiko.transport: [chan 0] Max packet out: 32768 bytes
DEB [20170605-17:21:34.951] thr=5   paramiko.transport: Secsh channel 0 opened.
DEB [20170605-17:21:34.964] thr=5   paramiko.transport: [chan 0] Sesch channel 0 request ok
INF [20170605-17:21:34.979] thr=2   paramiko.transport.sftp: [chan 0] Opened sftp connection (server version 3)
DEB [20170605-17:21:47.068] thr=2   paramiko.transport.sftp: [chan 0] open(b'/home/tomcat-invoicing/webapps', 'wb')
DEB [20170605-17:22:13.666] thr=5   paramiko.transport: EOF in transport thread
