DEB [20170605-14:29:10.231] thr=3   paramiko.transport: starting thread (client mode): 0x63b6b748
DEB [20170605-14:29:10.232] thr=3   paramiko.transport: Local version/idstring: SSH-2.0-paramiko_2.1.2
DEB [20170605-14:29:10.245] thr=3   paramiko.transport: Remote version/idstring: SSH-2.0-OpenSSH_5.3
INF [20170605-14:29:10.245] thr=3   paramiko.transport: Connected (version 2.0, client OpenSSH_5.3)
DEB [20170605-14:29:10.256] thr=3   paramiko.transport: kex algos:['diffie-hellman-group-exchange-sha256', 'diffie-hellman-group-exchange-sha1', 'diffie-hellman-group14-sha1', 'diffie-hellman-group1-sha1'] server key:['ssh-rsa', 'ssh-dss'] client encrypt:['aes128-ctr', 'aes192-ctr', 'aes256-ctr', 'arcfour256', 'arcfour128', 'aes128-cbc', '3des-cbc', 'blowfish-cbc', 'cast128-cbc', 'aes192-cbc', 'aes256-cbc', 'arcfour', 'rijndael-cbc@lysator.liu.se'] server encrypt:['aes128-ctr', 'aes192-ctr', 'aes256-ctr', 'arcfour256', 'arcfour128', 'aes128-cbc', '3des-cbc', 'blowfish-cbc', 'cast128-cbc', 'aes192-cbc', 'aes256-cbc', 'arcfour', 'rijndael-cbc@lysator.liu.se'] client mac:['hmac-md5', 'hmac-sha1', 'umac-64@openssh.com', 'hmac-sha2-256', 'hmac-sha2-512', 'hmac-ripemd160', 'hmac-ripemd160@openssh.com', 'hmac-sha1-96', 'hmac-md5-96'] server mac:['hmac-md5', 'hmac-sha1', 'umac-64@openssh.com', 'hmac-sha2-256', 'hmac-sha2-512', 'hmac-ripemd160', 'hmac-ripemd160@openssh.com', 'hmac-sha1-96', 'hmac-md5-96'] client compress:['none', 'zlib@openssh.com'] server compress:['none', 'zlib@openssh.com'] client lang:[''] server lang:[''] kex follows?False
DEB [20170605-14:29:10.257] thr=3   paramiko.transport: Kex agreed: diffie-hellman-group1-sha1
DEB [20170605-14:29:10.257] thr=3   paramiko.transport: Cipher agreed: aes128-ctr
DEB [20170605-14:29:10.257] thr=3   paramiko.transport: MAC agreed: hmac-sha2-256
DEB [20170605-14:29:10.257] thr=3   paramiko.transport: Compression agreed: none
DEB [20170605-14:29:10.280] thr=3   paramiko.transport: kex engine KexGroup1 specified hash_algo <built-in function openssl_sha1>
DEB [20170605-14:29:10.280] thr=3   paramiko.transport: Switch to new keys ...
DEB [20170605-14:29:10.281] thr=2   paramiko.transport: Adding ssh-rsa host key for 120.76.168.28: b'368f1d0922e7f78f9e4f3d54ea61d6e1'
DEB [20170605-14:29:10.337] thr=3   paramiko.transport: userauth is OK
INF [20170605-14:29:10.374] thr=3   paramiko.transport: Authentication (password) successful!
DEB [20170605-14:29:10.375] thr=2   paramiko.transport: [chan 0] Max packet in: 32768 bytes
DEB [20170605-14:29:10.385] thr=3   paramiko.transport: [chan 0] Max packet out: 32768 bytes
DEB [20170605-14:29:10.385] thr=3   paramiko.transport: Secsh channel 0 opened.
DEB [20170605-14:29:10.396] thr=3   paramiko.transport: [chan 0] Sesch channel 0 request ok
DEB [20170605-14:29:10.432] thr=3   paramiko.transport: [chan 0] EOF received (0)
DEB [20170605-14:29:10.434] thr=3   paramiko.transport: [chan 0] EOF sent (0)
DEB [20170605-14:29:10.435] thr=3   paramiko.transport: EOF in transport thread
DEB [20170605-14:29:10.462] thr=4   paramiko.transport: starting thread (client mode): 0x64aeea90
DEB [20170605-14:29:10.462] thr=4   paramiko.transport: Local version/idstring: SSH-2.0-paramiko_2.1.2
DEB [20170605-14:29:10.463] thr=4   paramiko.transport: Remote version/idstring: SSH-2.0-OpenSSH_5.3
INF [20170605-14:29:10.463] thr=4   paramiko.transport: Connected (version 2.0, client OpenSSH_5.3)
DEB [20170605-14:29:10.469] thr=4   paramiko.transport: kex algos:['diffie-hellman-group-exchange-sha256', 'diffie-hellman-group-exchange-sha1', 'diffie-hellman-group14-sha1', 'diffie-hellman-group1-sha1'] server key:['ssh-rsa', 'ssh-dss'] client encrypt:['aes128-ctr', 'aes192-ctr', 'aes256-ctr', 'arcfour256', 'arcfour128', 'aes128-cbc', '3des-cbc', 'blowfish-cbc', 'cast128-cbc', 'aes192-cbc', 'aes256-cbc', 'arcfour', 'rijndael-cbc@lysator.liu.se'] server encrypt:['aes128-ctr', 'aes192-ctr', 'aes256-ctr', 'arcfour256', 'arcfour128', 'aes128-cbc', '3des-cbc', 'blowfish-cbc', 'cast128-cbc', 'aes192-cbc', 'aes256-cbc', 'arcfour', 'rijndael-cbc@lysator.liu.se'] client mac:['hmac-md5', 'hmac-sha1', 'umac-64@openssh.com', 'hmac-sha2-256', 'hmac-sha2-512', 'hmac-ripemd160', 'hmac-ripemd160@openssh.com', 'hmac-sha1-96', 'hmac-md5-96'] server mac:['hmac-md5', 'hmac-sha1', 'umac-64@openssh.com', 'hmac-sha2-256', 'hmac-sha2-512', 'hmac-ripemd160', 'hmac-ripemd160@openssh.com', 'hmac-sha1-96', 'hmac-md5-96'] client compress:['none', 'zlib@openssh.com'] server compress:['none', 'zlib@openssh.com'] client lang:[''] server lang:[''] kex follows?False
DEB [20170605-14:29:10.470] thr=4   paramiko.transport: Kex agreed: diffie-hellman-group1-sha1
DEB [20170605-14:29:10.470] thr=4   paramiko.transport: Cipher agreed: aes128-ctr
DEB [20170605-14:29:10.470] thr=4   paramiko.transport: MAC agreed: hmac-sha2-256
DEB [20170605-14:29:10.471] thr=4   paramiko.transport: Compression agreed: none
DEB [20170605-14:29:10.527] thr=4   paramiko.transport: kex engine KexGroup1 specified hash_algo <built-in function openssl_sha1>
DEB [20170605-14:29:10.528] thr=4   paramiko.transport: Switch to new keys ...
DEB [20170605-14:29:10.530] thr=2   paramiko.transport: Adding ssh-rsa host key for 120.76.168.28: b'368f1d0922e7f78f9e4f3d54ea61d6e1'
DEB [20170605-14:29:10.575] thr=4   paramiko.transport: userauth is OK
INF [20170605-14:29:10.610] thr=4   paramiko.transport: Authentication (password) successful!
DEB [20170605-14:29:10.612] thr=2   paramiko.transport: [chan 0] Max packet in: 32768 bytes
DEB [20170605-14:29:10.618] thr=4   paramiko.transport: [chan 0] Max packet out: 32768 bytes
DEB [20170605-14:29:10.618] thr=4   paramiko.transport: Secsh channel 0 opened.
DEB [20170605-14:29:10.625] thr=4   paramiko.transport: [chan 0] Sesch channel 0 request ok
DEB [20170605-14:29:10.634] thr=4   paramiko.transport: [chan 0] EOF received (0)
DEB [20170605-14:29:10.635] thr=4   paramiko.transport: [chan 0] EOF sent (0)
DEB [20170605-14:29:10.637] thr=2   paramiko.transport: [chan 1] Max packet in: 32768 bytes
DEB [20170605-14:29:10.687] thr=4   paramiko.transport: [chan 1] Max packet out: 32768 bytes
DEB [20170605-14:29:10.687] thr=4   paramiko.transport: Secsh channel 1 opened.
DEB [20170605-14:29:10.695] thr=4   paramiko.transport: [chan 1] Sesch channel 1 request ok
DEB [20170605-14:29:10.705] thr=4   paramiko.transport: [chan 1] EOF received (1)
DEB [20170605-14:29:10.706] thr=4   paramiko.transport: [chan 1] EOF sent (1)
DEB [20170605-14:29:10.717] thr=2   paramiko.transport: [chan 2] Max packet in: 32768 bytes
DEB [20170605-14:29:10.759] thr=4   paramiko.transport: [chan 2] Max packet out: 32768 bytes
DEB [20170605-14:29:10.759] thr=4   paramiko.transport: Secsh channel 2 opened.
DEB [20170605-14:29:10.766] thr=4   paramiko.transport: [chan 2] Sesch channel 2 request ok
DEB [20170605-14:29:10.774] thr=4   paramiko.transport: [chan 2] EOF received (2)
DEB [20170605-14:29:17.695] thr=5   paramiko.transport: starting thread (client mode): 0x637639b0
DEB [20170605-14:29:17.695] thr=5   paramiko.transport: Local version/idstring: SSH-2.0-paramiko_2.1.2
DEB [20170605-14:29:17.696] thr=5   paramiko.transport: Remote version/idstring: SSH-2.0-OpenSSH_5.3
INF [20170605-14:29:17.696] thr=5   paramiko.transport: Connected (version 2.0, client OpenSSH_5.3)
DEB [20170605-14:29:17.708] thr=5   paramiko.transport: kex algos:['diffie-hellman-group-exchange-sha256', 'diffie-hellman-group-exchange-sha1', 'diffie-hellman-group14-sha1', 'diffie-hellman-group1-sha1'] server key:['ssh-rsa', 'ssh-dss'] client encrypt:['aes128-ctr', 'aes192-ctr', 'aes256-ctr', 'arcfour256', 'arcfour128', 'aes128-cbc', '3des-cbc', 'blowfish-cbc', 'cast128-cbc', 'aes192-cbc', 'aes256-cbc', 'arcfour', 'rijndael-cbc@lysator.liu.se'] server encrypt:['aes128-ctr', 'aes192-ctr', 'aes256-ctr', 'arcfour256', 'arcfour128', 'aes128-cbc', '3des-cbc', 'blowfish-cbc', 'cast128-cbc', 'aes192-cbc', 'aes256-cbc', 'arcfour', 'rijndael-cbc@lysator.liu.se'] client mac:['hmac-md5', 'hmac-sha1', 'umac-64@openssh.com', 'hmac-sha2-256', 'hmac-sha2-512', 'hmac-ripemd160', 'hmac-ripemd160@openssh.com', 'hmac-sha1-96', 'hmac-md5-96'] server mac:['hmac-md5', 'hmac-sha1', 'umac-64@openssh.com', 'hmac-sha2-256', 'hmac-sha2-512', 'hmac-ripemd160', 'hmac-ripemd160@openssh.com', 'hmac-sha1-96', 'hmac-md5-96'] client compress:['none', 'zlib@openssh.com'] server compress:['none', 'zlib@openssh.com'] client lang:[''] server lang:[''] kex follows?False
DEB [20170605-14:29:17.708] thr=5   paramiko.transport: Kex agreed: diffie-hellman-group1-sha1
DEB [20170605-14:29:17.709] thr=5   paramiko.transport: Cipher agreed: aes128-ctr
DEB [20170605-14:29:17.709] thr=5   paramiko.transport: MAC agreed: hmac-sha2-256
DEB [20170605-14:29:17.709] thr=5   paramiko.transport: Compression agreed: none
DEB [20170605-14:29:17.782] thr=5   paramiko.transport: kex engine KexGroup1 specified hash_algo <built-in function openssl_sha1>
DEB [20170605-14:29:17.782] thr=5   paramiko.transport: Switch to new keys ...
DEB [20170605-14:29:17.783] thr=2   paramiko.transport: Attempting password auth...
DEB [20170605-14:29:17.831] thr=5   paramiko.transport: userauth is OK
INF [20170605-14:29:17.866] thr=5   paramiko.transport: Authentication (password) successful!
DEB [20170605-14:29:18.526] thr=2   paramiko.transport: [chan 0] Max packet in: 32768 bytes
DEB [20170605-14:29:18.534] thr=5   paramiko.transport: [chan 0] Max packet out: 32768 bytes
DEB [20170605-14:29:18.535] thr=5   paramiko.transport: Secsh channel 0 opened.
DEB [20170605-14:29:18.544] thr=5   paramiko.transport: [chan 0] Sesch channel 0 request ok
INF [20170605-14:29:18.557] thr=2   paramiko.transport.sftp: [chan 0] Opened sftp connection (server version 3)
DEB [20170605-14:29:27.068] thr=2   paramiko.transport.sftp: [chan 0] open(b'/home/tomcat-invoicing/webapps', 'wb')
DEB [20170605-14:29:32.506] thr=5   paramiko.transport: EOF in transport thread
