DEB [20170605-14:26:21.212] thr=3   paramiko.transport: starting thread (client mode): 0x382a1470
DEB [20170605-14:26:21.212] thr=3   paramiko.transport: Local version/idstring: SSH-2.0-paramiko_2.1.2
DEB [20170605-14:26:21.222] thr=3   paramiko.transport: Remote version/idstring: SSH-2.0-OpenSSH_5.3
INF [20170605-14:26:21.222] thr=3   paramiko.transport: Connected (version 2.0, client OpenSSH_5.3)
DEB [20170605-14:26:21.229] thr=3   paramiko.transport: kex algos:['diffie-hellman-group-exchange-sha256', 'diffie-hellman-group-exchange-sha1', 'diffie-hellman-group14-sha1', 'diffie-hellman-group1-sha1'] server key:['ssh-rsa', 'ssh-dss'] client encrypt:['aes128-ctr', 'aes192-ctr', 'aes256-ctr', 'arcfour256', 'arcfour128', 'aes128-cbc', '3des-cbc', 'blowfish-cbc', 'cast128-cbc', 'aes192-cbc', 'aes256-cbc', 'arcfour', 'rijndael-cbc@lysator.liu.se'] server encrypt:['aes128-ctr', 'aes192-ctr', 'aes256-ctr', 'arcfour256', 'arcfour128', 'aes128-cbc', '3des-cbc', 'blowfish-cbc', 'cast128-cbc', 'aes192-cbc', 'aes256-cbc', 'arcfour', 'rijndael-cbc@lysator.liu.se'] client mac:['hmac-md5', 'hmac-sha1', 'umac-64@openssh.com', 'hmac-sha2-256', 'hmac-sha2-512', 'hmac-ripemd160', 'hmac-ripemd160@openssh.com', 'hmac-sha1-96', 'hmac-md5-96'] server mac:['hmac-md5', 'hmac-sha1', 'umac-64@openssh.com', 'hmac-sha2-256', 'hmac-sha2-512', 'hmac-ripemd160', 'hmac-ripemd160@openssh.com', 'hmac-sha1-96', 'hmac-md5-96'] client compress:['none', 'zlib@openssh.com'] server compress:['none', 'zlib@openssh.com'] client lang:[''] server lang:[''] kex follows?False
DEB [20170605-14:26:21.230] thr=3   paramiko.transport: Kex agreed: diffie-hellman-group1-sha1
DEB [20170605-14:26:21.230] thr=3   paramiko.transport: Cipher agreed: aes128-ctr
DEB [20170605-14:26:21.230] thr=3   paramiko.transport: MAC agreed: hmac-sha2-256
DEB [20170605-14:26:21.230] thr=3   paramiko.transport: Compression agreed: none
DEB [20170605-14:26:21.249] thr=3   paramiko.transport: kex engine KexGroup1 specified hash_algo <built-in function openssl_sha1>
DEB [20170605-14:26:21.249] thr=3   paramiko.transport: Switch to new keys ...
DEB [20170605-14:26:21.250] thr=2   paramiko.transport: Adding ssh-rsa host key for 120.76.168.28: b'368f1d0922e7f78f9e4f3d54ea61d6e1'
DEB [20170605-14:26:21.299] thr=3   paramiko.transport: userauth is OK
INF [20170605-14:26:21.331] thr=3   paramiko.transport: Authentication (password) successful!
DEB [20170605-14:26:21.332] thr=2   paramiko.transport: [chan 0] Max packet in: 32768 bytes
DEB [20170605-14:26:21.337] thr=3   paramiko.transport: [chan 0] Max packet out: 32768 bytes
DEB [20170605-14:26:21.337] thr=3   paramiko.transport: Secsh channel 0 opened.
DEB [20170605-14:26:21.345] thr=3   paramiko.transport: [chan 0] Sesch channel 0 request ok
DEB [20170605-14:26:21.376] thr=3   paramiko.transport: [chan 0] EOF received (0)
DEB [20170605-14:26:21.387] thr=3   paramiko.transport: starting thread (client mode): 0x382a1470
DEB [20170605-14:26:21.387] thr=3   paramiko.transport: Local version/idstring: SSH-2.0-paramiko_2.1.2
DEB [20170605-14:26:21.398] thr=3   paramiko.transport: Remote version/idstring: SSH-2.0-OpenSSH_5.3
INF [20170605-14:26:21.398] thr=3   paramiko.transport: Connected (version 2.0, client OpenSSH_5.3)
DEB [20170605-14:26:21.405] thr=3   paramiko.transport: kex algos:['diffie-hellman-group-exchange-sha256', 'diffie-hellman-group-exchange-sha1', 'diffie-hellman-group14-sha1', 'diffie-hellman-group1-sha1'] server key:['ssh-rsa', 'ssh-dss'] client encrypt:['aes128-ctr', 'aes192-ctr', 'aes256-ctr', 'arcfour256', 'arcfour128', 'aes128-cbc', '3des-cbc', 'blowfish-cbc', 'cast128-cbc', 'aes192-cbc', 'aes256-cbc', 'arcfour', 'rijndael-cbc@lysator.liu.se'] server encrypt:['aes128-ctr', 'aes192-ctr', 'aes256-ctr', 'arcfour256', 'arcfour128', 'aes128-cbc', '3des-cbc', 'blowfish-cbc', 'cast128-cbc', 'aes192-cbc', 'aes256-cbc', 'arcfour', 'rijndael-cbc@lysator.liu.se'] client mac:['hmac-md5', 'hmac-sha1', 'umac-64@openssh.com', 'hmac-sha2-256', 'hmac-sha2-512', 'hmac-ripemd160', 'hmac-ripemd160@openssh.com', 'hmac-sha1-96', 'hmac-md5-96'] server mac:['hmac-md5', 'hmac-sha1', 'umac-64@openssh.com', 'hmac-sha2-256', 'hmac-sha2-512', 'hmac-ripemd160', 'hmac-ripemd160@openssh.com', 'hmac-sha1-96', 'hmac-md5-96'] client compress:['none', 'zlib@openssh.com'] server compress:['none', 'zlib@openssh.com'] client lang:[''] server lang:[''] kex follows?False
DEB [20170605-14:26:21.406] thr=3   paramiko.transport: Kex agreed: diffie-hellman-group1-sha1
DEB [20170605-14:26:21.406] thr=3   paramiko.transport: Cipher agreed: aes128-ctr
DEB [20170605-14:26:21.406] thr=3   paramiko.transport: MAC agreed: hmac-sha2-256
DEB [20170605-14:26:21.406] thr=3   paramiko.transport: Compression agreed: none
DEB [20170605-14:26:21.427] thr=3   paramiko.transport: kex engine KexGroup1 specified hash_algo <built-in function openssl_sha1>
DEB [20170605-14:26:21.428] thr=3   paramiko.transport: Switch to new keys ...
DEB [20170605-14:26:21.429] thr=2   paramiko.transport: Adding ssh-rsa host key for 120.76.168.28: b'368f1d0922e7f78f9e4f3d54ea61d6e1'
DEB [20170605-14:26:21.478] thr=3   paramiko.transport: userauth is OK
INF [20170605-14:26:21.511] thr=3   paramiko.transport: Authentication (password) successful!
DEB [20170605-14:26:21.512] thr=2   paramiko.transport: [chan 0] Max packet in: 32768 bytes
DEB [20170605-14:26:21.518] thr=3   paramiko.transport: [chan 0] Max packet out: 32768 bytes
DEB [20170605-14:26:21.519] thr=3   paramiko.transport: Secsh channel 0 opened.
DEB [20170605-14:26:21.526] thr=3   paramiko.transport: [chan 0] Sesch channel 0 request ok
DEB [20170605-14:26:21.535] thr=3   paramiko.transport: [chan 0] EOF received (0)
DEB [20170605-14:26:21.536] thr=2   paramiko.transport: [chan 1] Max packet in: 32768 bytes
DEB [20170605-14:26:21.536] thr=3   paramiko.transport: [chan 0] EOF sent (0)
DEB [20170605-14:26:21.542] thr=3   paramiko.transport: [chan 1] Max packet out: 32768 bytes
DEB [20170605-14:26:21.542] thr=3   paramiko.transport: Secsh channel 1 opened.
DEB [20170605-14:26:21.594] thr=3   paramiko.transport: [chan 1] Sesch channel 1 request ok
DEB [20170605-14:26:21.604] thr=3   paramiko.transport: [chan 1] EOF received (1)
DEB [20170605-14:26:21.605] thr=2   paramiko.transport: [chan 2] Max packet in: 32768 bytes
DEB [20170605-14:26:21.606] thr=3   paramiko.transport: [chan 1] EOF sent (1)
DEB [20170605-14:26:21.613] thr=3   paramiko.transport: [chan 2] Max packet out: 32768 bytes
DEB [20170605-14:26:21.613] thr=3   paramiko.transport: Secsh channel 2 opened.
DEB [20170605-14:26:21.665] thr=3   paramiko.transport: [chan 2] Sesch channel 2 request ok
DEB [20170605-14:26:21.674] thr=3   paramiko.transport: [chan 2] EOF received (2)
DEB [20170605-14:26:21.681] thr=4   paramiko.transport: starting thread (client mode): 0x36fd5cf8
DEB [20170605-14:26:21.681] thr=4   paramiko.transport: Local version/idstring: SSH-2.0-paramiko_2.1.2
DEB [20170605-14:26:21.690] thr=4   paramiko.transport: Remote version/idstring: SSH-2.0-OpenSSH_5.3
INF [20170605-14:26:21.690] thr=4   paramiko.transport: Connected (version 2.0, client OpenSSH_5.3)
DEB [20170605-14:26:21.696] thr=4   paramiko.transport: kex algos:['diffie-hellman-group-exchange-sha256', 'diffie-hellman-group-exchange-sha1', 'diffie-hellman-group14-sha1', 'diffie-hellman-group1-sha1'] server key:['ssh-rsa', 'ssh-dss'] client encrypt:['aes128-ctr', 'aes192-ctr', 'aes256-ctr', 'arcfour256', 'arcfour128', 'aes128-cbc', '3des-cbc', 'blowfish-cbc', 'cast128-cbc', 'aes192-cbc', 'aes256-cbc', 'arcfour', 'rijndael-cbc@lysator.liu.se'] server encrypt:['aes128-ctr', 'aes192-ctr', 'aes256-ctr', 'arcfour256', 'arcfour128', 'aes128-cbc', '3des-cbc', 'blowfish-cbc', 'cast128-cbc', 'aes192-cbc', 'aes256-cbc', 'arcfour', 'rijndael-cbc@lysator.liu.se'] client mac:['hmac-md5', 'hmac-sha1', 'umac-64@openssh.com', 'hmac-sha2-256', 'hmac-sha2-512', 'hmac-ripemd160', 'hmac-ripemd160@openssh.com', 'hmac-sha1-96', 'hmac-md5-96'] server mac:['hmac-md5', 'hmac-sha1', 'umac-64@openssh.com', 'hmac-sha2-256', 'hmac-sha2-512', 'hmac-ripemd160', 'hmac-ripemd160@openssh.com', 'hmac-sha1-96', 'hmac-md5-96'] client compress:['none', 'zlib@openssh.com'] server compress:['none', 'zlib@openssh.com'] client lang:[''] server lang:[''] kex follows?False
DEB [20170605-14:26:21.697] thr=4   paramiko.transport: Kex agreed: diffie-hellman-group1-sha1
DEB [20170605-14:26:21.697] thr=4   paramiko.transport: Cipher agreed: aes128-ctr
DEB [20170605-14:26:21.697] thr=4   paramiko.transport: MAC agreed: hmac-sha2-256
DEB [20170605-14:26:21.698] thr=4   paramiko.transport: Compression agreed: none
DEB [20170605-14:26:21.720] thr=4   paramiko.transport: kex engine KexGroup1 specified hash_algo <built-in function openssl_sha1>
DEB [20170605-14:26:21.721] thr=4   paramiko.transport: Switch to new keys ...
DEB [20170605-14:26:21.722] thr=2   paramiko.transport: Attempting password auth...
DEB [20170605-14:26:21.770] thr=4   paramiko.transport: userauth is OK
INF [20170605-14:26:21.805] thr=4   paramiko.transport: Authentication (password) successful!
DEB [20170605-14:26:21.805] thr=2   paramiko.transport: [chan 0] Max packet in: 32768 bytes
DEB [20170605-14:26:21.810] thr=4   paramiko.transport: [chan 0] Max packet out: 32768 bytes
DEB [20170605-14:26:21.811] thr=4   paramiko.transport: Secsh channel 0 opened.
DEB [20170605-14:26:21.816] thr=4   paramiko.transport: [chan 0] Sesch channel 0 request ok
INF [20170605-14:26:21.825] thr=2   paramiko.transport.sftp: [chan 0] Opened sftp connection (server version 3)
DEB [20170605-14:26:21.826] thr=2   paramiko.transport.sftp: [chan 0] open(b'/home/tomcat-invoicing/webapps', 'wb')
DEB [20170605-14:26:21.833] thr=4   paramiko.transport: EOF in transport thread
