DEB [20170605-17:54:17.560] thr=3   paramiko.transport: starting thread (client mode): 0x6b57e550
DEB [20170605-17:54:17.561] thr=3   paramiko.transport: Local version/idstring: SSH-2.0-paramiko_2.1.2
DEB [20170605-17:54:17.575] thr=3   paramiko.transport: Remote version/idstring: SSH-2.0-OpenSSH_5.3
INF [20170605-17:54:17.576] thr=3   paramiko.transport: Connected (version 2.0, client OpenSSH_5.3)
DEB [20170605-17:54:17.587] thr=3   paramiko.transport: kex algos:['diffie-hellman-group-exchange-sha256', 'diffie-hellman-group-exchange-sha1', 'diffie-hellman-group14-sha1', 'diffie-hellman-group1-sha1'] server key:['ssh-rsa', 'ssh-dss'] client encrypt:['aes128-ctr', 'aes192-ctr', 'aes256-ctr', 'arcfour256', 'arcfour128', 'aes128-cbc', '3des-cbc', 'blowfish-cbc', 'cast128-cbc', 'aes192-cbc', 'aes256-cbc', 'arcfour', 'rijndael-cbc@lysator.liu.se'] server encrypt:['aes128-ctr', 'aes192-ctr', 'aes256-ctr', 'arcfour256', 'arcfour128', 'aes128-cbc', '3des-cbc', 'blowfish-cbc', 'cast128-cbc', 'aes192-cbc', 'aes256-cbc', 'arcfour', 'rijndael-cbc@lysator.liu.se'] client mac:['hmac-md5', 'hmac-sha1', 'umac-64@openssh.com', 'hmac-sha2-256', 'hmac-sha2-512', 'hmac-ripemd160', 'hmac-ripemd160@openssh.com', 'hmac-sha1-96', 'hmac-md5-96'] server mac:['hmac-md5', 'hmac-sha1', 'umac-64@openssh.com', 'hmac-sha2-256', 'hmac-sha2-512', 'hmac-ripemd160', 'hmac-ripemd160@openssh.com', 'hmac-sha1-96', 'hmac-md5-96'] client compress:['none', 'zlib@openssh.com'] server compress:['none', 'zlib@openssh.com'] client lang:[''] server lang:[''] kex follows?False
DEB [20170605-17:54:17.588] thr=3   paramiko.transport: Kex agreed: diffie-hellman-group1-sha1
DEB [20170605-17:54:17.589] thr=3   paramiko.transport: Cipher agreed: aes128-ctr
DEB [20170605-17:54:17.589] thr=3   paramiko.transport: MAC agreed: hmac-sha2-256
DEB [20170605-17:54:17.589] thr=3   paramiko.transport: Compression agreed: none
DEB [20170605-17:54:17.612] thr=3   paramiko.transport: kex engine KexGroup1 specified hash_algo <built-in function openssl_sha1>
DEB [20170605-17:54:17.613] thr=3   paramiko.transport: Switch to new keys ...
DEB [20170605-17:54:17.618] thr=2   paramiko.transport: Adding ssh-rsa host key for 120.76.168.28: b'368f1d0922e7f78f9e4f3d54ea61d6e1'
DEB [20170605-17:54:17.674] thr=3   paramiko.transport: userauth is OK
INF [20170605-17:54:17.718] thr=3   paramiko.transport: Authentication (password) successful!
DEB [20170605-17:54:17.724] thr=2   paramiko.transport: [chan 0] Max packet in: 32768 bytes
DEB [20170605-17:54:17.742] thr=3   paramiko.transport: [chan 0] Max packet out: 32768 bytes
DEB [20170605-17:54:17.743] thr=3   paramiko.transport: Secsh channel 0 opened.
DEB [20170605-17:54:17.757] thr=3   paramiko.transport: [chan 0] Sesch channel 0 request ok
DEB [20170605-17:54:17.789] thr=3   paramiko.transport: [chan 0] EOF received (0)
DEB [20170605-17:54:52.967] thr=4   paramiko.transport: starting thread (client mode): 0x6b57e6a0
DEB [20170605-17:54:52.967] thr=4   paramiko.transport: Local version/idstring: SSH-2.0-paramiko_2.1.2
DEB [20170605-17:54:52.982] thr=4   paramiko.transport: Remote version/idstring: SSH-2.0-OpenSSH_5.3
INF [20170605-17:54:52.982] thr=4   paramiko.transport: Connected (version 2.0, client OpenSSH_5.3)
DEB [20170605-17:54:52.995] thr=4   paramiko.transport: kex algos:['diffie-hellman-group-exchange-sha256', 'diffie-hellman-group-exchange-sha1', 'diffie-hellman-group14-sha1', 'diffie-hellman-group1-sha1'] server key:['ssh-rsa', 'ssh-dss'] client encrypt:['aes128-ctr', 'aes192-ctr', 'aes256-ctr', 'arcfour256', 'arcfour128', 'aes128-cbc', '3des-cbc', 'blowfish-cbc', 'cast128-cbc', 'aes192-cbc', 'aes256-cbc', 'arcfour', 'rijndael-cbc@lysator.liu.se'] server encrypt:['aes128-ctr', 'aes192-ctr', 'aes256-ctr', 'arcfour256', 'arcfour128', 'aes128-cbc', '3des-cbc', 'blowfish-cbc', 'cast128-cbc', 'aes192-cbc', 'aes256-cbc', 'arcfour', 'rijndael-cbc@lysator.liu.se'] client mac:['hmac-md5', 'hmac-sha1', 'umac-64@openssh.com', 'hmac-sha2-256', 'hmac-sha2-512', 'hmac-ripemd160', 'hmac-ripemd160@openssh.com', 'hmac-sha1-96', 'hmac-md5-96'] server mac:['hmac-md5', 'hmac-sha1', 'umac-64@openssh.com', 'hmac-sha2-256', 'hmac-sha2-512', 'hmac-ripemd160', 'hmac-ripemd160@openssh.com', 'hmac-sha1-96', 'hmac-md5-96'] client compress:['none', 'zlib@openssh.com'] server compress:['none', 'zlib@openssh.com'] client lang:[''] server lang:[''] kex follows?False
DEB [20170605-17:54:52.996] thr=4   paramiko.transport: Kex agreed: diffie-hellman-group1-sha1
DEB [20170605-17:54:52.996] thr=4   paramiko.transport: Cipher agreed: aes128-ctr
DEB [20170605-17:54:52.996] thr=4   paramiko.transport: MAC agreed: hmac-sha2-256
DEB [20170605-17:54:52.996] thr=4   paramiko.transport: Compression agreed: none
DEB [20170605-17:54:53.026] thr=4   paramiko.transport: kex engine KexGroup1 specified hash_algo <built-in function openssl_sha1>
DEB [20170605-17:54:53.027] thr=4   paramiko.transport: Switch to new keys ...
DEB [20170605-17:54:53.028] thr=2   paramiko.transport: Adding ssh-rsa host key for 120.76.168.28: b'368f1d0922e7f78f9e4f3d54ea61d6e1'
DEB [20170605-17:54:53.087] thr=4   paramiko.transport: userauth is OK
INF [20170605-17:54:53.126] thr=4   paramiko.transport: Authentication (password) successful!
DEB [20170605-17:54:53.127] thr=2   paramiko.transport: [chan 0] Max packet in: 32768 bytes
DEB [20170605-17:54:53.137] thr=4   paramiko.transport: [chan 0] Max packet out: 32768 bytes
DEB [20170605-17:54:53.138] thr=4   paramiko.transport: Secsh channel 0 opened.
DEB [20170605-17:54:53.153] thr=4   paramiko.transport: [chan 0] Sesch channel 0 request ok
DEB [20170605-17:54:53.167] thr=4   paramiko.transport: [chan 0] EOF received (0)
DEB [20170605-17:54:53.167] thr=2   paramiko.transport: [chan 1] Max packet in: 32768 bytes
DEB [20170605-17:54:53.168] thr=4   paramiko.transport: [chan 0] EOF sent (0)
DEB [20170605-17:54:53.179] thr=4   paramiko.transport: [chan 1] Max packet out: 32768 bytes
DEB [20170605-17:54:53.180] thr=4   paramiko.transport: Secsh channel 1 opened.
DEB [20170605-17:54:53.262] thr=4   paramiko.transport: [chan 1] Sesch channel 1 request ok
DEB [20170605-17:54:53.280] thr=4   paramiko.transport: [chan 1] EOF received (1)
DEB [20170605-17:54:53.281] thr=2   paramiko.transport: [chan 2] Max packet in: 32768 bytes
DEB [20170605-17:54:53.282] thr=4   paramiko.transport: [chan 1] EOF sent (1)
DEB [20170605-17:54:53.314] thr=4   paramiko.transport: [chan 2] Max packet out: 32768 bytes
DEB [20170605-17:54:53.314] thr=4   paramiko.transport: Secsh channel 2 opened.
DEB [20170605-17:54:53.386] thr=4   paramiko.transport: [chan 2] Sesch channel 2 request ok
DEB [20170605-17:54:53.398] thr=4   paramiko.transport: [chan 2] EOF received (2)
DEB [20170605-17:54:53.425] thr=5   paramiko.transport: starting thread (client mode): 0x6b5670b8
DEB [20170605-17:54:53.426] thr=5   paramiko.transport: Local version/idstring: SSH-2.0-paramiko_2.1.2
DEB [20170605-17:54:53.438] thr=5   paramiko.transport: Remote version/idstring: SSH-2.0-OpenSSH_5.3
INF [20170605-17:54:53.438] thr=5   paramiko.transport: Connected (version 2.0, client OpenSSH_5.3)
DEB [20170605-17:54:53.464] thr=5   paramiko.transport: kex algos:['diffie-hellman-group-exchange-sha256', 'diffie-hellman-group-exchange-sha1', 'diffie-hellman-group14-sha1', 'diffie-hellman-group1-sha1'] server key:['ssh-rsa', 'ssh-dss'] client encrypt:['aes128-ctr', 'aes192-ctr', 'aes256-ctr', 'arcfour256', 'arcfour128', 'aes128-cbc', '3des-cbc', 'blowfish-cbc', 'cast128-cbc', 'aes192-cbc', 'aes256-cbc', 'arcfour', 'rijndael-cbc@lysator.liu.se'] server encrypt:['aes128-ctr', 'aes192-ctr', 'aes256-ctr', 'arcfour256', 'arcfour128', 'aes128-cbc', '3des-cbc', 'blowfish-cbc', 'cast128-cbc', 'aes192-cbc', 'aes256-cbc', 'arcfour', 'rijndael-cbc@lysator.liu.se'] client mac:['hmac-md5', 'hmac-sha1', 'umac-64@openssh.com', 'hmac-sha2-256', 'hmac-sha2-512', 'hmac-ripemd160', 'hmac-ripemd160@openssh.com', 'hmac-sha1-96', 'hmac-md5-96'] server mac:['hmac-md5', 'hmac-sha1', 'umac-64@openssh.com', 'hmac-sha2-256', 'hmac-sha2-512', 'hmac-ripemd160', 'hmac-ripemd160@openssh.com', 'hmac-sha1-96', 'hmac-md5-96'] client compress:['none', 'zlib@openssh.com'] server compress:['none', 'zlib@openssh.com'] client lang:[''] server lang:[''] kex follows?False
DEB [20170605-17:54:53.464] thr=5   paramiko.transport: Kex agreed: diffie-hellman-group1-sha1
DEB [20170605-17:54:53.465] thr=5   paramiko.transport: Cipher agreed: aes128-ctr
DEB [20170605-17:54:53.465] thr=5   paramiko.transport: MAC agreed: hmac-sha2-256
DEB [20170605-17:54:53.465] thr=5   paramiko.transport: Compression agreed: none
DEB [20170605-17:54:53.497] thr=5   paramiko.transport: kex engine KexGroup1 specified hash_algo <built-in function openssl_sha1>
DEB [20170605-17:54:53.497] thr=5   paramiko.transport: Switch to new keys ...
DEB [20170605-17:54:53.498] thr=2   paramiko.transport: Attempting password auth...
DEB [20170605-17:54:53.552] thr=5   paramiko.transport: userauth is OK
INF [20170605-17:54:53.587] thr=5   paramiko.transport: Authentication (password) successful!
DEB [20170605-17:54:53.588] thr=2   paramiko.transport: [chan 0] Max packet in: 32768 bytes
DEB [20170605-17:54:53.595] thr=5   paramiko.transport: [chan 0] Max packet out: 32768 bytes
DEB [20170605-17:54:53.595] thr=5   paramiko.transport: Secsh channel 0 opened.
DEB [20170605-17:54:53.602] thr=5   paramiko.transport: [chan 0] Sesch channel 0 request ok
INF [20170605-17:54:53.618] thr=2   paramiko.transport.sftp: [chan 0] Opened sftp connection (server version 3)
DEB [20170605-17:55:14.659] thr=2   paramiko.transport.sftp: [chan 0] open(b'/home/tomcat-invoicing/webapps/qc-invoicing.war\\qc-invoicing', 'wb')
DEB [20170605-17:55:14.677] thr=2   paramiko.transport.sftp: [chan 0] open(b'/home/tomcat-invoicing/webapps/qc-invoicing.war\\qc-invoicing', 'wb') -> b'00000000'
ERR [20170605-17:55:33.583] thr=5   paramiko.transport: Socket exception: 远程主机强迫关闭了一个现有的连接。 (10054)
DEB [20170605-17:55:33.584] thr=2   paramiko.transport.sftp: [chan 0] close(b'00000000')
