DEB [20170605-17:24:41.412] thr=3   paramiko.transport: starting thread (client mode): 0x73091588
DEB [20170605-17:24:41.412] thr=3   paramiko.transport: Local version/idstring: SSH-2.0-paramiko_2.1.2
DEB [20170605-17:24:41.422] thr=3   paramiko.transport: Remote version/idstring: SSH-2.0-OpenSSH_5.3
INF [20170605-17:24:41.423] thr=3   paramiko.transport: Connected (version 2.0, client OpenSSH_5.3)
DEB [20170605-17:24:41.431] thr=3   paramiko.transport: kex algos:['diffie-hellman-group-exchange-sha256', 'diffie-hellman-group-exchange-sha1', 'diffie-hellman-group14-sha1', 'diffie-hellman-group1-sha1'] server key:['ssh-rsa', 'ssh-dss'] client encrypt:['aes128-ctr', 'aes192-ctr', 'aes256-ctr', 'arcfour256', 'arcfour128', 'aes128-cbc', '3des-cbc', 'blowfish-cbc', 'cast128-cbc', 'aes192-cbc', 'aes256-cbc', 'arcfour', 'rijndael-cbc@lysator.liu.se'] server encrypt:['aes128-ctr', 'aes192-ctr', 'aes256-ctr', 'arcfour256', 'arcfour128', 'aes128-cbc', '3des-cbc', 'blowfish-cbc', 'cast128-cbc', 'aes192-cbc', 'aes256-cbc', 'arcfour', 'rijndael-cbc@lysator.liu.se'] client mac:['hmac-md5', 'hmac-sha1', 'umac-64@openssh.com', 'hmac-sha2-256', 'hmac-sha2-512', 'hmac-ripemd160', 'hmac-ripemd160@openssh.com', 'hmac-sha1-96', 'hmac-md5-96'] server mac:['hmac-md5', 'hmac-sha1', 'umac-64@openssh.com', 'hmac-sha2-256', 'hmac-sha2-512', 'hmac-ripemd160', 'hmac-ripemd160@openssh.com', 'hmac-sha1-96', 'hmac-md5-96'] client compress:['none', 'zlib@openssh.com'] server compress:['none', 'zlib@openssh.com'] client lang:[''] server lang:[''] kex follows?False
DEB [20170605-17:24:41.432] thr=3   paramiko.transport: Kex agreed: diffie-hellman-group1-sha1
DEB [20170605-17:24:41.432] thr=3   paramiko.transport: Cipher agreed: aes128-ctr
DEB [20170605-17:24:41.432] thr=3   paramiko.transport: MAC agreed: hmac-sha2-256
DEB [20170605-17:24:41.432] thr=3   paramiko.transport: Compression agreed: none
DEB [20170605-17:24:41.726] thr=3   paramiko.transport: kex engine KexGroup1 specified hash_algo <built-in function openssl_sha1>
DEB [20170605-17:24:41.727] thr=3   paramiko.transport: Switch to new keys ...
DEB [20170605-17:24:41.728] thr=2   paramiko.transport: Adding ssh-rsa host key for 120.76.168.28: b'368f1d0922e7f78f9e4f3d54ea61d6e1'
DEB [20170605-17:24:42.030] thr=3   paramiko.transport: userauth is OK
INF [20170605-17:24:42.337] thr=3   paramiko.transport: Authentication (password) successful!
DEB [20170605-17:24:42.339] thr=2   paramiko.transport: [chan 0] Max packet in: 32768 bytes
DEB [20170605-17:24:42.352] thr=3   paramiko.transport: [chan 0] Max packet out: 32768 bytes
DEB [20170605-17:24:42.352] thr=3   paramiko.transport: Secsh channel 0 opened.
DEB [20170605-17:24:42.452] thr=3   paramiko.transport: [chan 0] Sesch channel 0 request ok
DEB [20170605-17:24:42.453] thr=3   paramiko.transport: [chan 0] EOF received (0)
DEB [20170605-17:24:42.467] thr=4   paramiko.transport: starting thread (client mode): 0x73091550
DEB [20170605-17:24:42.467] thr=4   paramiko.transport: Local version/idstring: SSH-2.0-paramiko_2.1.2
DEB [20170605-17:24:42.482] thr=4   paramiko.transport: Remote version/idstring: SSH-2.0-OpenSSH_5.3
INF [20170605-17:24:42.483] thr=4   paramiko.transport: Connected (version 2.0, client OpenSSH_5.3)
DEB [20170605-17:24:42.505] thr=4   paramiko.transport: kex algos:['diffie-hellman-group-exchange-sha256', 'diffie-hellman-group-exchange-sha1', 'diffie-hellman-group14-sha1', 'diffie-hellman-group1-sha1'] server key:['ssh-rsa', 'ssh-dss'] client encrypt:['aes128-ctr', 'aes192-ctr', 'aes256-ctr', 'arcfour256', 'arcfour128', 'aes128-cbc', '3des-cbc', 'blowfish-cbc', 'cast128-cbc', 'aes192-cbc', 'aes256-cbc', 'arcfour', 'rijndael-cbc@lysator.liu.se'] server encrypt:['aes128-ctr', 'aes192-ctr', 'aes256-ctr', 'arcfour256', 'arcfour128', 'aes128-cbc', '3des-cbc', 'blowfish-cbc', 'cast128-cbc', 'aes192-cbc', 'aes256-cbc', 'arcfour', 'rijndael-cbc@lysator.liu.se'] client mac:['hmac-md5', 'hmac-sha1', 'umac-64@openssh.com', 'hmac-sha2-256', 'hmac-sha2-512', 'hmac-ripemd160', 'hmac-ripemd160@openssh.com', 'hmac-sha1-96', 'hmac-md5-96'] server mac:['hmac-md5', 'hmac-sha1', 'umac-64@openssh.com', 'hmac-sha2-256', 'hmac-sha2-512', 'hmac-ripemd160', 'hmac-ripemd160@openssh.com', 'hmac-sha1-96', 'hmac-md5-96'] client compress:['none', 'zlib@openssh.com'] server compress:['none', 'zlib@openssh.com'] client lang:[''] server lang:[''] kex follows?False
DEB [20170605-17:24:42.506] thr=4   paramiko.transport: Kex agreed: diffie-hellman-group1-sha1
DEB [20170605-17:24:42.506] thr=4   paramiko.transport: Cipher agreed: aes128-ctr
DEB [20170605-17:24:42.507] thr=4   paramiko.transport: MAC agreed: hmac-sha2-256
DEB [20170605-17:24:42.507] thr=4   paramiko.transport: Compression agreed: none
DEB [20170605-17:24:42.546] thr=4   paramiko.transport: kex engine KexGroup1 specified hash_algo <built-in function openssl_sha1>
DEB [20170605-17:24:42.547] thr=4   paramiko.transport: Switch to new keys ...
DEB [20170605-17:24:42.549] thr=2   paramiko.transport: Adding ssh-rsa host key for 120.76.168.28: b'368f1d0922e7f78f9e4f3d54ea61d6e1'
DEB [20170605-17:24:42.694] thr=4   paramiko.transport: userauth is OK
INF [20170605-17:24:42.741] thr=4   paramiko.transport: Authentication (password) successful!
DEB [20170605-17:24:42.742] thr=2   paramiko.transport: [chan 0] Max packet in: 32768 bytes
DEB [20170605-17:24:42.777] thr=4   paramiko.transport: [chan 0] Max packet out: 32768 bytes
DEB [20170605-17:24:42.777] thr=4   paramiko.transport: Secsh channel 0 opened.
DEB [20170605-17:24:42.800] thr=4   paramiko.transport: [chan 0] Sesch channel 0 request ok
DEB [20170605-17:24:42.812] thr=4   paramiko.transport: [chan 0] EOF received (0)
DEB [20170605-17:24:42.813] thr=2   paramiko.transport: [chan 1] Max packet in: 32768 bytes
DEB [20170605-17:24:42.814] thr=4   paramiko.transport: [chan 0] EOF sent (0)
DEB [20170605-17:24:42.828] thr=4   paramiko.transport: [chan 1] Max packet out: 32768 bytes
DEB [20170605-17:24:42.828] thr=4   paramiko.transport: Secsh channel 1 opened.
DEB [20170605-17:24:42.913] thr=4   paramiko.transport: [chan 1] Sesch channel 1 request ok
DEB [20170605-17:24:42.915] thr=4   paramiko.transport: [chan 1] EOF received (1)
DEB [20170605-17:24:42.916] thr=2   paramiko.transport: [chan 2] Max packet in: 32768 bytes
DEB [20170605-17:24:42.916] thr=4   paramiko.transport: [chan 1] EOF sent (1)
DEB [20170605-17:24:42.934] thr=4   paramiko.transport: [chan 2] Max packet out: 32768 bytes
DEB [20170605-17:24:42.934] thr=4   paramiko.transport: Secsh channel 2 opened.
DEB [20170605-17:24:43.851] thr=4   paramiko.transport: [chan 2] Sesch channel 2 request ok
DEB [20170605-17:24:43.852] thr=4   paramiko.transport: [chan 2] EOF received (2)
DEB [20170605-17:24:43.868] thr=5   paramiko.transport: starting thread (client mode): 0x73088978
DEB [20170605-17:24:43.869] thr=5   paramiko.transport: Local version/idstring: SSH-2.0-paramiko_2.1.2
DEB [20170605-17:24:43.882] thr=5   paramiko.transport: Remote version/idstring: SSH-2.0-OpenSSH_5.3
INF [20170605-17:24:43.882] thr=5   paramiko.transport: Connected (version 2.0, client OpenSSH_5.3)
DEB [20170605-17:24:43.897] thr=5   paramiko.transport: kex algos:['diffie-hellman-group-exchange-sha256', 'diffie-hellman-group-exchange-sha1', 'diffie-hellman-group14-sha1', 'diffie-hellman-group1-sha1'] server key:['ssh-rsa', 'ssh-dss'] client encrypt:['aes128-ctr', 'aes192-ctr', 'aes256-ctr', 'arcfour256', 'arcfour128', 'aes128-cbc', '3des-cbc', 'blowfish-cbc', 'cast128-cbc', 'aes192-cbc', 'aes256-cbc', 'arcfour', 'rijndael-cbc@lysator.liu.se'] server encrypt:['aes128-ctr', 'aes192-ctr', 'aes256-ctr', 'arcfour256', 'arcfour128', 'aes128-cbc', '3des-cbc', 'blowfish-cbc', 'cast128-cbc', 'aes192-cbc', 'aes256-cbc', 'arcfour', 'rijndael-cbc@lysator.liu.se'] client mac:['hmac-md5', 'hmac-sha1', 'umac-64@openssh.com', 'hmac-sha2-256', 'hmac-sha2-512', 'hmac-ripemd160', 'hmac-ripemd160@openssh.com', 'hmac-sha1-96', 'hmac-md5-96'] server mac:['hmac-md5', 'hmac-sha1', 'umac-64@openssh.com', 'hmac-sha2-256', 'hmac-sha2-512', 'hmac-ripemd160', 'hmac-ripemd160@openssh.com', 'hmac-sha1-96', 'hmac-md5-96'] client compress:['none', 'zlib@openssh.com'] server compress:['none', 'zlib@openssh.com'] client lang:[''] server lang:[''] kex follows?False
DEB [20170605-17:24:43.897] thr=5   paramiko.transport: Kex agreed: diffie-hellman-group1-sha1
DEB [20170605-17:24:43.898] thr=5   paramiko.transport: Cipher agreed: aes128-ctr
DEB [20170605-17:24:43.898] thr=5   paramiko.transport: MAC agreed: hmac-sha2-256
DEB [20170605-17:24:43.898] thr=5   paramiko.transport: Compression agreed: none
DEB [20170605-17:24:43.930] thr=5   paramiko.transport: kex engine KexGroup1 specified hash_algo <built-in function openssl_sha1>
DEB [20170605-17:24:43.930] thr=5   paramiko.transport: Switch to new keys ...
DEB [20170605-17:24:43.931] thr=2   paramiko.transport: Attempting password auth...
DEB [20170605-17:24:43.993] thr=5   paramiko.transport: userauth is OK
INF [20170605-17:24:44.051] thr=5   paramiko.transport: Authentication (password) successful!
DEB [20170605-17:24:44.052] thr=2   paramiko.transport: [chan 0] Max packet in: 32768 bytes
DEB [20170605-17:24:44.062] thr=5   paramiko.transport: [chan 0] Max packet out: 32768 bytes
DEB [20170605-17:24:44.062] thr=5   paramiko.transport: Secsh channel 0 opened.
DEB [20170605-17:24:44.082] thr=5   paramiko.transport: [chan 0] Sesch channel 0 request ok
INF [20170605-17:24:44.095] thr=2   paramiko.transport.sftp: [chan 0] Opened sftp connection (server version 3)
DEB [20170605-17:25:36.420] thr=2   paramiko.transport.sftp: [chan 0] open(b'/home/tomcat-invoicing/webapps', 'wb')
DEB [20170605-17:26:43.592] thr=5   paramiko.transport: EOF in transport thread
