DEB [20170605-17:33:43.952] thr=3   paramiko.transport: starting thread (client mode): 0xbc4c15f8
DEB [20170605-17:33:43.952] thr=3   paramiko.transport: Local version/idstring: SSH-2.0-paramiko_2.1.2
DEB [20170605-17:33:43.964] thr=3   paramiko.transport: Remote version/idstring: SSH-2.0-OpenSSH_5.3
INF [20170605-17:33:43.964] thr=3   paramiko.transport: Connected (version 2.0, client OpenSSH_5.3)
DEB [20170605-17:33:43.974] thr=3   paramiko.transport: kex algos:['diffie-hellman-group-exchange-sha256', 'diffie-hellman-group-exchange-sha1', 'diffie-hellman-group14-sha1', 'diffie-hellman-group1-sha1'] server key:['ssh-rsa', 'ssh-dss'] client encrypt:['aes128-ctr', 'aes192-ctr', 'aes256-ctr', 'arcfour256', 'arcfour128', 'aes128-cbc', '3des-cbc', 'blowfish-cbc', 'cast128-cbc', 'aes192-cbc', 'aes256-cbc', 'arcfour', 'rijndael-cbc@lysator.liu.se'] server encrypt:['aes128-ctr', 'aes192-ctr', 'aes256-ctr', 'arcfour256', 'arcfour128', 'aes128-cbc', '3des-cbc', 'blowfish-cbc', 'cast128-cbc', 'aes192-cbc', 'aes256-cbc', 'arcfour', 'rijndael-cbc@lysator.liu.se'] client mac:['hmac-md5', 'hmac-sha1', 'umac-64@openssh.com', 'hmac-sha2-256', 'hmac-sha2-512', 'hmac-ripemd160', 'hmac-ripemd160@openssh.com', 'hmac-sha1-96', 'hmac-md5-96'] server mac:['hmac-md5', 'hmac-sha1', 'umac-64@openssh.com', 'hmac-sha2-256', 'hmac-sha2-512', 'hmac-ripemd160', 'hmac-ripemd160@openssh.com', 'hmac-sha1-96', 'hmac-md5-96'] client compress:['none', 'zlib@openssh.com'] server compress:['none', 'zlib@openssh.com'] client lang:[''] server lang:[''] kex follows?False
DEB [20170605-17:33:43.975] thr=3   paramiko.transport: Kex agreed: diffie-hellman-group1-sha1
DEB [20170605-17:33:43.975] thr=3   paramiko.transport: Cipher agreed: aes128-ctr
DEB [20170605-17:33:43.975] thr=3   paramiko.transport: MAC agreed: hmac-sha2-256
DEB [20170605-17:33:43.975] thr=3   paramiko.transport: Compression agreed: none
DEB [20170605-17:33:43.996] thr=3   paramiko.transport: kex engine KexGroup1 specified hash_algo <built-in function openssl_sha1>
DEB [20170605-17:33:43.996] thr=3   paramiko.transport: Switch to new keys ...
DEB [20170605-17:33:43.997] thr=2   paramiko.transport: Adding ssh-rsa host key for 120.76.168.28: b'368f1d0922e7f78f9e4f3d54ea61d6e1'
DEB [20170605-17:33:44.048] thr=3   paramiko.transport: userauth is OK
INF [20170605-17:33:44.083] thr=3   paramiko.transport: Authentication (password) successful!
DEB [20170605-17:33:44.084] thr=2   paramiko.transport: [chan 0] Max packet in: 32768 bytes
DEB [20170605-17:33:44.092] thr=3   paramiko.transport: [chan 0] Max packet out: 32768 bytes
DEB [20170605-17:33:44.092] thr=3   paramiko.transport: Secsh channel 0 opened.
DEB [20170605-17:33:44.101] thr=3   paramiko.transport: [chan 0] Sesch channel 0 request ok
DEB [20170605-17:33:44.137] thr=3   paramiko.transport: [chan 0] EOF received (0)
DEB [20170605-17:33:44.147] thr=4   paramiko.transport: starting thread (client mode): 0xbc4c1b00
DEB [20170605-17:33:44.148] thr=4   paramiko.transport: Local version/idstring: SSH-2.0-paramiko_2.1.2
DEB [20170605-17:33:44.162] thr=4   paramiko.transport: Remote version/idstring: SSH-2.0-OpenSSH_5.3
INF [20170605-17:33:44.163] thr=4   paramiko.transport: Connected (version 2.0, client OpenSSH_5.3)
DEB [20170605-17:33:44.175] thr=4   paramiko.transport: kex algos:['diffie-hellman-group-exchange-sha256', 'diffie-hellman-group-exchange-sha1', 'diffie-hellman-group14-sha1', 'diffie-hellman-group1-sha1'] server key:['ssh-rsa', 'ssh-dss'] client encrypt:['aes128-ctr', 'aes192-ctr', 'aes256-ctr', 'arcfour256', 'arcfour128', 'aes128-cbc', '3des-cbc', 'blowfish-cbc', 'cast128-cbc', 'aes192-cbc', 'aes256-cbc', 'arcfour', 'rijndael-cbc@lysator.liu.se'] server encrypt:['aes128-ctr', 'aes192-ctr', 'aes256-ctr', 'arcfour256', 'arcfour128', 'aes128-cbc', '3des-cbc', 'blowfish-cbc', 'cast128-cbc', 'aes192-cbc', 'aes256-cbc', 'arcfour', 'rijndael-cbc@lysator.liu.se'] client mac:['hmac-md5', 'hmac-sha1', 'umac-64@openssh.com', 'hmac-sha2-256', 'hmac-sha2-512', 'hmac-ripemd160', 'hmac-ripemd160@openssh.com', 'hmac-sha1-96', 'hmac-md5-96'] server mac:['hmac-md5', 'hmac-sha1', 'umac-64@openssh.com', 'hmac-sha2-256', 'hmac-sha2-512', 'hmac-ripemd160', 'hmac-ripemd160@openssh.com', 'hmac-sha1-96', 'hmac-md5-96'] client compress:['none', 'zlib@openssh.com'] server compress:['none', 'zlib@openssh.com'] client lang:[''] server lang:[''] kex follows?False
DEB [20170605-17:33:44.176] thr=4   paramiko.transport: Kex agreed: diffie-hellman-group1-sha1
DEB [20170605-17:33:44.176] thr=4   paramiko.transport: Cipher agreed: aes128-ctr
DEB [20170605-17:33:44.176] thr=4   paramiko.transport: MAC agreed: hmac-sha2-256
DEB [20170605-17:33:44.177] thr=4   paramiko.transport: Compression agreed: none
DEB [20170605-17:33:44.202] thr=4   paramiko.transport: kex engine KexGroup1 specified hash_algo <built-in function openssl_sha1>
DEB [20170605-17:33:44.202] thr=4   paramiko.transport: Switch to new keys ...
DEB [20170605-17:33:44.203] thr=2   paramiko.transport: Adding ssh-rsa host key for 120.76.168.28: b'368f1d0922e7f78f9e4f3d54ea61d6e1'
DEB [20170605-17:33:44.268] thr=4   paramiko.transport: userauth is OK
INF [20170605-17:33:44.306] thr=4   paramiko.transport: Authentication (password) successful!
DEB [20170605-17:33:44.307] thr=2   paramiko.transport: [chan 0] Max packet in: 32768 bytes
DEB [20170605-17:33:44.317] thr=4   paramiko.transport: [chan 0] Max packet out: 32768 bytes
DEB [20170605-17:33:44.317] thr=4   paramiko.transport: Secsh channel 0 opened.
DEB [20170605-17:33:44.329] thr=4   paramiko.transport: [chan 0] Sesch channel 0 request ok
DEB [20170605-17:33:44.337] thr=4   paramiko.transport: [chan 0] EOF received (0)
DEB [20170605-17:33:44.338] thr=4   paramiko.transport: [chan 0] EOF sent (0)
DEB [20170605-17:33:44.339] thr=2   paramiko.transport: [chan 1] Max packet in: 32768 bytes
DEB [20170605-17:33:44.399] thr=4   paramiko.transport: [chan 1] Max packet out: 32768 bytes
DEB [20170605-17:33:44.399] thr=4   paramiko.transport: Secsh channel 1 opened.
DEB [20170605-17:33:44.411] thr=4   paramiko.transport: [chan 1] Sesch channel 1 request ok
DEB [20170605-17:33:44.421] thr=4   paramiko.transport: [chan 1] EOF received (1)
DEB [20170605-17:33:44.421] thr=2   paramiko.transport: [chan 2] Max packet in: 32768 bytes
DEB [20170605-17:33:44.422] thr=4   paramiko.transport: [chan 1] EOF sent (1)
DEB [20170605-17:33:44.433] thr=4   paramiko.transport: [chan 2] Max packet out: 32768 bytes
DEB [20170605-17:33:44.433] thr=4   paramiko.transport: Secsh channel 2 opened.
DEB [20170605-17:33:44.499] thr=4   paramiko.transport: [chan 2] Sesch channel 2 request ok
DEB [20170605-17:33:44.506] thr=4   paramiko.transport: [chan 2] EOF received (2)
DEB [20170605-17:33:44.520] thr=5   paramiko.transport: starting thread (client mode): 0xbc4c13c8
DEB [20170605-17:33:44.520] thr=5   paramiko.transport: Local version/idstring: SSH-2.0-paramiko_2.1.2
DEB [20170605-17:33:44.543] thr=5   paramiko.transport: Remote version/idstring: SSH-2.0-OpenSSH_5.3
INF [20170605-17:33:44.543] thr=5   paramiko.transport: Connected (version 2.0, client OpenSSH_5.3)
DEB [20170605-17:33:44.555] thr=5   paramiko.transport: kex algos:['diffie-hellman-group-exchange-sha256', 'diffie-hellman-group-exchange-sha1', 'diffie-hellman-group14-sha1', 'diffie-hellman-group1-sha1'] server key:['ssh-rsa', 'ssh-dss'] client encrypt:['aes128-ctr', 'aes192-ctr', 'aes256-ctr', 'arcfour256', 'arcfour128', 'aes128-cbc', '3des-cbc', 'blowfish-cbc', 'cast128-cbc', 'aes192-cbc', 'aes256-cbc', 'arcfour', 'rijndael-cbc@lysator.liu.se'] server encrypt:['aes128-ctr', 'aes192-ctr', 'aes256-ctr', 'arcfour256', 'arcfour128', 'aes128-cbc', '3des-cbc', 'blowfish-cbc', 'cast128-cbc', 'aes192-cbc', 'aes256-cbc', 'arcfour', 'rijndael-cbc@lysator.liu.se'] client mac:['hmac-md5', 'hmac-sha1', 'umac-64@openssh.com', 'hmac-sha2-256', 'hmac-sha2-512', 'hmac-ripemd160', 'hmac-ripemd160@openssh.com', 'hmac-sha1-96', 'hmac-md5-96'] server mac:['hmac-md5', 'hmac-sha1', 'umac-64@openssh.com', 'hmac-sha2-256', 'hmac-sha2-512', 'hmac-ripemd160', 'hmac-ripemd160@openssh.com', 'hmac-sha1-96', 'hmac-md5-96'] client compress:['none', 'zlib@openssh.com'] server compress:['none', 'zlib@openssh.com'] client lang:[''] server lang:[''] kex follows?False
DEB [20170605-17:33:44.555] thr=5   paramiko.transport: Kex agreed: diffie-hellman-group1-sha1
DEB [20170605-17:33:44.556] thr=5   paramiko.transport: Cipher agreed: aes128-ctr
DEB [20170605-17:33:44.556] thr=5   paramiko.transport: MAC agreed: hmac-sha2-256
DEB [20170605-17:33:44.556] thr=5   paramiko.transport: Compression agreed: none
DEB [20170605-17:33:44.581] thr=5   paramiko.transport: kex engine KexGroup1 specified hash_algo <built-in function openssl_sha1>
DEB [20170605-17:33:44.582] thr=5   paramiko.transport: Switch to new keys ...
DEB [20170605-17:33:44.583] thr=2   paramiko.transport: Attempting password auth...
DEB [20170605-17:33:44.640] thr=5   paramiko.transport: userauth is OK
INF [20170605-17:33:44.682] thr=5   paramiko.transport: Authentication (password) successful!
DEB [20170605-17:33:44.683] thr=2   paramiko.transport: [chan 0] Max packet in: 32768 bytes
DEB [20170605-17:33:44.692] thr=5   paramiko.transport: [chan 0] Max packet out: 32768 bytes
DEB [20170605-17:33:44.693] thr=5   paramiko.transport: Secsh channel 0 opened.
DEB [20170605-17:33:44.705] thr=5   paramiko.transport: [chan 0] Sesch channel 0 request ok
INF [20170605-17:33:44.718] thr=2   paramiko.transport.sftp: [chan 0] Opened sftp connection (server version 3)
DEB [20170605-17:34:05.435] thr=2   paramiko.transport.sftp: [chan 0] open(b'/home/tomcat-invoicing/webapps', 'wb')
DEB [20170605-17:34:10.887] thr=5   paramiko.transport: EOF in transport thread
