DEB [20170605-18:14:05.199] thr=3   paramiko.transport: starting thread (client mode): 0x700d14e0
DEB [20170605-18:14:05.200] thr=3   paramiko.transport: Local version/idstring: SSH-2.0-paramiko_2.1.2
DEB [20170605-18:14:05.216] thr=3   paramiko.transport: Remote version/idstring: SSH-2.0-OpenSSH_5.3
INF [20170605-18:14:05.217] thr=3   paramiko.transport: Connected (version 2.0, client OpenSSH_5.3)
DEB [20170605-18:14:05.236] thr=3   paramiko.transport: kex algos:['diffie-hellman-group-exchange-sha256', 'diffie-hellman-group-exchange-sha1', 'diffie-hellman-group14-sha1', 'diffie-hellman-group1-sha1'] server key:['ssh-rsa', 'ssh-dss'] client encrypt:['aes128-ctr', 'aes192-ctr', 'aes256-ctr', 'arcfour256', 'arcfour128', 'aes128-cbc', '3des-cbc', 'blowfish-cbc', 'cast128-cbc', 'aes192-cbc', 'aes256-cbc', 'arcfour', 'rijndael-cbc@lysator.liu.se'] server encrypt:['aes128-ctr', 'aes192-ctr', 'aes256-ctr', 'arcfour256', 'arcfour128', 'aes128-cbc', '3des-cbc', 'blowfish-cbc', 'cast128-cbc', 'aes192-cbc', 'aes256-cbc', 'arcfour', 'rijndael-cbc@lysator.liu.se'] client mac:['hmac-md5', 'hmac-sha1', 'umac-64@openssh.com', 'hmac-sha2-256', 'hmac-sha2-512', 'hmac-ripemd160', 'hmac-ripemd160@openssh.com', 'hmac-sha1-96', 'hmac-md5-96'] server mac:['hmac-md5', 'hmac-sha1', 'umac-64@openssh.com', 'hmac-sha2-256', 'hmac-sha2-512', 'hmac-ripemd160', 'hmac-ripemd160@openssh.com', 'hmac-sha1-96', 'hmac-md5-96'] client compress:['none', 'zlib@openssh.com'] server compress:['none', 'zlib@openssh.com'] client lang:[''] server lang:[''] kex follows?False
DEB [20170605-18:14:05.236] thr=3   paramiko.transport: Kex agreed: diffie-hellman-group1-sha1
DEB [20170605-18:14:05.237] thr=3   paramiko.transport: Cipher agreed: aes128-ctr
DEB [20170605-18:14:05.237] thr=3   paramiko.transport: MAC agreed: hmac-sha2-256
DEB [20170605-18:14:05.237] thr=3   paramiko.transport: Compression agreed: none
DEB [20170605-18:14:05.259] thr=3   paramiko.transport: kex engine KexGroup1 specified hash_algo <built-in function openssl_sha1>
DEB [20170605-18:14:05.260] thr=3   paramiko.transport: Switch to new keys ...
DEB [20170605-18:14:05.261] thr=2   paramiko.transport: Adding ssh-rsa host key for 120.76.168.28: b'368f1d0922e7f78f9e4f3d54ea61d6e1'
DEB [20170605-18:14:05.325] thr=3   paramiko.transport: userauth is OK
INF [20170605-18:14:05.362] thr=3   paramiko.transport: Authentication (password) successful!
DEB [20170605-18:14:05.362] thr=2   paramiko.transport: [chan 0] Max packet in: 32768 bytes
DEB [20170605-18:14:05.372] thr=3   paramiko.transport: [chan 0] Max packet out: 32768 bytes
DEB [20170605-18:14:05.372] thr=3   paramiko.transport: Secsh channel 0 opened.
DEB [20170605-18:14:05.381] thr=3   paramiko.transport: [chan 0] Sesch channel 0 request ok
DEB [20170605-18:14:05.643] thr=3   paramiko.transport: [chan 0] EOF received (0)
DEB [20170605-18:14:05.657] thr=3   paramiko.transport: starting thread (client mode): 0x700d14e0
DEB [20170605-18:14:05.657] thr=3   paramiko.transport: Local version/idstring: SSH-2.0-paramiko_2.1.2
DEB [20170605-18:14:05.672] thr=3   paramiko.transport: Remote version/idstring: SSH-2.0-OpenSSH_5.3
INF [20170605-18:14:05.673] thr=3   paramiko.transport: Connected (version 2.0, client OpenSSH_5.3)
DEB [20170605-18:14:05.686] thr=3   paramiko.transport: kex algos:['diffie-hellman-group-exchange-sha256', 'diffie-hellman-group-exchange-sha1', 'diffie-hellman-group14-sha1', 'diffie-hellman-group1-sha1'] server key:['ssh-rsa', 'ssh-dss'] client encrypt:['aes128-ctr', 'aes192-ctr', 'aes256-ctr', 'arcfour256', 'arcfour128', 'aes128-cbc', '3des-cbc', 'blowfish-cbc', 'cast128-cbc', 'aes192-cbc', 'aes256-cbc', 'arcfour', 'rijndael-cbc@lysator.liu.se'] server encrypt:['aes128-ctr', 'aes192-ctr', 'aes256-ctr', 'arcfour256', 'arcfour128', 'aes128-cbc', '3des-cbc', 'blowfish-cbc', 'cast128-cbc', 'aes192-cbc', 'aes256-cbc', 'arcfour', 'rijndael-cbc@lysator.liu.se'] client mac:['hmac-md5', 'hmac-sha1', 'umac-64@openssh.com', 'hmac-sha2-256', 'hmac-sha2-512', 'hmac-ripemd160', 'hmac-ripemd160@openssh.com', 'hmac-sha1-96', 'hmac-md5-96'] server mac:['hmac-md5', 'hmac-sha1', 'umac-64@openssh.com', 'hmac-sha2-256', 'hmac-sha2-512', 'hmac-ripemd160', 'hmac-ripemd160@openssh.com', 'hmac-sha1-96', 'hmac-md5-96'] client compress:['none', 'zlib@openssh.com'] server compress:['none', 'zlib@openssh.com'] client lang:[''] server lang:[''] kex follows?False
DEB [20170605-18:14:05.686] thr=3   paramiko.transport: Kex agreed: diffie-hellman-group1-sha1
DEB [20170605-18:14:05.686] thr=3   paramiko.transport: Cipher agreed: aes128-ctr
DEB [20170605-18:14:05.687] thr=3   paramiko.transport: MAC agreed: hmac-sha2-256
DEB [20170605-18:14:05.687] thr=3   paramiko.transport: Compression agreed: none
DEB [20170605-18:14:05.713] thr=3   paramiko.transport: kex engine KexGroup1 specified hash_algo <built-in function openssl_sha1>
DEB [20170605-18:14:05.713] thr=3   paramiko.transport: Switch to new keys ...
DEB [20170605-18:14:05.714] thr=2   paramiko.transport: Adding ssh-rsa host key for 120.76.168.28: b'368f1d0922e7f78f9e4f3d54ea61d6e1'
DEB [20170605-18:14:05.786] thr=3   paramiko.transport: userauth is OK
INF [20170605-18:14:05.824] thr=3   paramiko.transport: Authentication (password) successful!
DEB [20170605-18:14:05.825] thr=2   paramiko.transport: [chan 0] Max packet in: 32768 bytes
DEB [20170605-18:14:05.836] thr=3   paramiko.transport: [chan 0] Max packet out: 32768 bytes
DEB [20170605-18:14:05.836] thr=3   paramiko.transport: Secsh channel 0 opened.
DEB [20170605-18:14:05.847] thr=3   paramiko.transport: [chan 0] Sesch channel 0 request ok
DEB [20170605-18:14:05.853] thr=3   paramiko.transport: [chan 0] EOF received (0)
DEB [20170605-18:14:05.854] thr=2   paramiko.transport: [chan 1] Max packet in: 32768 bytes
DEB [20170605-18:14:05.855] thr=3   paramiko.transport: [chan 0] EOF sent (0)
DEB [20170605-18:14:05.868] thr=3   paramiko.transport: [chan 1] Max packet out: 32768 bytes
DEB [20170605-18:14:05.869] thr=3   paramiko.transport: Secsh channel 1 opened.
DEB [20170605-18:14:05.929] thr=3   paramiko.transport: [chan 1] Sesch channel 1 request ok
DEB [20170605-18:14:05.994] thr=3   paramiko.transport: [chan 1] EOF received (1)
DEB [20170605-18:14:05.994] thr=2   paramiko.transport: [chan 2] Max packet in: 32768 bytes
DEB [20170605-18:14:05.995] thr=3   paramiko.transport: [chan 1] EOF sent (1)
DEB [20170605-18:14:06.004] thr=3   paramiko.transport: [chan 2] Max packet out: 32768 bytes
DEB [20170605-18:14:06.004] thr=3   paramiko.transport: Secsh channel 2 opened.
DEB [20170605-18:14:06.062] thr=3   paramiko.transport: [chan 2] Sesch channel 2 request ok
DEB [20170605-18:14:06.084] thr=3   paramiko.transport: [chan 2] EOF received (2)
