2017-06-05 18:05:24 root         INFO     check config starting...
2017-06-05 18:05:24 paramiko.transport DEBUG    starting thread (client mode): 0xa63b0128
2017-06-05 18:05:24 paramiko.transport DEBUG    Local version/idstring: SSH-2.0-paramiko_2.1.2
2017-06-05 18:05:24 paramiko.transport DEBUG    Remote version/idstring: SSH-2.0-OpenSSH_5.3
2017-06-05 18:05:24 paramiko.transport INFO     Connected (version 2.0, client OpenSSH_5.3)
2017-06-05 18:05:24 paramiko.transport DEBUG    kex algos:['diffie-hellman-group-exchange-sha256', 'diffie-hellman-group-exchange-sha1', 'diffie-hellman-group14-sha1', 'diffie-hellman-group1-sha1'] server key:['ssh-rsa', 'ssh-dss'] client encrypt:['aes128-ctr', 'aes192-ctr', 'aes256-ctr', 'arcfour256', 'arcfour128', 'aes128-cbc', '3des-cbc', 'blowfish-cbc', 'cast128-cbc', 'aes192-cbc', 'aes256-cbc', 'arcfour', 'rijndael-cbc@lysator.liu.se'] server encrypt:['aes128-ctr', 'aes192-ctr', 'aes256-ctr', 'arcfour256', 'arcfour128', 'aes128-cbc', '3des-cbc', 'blowfish-cbc', 'cast128-cbc', 'aes192-cbc', 'aes256-cbc', 'arcfour', 'rijndael-cbc@lysator.liu.se'] client mac:['hmac-md5', 'hmac-sha1', 'umac-64@openssh.com', 'hmac-sha2-256', 'hmac-sha2-512', 'hmac-ripemd160', 'hmac-ripemd160@openssh.com', 'hmac-sha1-96', 'hmac-md5-96'] server mac:['hmac-md5', 'hmac-sha1', 'umac-64@openssh.com', 'hmac-sha2-256', 'hmac-sha2-512', 'hmac-ripemd160', 'hmac-ripemd160@openssh.com', 'hmac-sha1-96', 'hmac-md5-96'] client compress:['none', 'zlib@openssh.com'] server compress:['none', 'zlib@openssh.com'] client lang:[''] server lang:[''] kex follows?False
2017-06-05 18:05:24 paramiko.transport DEBUG    Kex agreed: diffie-hellman-group1-sha1
2017-06-05 18:05:24 paramiko.transport DEBUG    Cipher agreed: aes128-ctr
2017-06-05 18:05:24 paramiko.transport DEBUG    MAC agreed: hmac-sha2-256
2017-06-05 18:05:24 paramiko.transport DEBUG    Compression agreed: none
2017-06-05 18:05:25 paramiko.transport DEBUG    kex engine KexGroup1 specified hash_algo <built-in function openssl_sha1>
2017-06-05 18:05:25 paramiko.transport DEBUG    Switch to new keys ...
2017-06-05 18:05:25 paramiko.transport DEBUG    Adding ssh-rsa host key for 120.76.168.28: b'368f1d0922e7f78f9e4f3d54ea61d6e1'
2017-06-05 18:05:25 paramiko.transport DEBUG    userauth is OK
2017-06-05 18:05:25 paramiko.transport INFO     Authentication (password) successful!
2017-06-05 18:05:25 paramiko.transport DEBUG    EOF in transport thread
2017-06-05 18:05:25 root         INFO     check config successful!!
2017-06-05 18:05:25 paramiko.transport DEBUG    starting thread (client mode): 0xa9d225c0
2017-06-05 18:05:25 paramiko.transport DEBUG    Local version/idstring: SSH-2.0-paramiko_2.1.2
2017-06-05 18:05:25 paramiko.transport DEBUG    Remote version/idstring: SSH-2.0-OpenSSH_5.3
2017-06-05 18:05:25 paramiko.transport INFO     Connected (version 2.0, client OpenSSH_5.3)
2017-06-05 18:05:25 paramiko.transport DEBUG    kex algos:['diffie-hellman-group-exchange-sha256', 'diffie-hellman-group-exchange-sha1', 'diffie-hellman-group14-sha1', 'diffie-hellman-group1-sha1'] server key:['ssh-rsa', 'ssh-dss'] client encrypt:['aes128-ctr', 'aes192-ctr', 'aes256-ctr', 'arcfour256', 'arcfour128', 'aes128-cbc', '3des-cbc', 'blowfish-cbc', 'cast128-cbc', 'aes192-cbc', 'aes256-cbc', 'arcfour', 'rijndael-cbc@lysator.liu.se'] server encrypt:['aes128-ctr', 'aes192-ctr', 'aes256-ctr', 'arcfour256', 'arcfour128', 'aes128-cbc', '3des-cbc', 'blowfish-cbc', 'cast128-cbc', 'aes192-cbc', 'aes256-cbc', 'arcfour', 'rijndael-cbc@lysator.liu.se'] client mac:['hmac-md5', 'hmac-sha1', 'umac-64@openssh.com', 'hmac-sha2-256', 'hmac-sha2-512', 'hmac-ripemd160', 'hmac-ripemd160@openssh.com', 'hmac-sha1-96', 'hmac-md5-96'] server mac:['hmac-md5', 'hmac-sha1', 'umac-64@openssh.com', 'hmac-sha2-256', 'hmac-sha2-512', 'hmac-ripemd160', 'hmac-ripemd160@openssh.com', 'hmac-sha1-96', 'hmac-md5-96'] client compress:['none', 'zlib@openssh.com'] server compress:['none', 'zlib@openssh.com'] client lang:[''] server lang:[''] kex follows?False
2017-06-05 18:05:25 paramiko.transport DEBUG    Kex agreed: diffie-hellman-group1-sha1
2017-06-05 18:05:25 paramiko.transport DEBUG    Cipher agreed: aes128-ctr
2017-06-05 18:05:25 paramiko.transport DEBUG    MAC agreed: hmac-sha2-256
2017-06-05 18:05:25 paramiko.transport DEBUG    Compression agreed: none
2017-06-05 18:05:25 paramiko.transport DEBUG    kex engine KexGroup1 specified hash_algo <built-in function openssl_sha1>
2017-06-05 18:05:25 paramiko.transport DEBUG    Switch to new keys ...
2017-06-05 18:05:25 paramiko.transport DEBUG    Adding ssh-rsa host key for 120.76.168.28: b'368f1d0922e7f78f9e4f3d54ea61d6e1'
2017-06-05 18:05:25 paramiko.transport DEBUG    userauth is OK
2017-06-05 18:05:25 paramiko.transport INFO     Authentication (password) successful!
2017-06-05 18:05:25 root         INFO     running: source /root/.bash_profile && /bin/bash /home/tomcat-invoicing/bin/startup.sh
2017-06-05 18:05:25 paramiko.transport DEBUG    [chan 0] Max packet in: 32768 bytes
2017-06-05 18:05:25 paramiko.transport DEBUG    [chan 0] Max packet out: 32768 bytes
2017-06-05 18:05:25 paramiko.transport DEBUG    Secsh channel 0 opened.
2017-06-05 18:05:25 paramiko.transport DEBUG    [chan 0] Sesch channel 0 request ok
2017-06-05 18:05:25 paramiko.transport DEBUG    [chan 0] EOF received (0)
2017-06-05 18:05:25 root         INFO     command execute successful!
